<?xml version="1.0" encoding="UTF-8"?>
<testsuite xmlns:xsi="http://www.w3.org/2001/XMLSchema-instance" xsi:noNamespaceSchemaLocation="https://maven.apache.org/surefire/maven-failsafe-plugin/xsd/failsafe-test-report-3.0.xsd" version="3.0" name="starter.CucumberTestSuite" time="31.444" tests="8" errors="0" skipped="0" failures="0">
  <properties>
[...]
</properties>
  <testcase name="View cart that id number is 1" classname="Cart" time="16.468">
    <system-out><![CDATA[11:49:23.329 [main] DEBUG net.thucydides.core.guice.Injectors - Created injector for module net.thucydides.core.guice.ThucydidesModule
11:49:23.659 [main] DEBUG io.cucumber.core.plugin.SerenityReporter - Running feature from file:///C:/Users/Bunayya%20Zulfikar/Documents/GitHub/QE_Refano-Saputra/Code_Competence_2/src/test/resources/features/Cart.feature
11:49:23.864 [main] DEBUG net.thucydides.core.guice.Injectors - Created injector for module net.thucydides.core.guice.webdriver.WebDriverModule
11:49:23.885 [main] INFO  - 

-------------------------------------------------------------------------------------
     _______. _______ .______       _______ .__   __.  __  .___________.____    ____ 
    /       ||   ____||   _  \     |   ____||  \ |  | |  | |           |\   \  /   / 
   |   (----`|  |__   |  |_)  |    |  |__   |   \|  | |  | `---|  |----` \   \/   /  
    \   \    |   __|  |      /     |   __|  |  . `  | |  |     |  |       \_    _/   
.----)   |   |  |____ |  |\  \----.|  |____ |  |\   | |  |     |  |         |  |     
|_______/    |_______|| _| `._____||_______||__| \__| |__|     |__|         |__|    
                                                                                     
 News and tutorials at http://www.serenity-bdd.info                                  
 Documentation at https://wakaleo.gitbooks.io/the-serenity-book/content/             
 Join the Serenity Community on Gitter: https://gitter.im/serenity-bdd/serenity-core 
 Serenity BDD Support and Training at http://serenity-bdd.info/#/trainingandsupport  
-------------------------------------------------------------------------------------

11:49:23.888 [main] DEBUG net.thucydides.core.steps.StepEventBus - Test suite started for story net.thucydides.core.model.Story@db962328
11:49:23.892 [main] INFO  - Test Suite Started: Cart
11:49:23.911 [main] DEBUG io.cucumber.core.plugin.SerenityReporter - Running feature from file:///C:/Users/Bunayya%20Zulfikar/Documents/GitHub/QE_Refano-Saputra/Code_Competence_2/src/test/resources/features/Login.feature
11:49:23.919 [main] DEBUG net.thucydides.core.steps.StepEventBus - Test suite started for story net.thucydides.core.model.Story@23282f08
11:49:23.919 [main] INFO  - Test Suite Started: Login
11:49:23.920 [main] DEBUG io.cucumber.core.plugin.SerenityReporter - Running feature from file:///C:/Users/Bunayya%20Zulfikar/Documents/GitHub/QE_Refano-Saputra/Code_Competence_2/src/test/resources/features/Products.feature
11:49:23.926 [main] DEBUG net.thucydides.core.steps.StepEventBus - Test suite started for story net.thucydides.core.model.Story@31b157a8
11:49:23.927 [main] INFO  - Test Suite Started: Products
11:49:23.928 [main] DEBUG io.cucumber.core.plugin.SerenityReporter - Running feature from file:///C:/Users/Bunayya%20Zulfikar/Documents/GitHub/QE_Refano-Saputra/Code_Competence_2/src/test/resources/features/User.feature
11:49:23.933 [main] DEBUG net.thucydides.core.steps.StepEventBus - Test suite started for story net.thucydides.core.model.Story@4eea5d88
11:49:23.934 [main] INFO  - Test Suite Started: User
11:49:23.935 [main] DEBUG io.cucumber.core.plugin.SerenityReporter - Running feature from file:///C:/Users/Bunayya%20Zulfikar/Documents/GitHub/QE_Refano-Saputra/Code_Competence_2/src/test/resources/features/Cart.feature
11:49:23.939 [main] DEBUG net.thucydides.core.steps.StepEventBus - Test suite started for story net.thucydides.core.model.Story@db962328
11:49:23.940 [main] INFO  - Test Suite Started: Cart

Scenario: View cart that id number is 1                 &amp#27;[90m# src/test/resources/features/Cart.feature:6&amp#27;[0m
11:49:24.051 [main] DEBUG io.cucumber.core.plugin.SerenityReporter - Running feature from file:///C:/Users/Bunayya%20Zulfikar/Documents/GitHub/QE_Refano-Saputra/Code_Competence_2/src/test/resources/features/Cart.feature
11:49:24.194 [main] INFO  - 
  _____   ___   ___   _____     ___   _____     _     ___   _____   ___   ___  
 |_   _| | __| / __| |_   _|   / __| |_   _|   /_\   | _ \ |_   _| | __| |   \ 
   | |   | _|  \__ \   | |     \__ \   | |    / _ \  |   /   | |   | _|  | |) |
   |_|   |___| |___/   |_|     |___/   |_|   /_/ \_\ |_|_\   |_|   |___| |___/ 

View cart that id number is 1(cart;view-cart-that-id-number-is-1)
--------------------------------------------------------------------------------
11:49:24.257 [main] DEBUG net.thucydides.core.requirements.model.cucumber.CucumberParser - Loading feature C:\Users\Bunayya Zulfikar\Documents\GitHub\QE_Refano-Saputra\Code_Competence_2\src\test\resources\features\Cart.feature
11:49:24.274 [main] DEBUG net.thucydides.core.requirements.model.cucumber.CucumberParser - Loading feature C:\Users\Bunayya Zulfikar\Documents\GitHub\QE_Refano-Saputra\Code_Competence_2\src\test\resources\features\Login.feature
11:49:24.280 [main] DEBUG net.thucydides.core.requirements.model.cucumber.CucumberParser - Loading feature C:\Users\Bunayya Zulfikar\Documents\GitHub\QE_Refano-Saputra\Code_Competence_2\src\test\resources\features\Products.feature
11:49:24.287 [main] DEBUG net.thucydides.core.requirements.model.cucumber.CucumberParser - Loading feature C:\Users\Bunayya Zulfikar\Documents\GitHub\QE_Refano-Saputra\Code_Competence_2\src\test\resources\features\User.feature
11:49:24.729 [main] DEBUG net.thucydides.core.steps.StepInterceptor - STARTING STEP: getCartSteps.setGetApiEndpoints - I set GET cart api endpoints
11:49:24.731 [main] DEBUG net.thucydides.core.steps.StepInterceptor - STEP DONE: I set GET cart api endpoints
  &amp#27;[32mGiven &amp#27;[0m&amp#27;[32mI set GET cart api endpoints&amp#27;[0m                    &amp#27;[90m# starter.stepdefinitions.getCartSteps.setGetApiEndpoints()&amp#27;[0m
11:49:24.742 [main] DEBUG net.thucydides.core.steps.StepInterceptor - STARTING STEP: getCartSteps.setGetHttpRequest - I send a GET request to the cart API endpoint
11:49:26.888 [main] DEBUG net.thucydides.core.steps.StepInterceptor - STARTING STEP: getCart.setGetHttpRequest - I set GET cart api endpoints
11:49:26.888 [main] DEBUG net.thucydides.core.steps.StepInterceptor - STEP DONE: I set GET cart api endpoints
11:49:27.608 [main] DEBUG org.apache.http.impl.conn.BasicClientConnectionManager - Get connection for route {s}->https://fakestoreapi.com:443
11:49:38.710 [main] DEBUG org.apache.http.impl.conn.DefaultClientConnectionOperator - Connecting to fakestoreapi.com:443
11:49:38.933 [main] DEBUG org.apache.http.client.protocol.RequestAddCookies - CookieSpec selected: ignoreCookies
11:49:38.934 [main] DEBUG org.apache.http.client.protocol.RequestAuthCache - Auth cache not set in the context
11:49:38.935 [main] DEBUG org.apache.http.client.protocol.RequestTargetAuthentication - Target auth state: UNCHALLENGED
11:49:38.935 [main] DEBUG org.apache.http.client.protocol.RequestProxyAuthentication - Proxy auth state: UNCHALLENGED
11:49:38.935 [main] DEBUG org.apache.http.impl.client.DefaultHttpClient - Attempt 1 to execute request
11:49:38.935 [main] DEBUG org.apache.http.impl.conn.DefaultClientConnection - Sending request: GET /carts/1 HTTP/1.1
11:49:38.935 [main] DEBUG org.apache.http.wire -  >> "GET /carts/1 HTTP/1.1[\r][\n]"
11:49:38.936 [main] DEBUG org.apache.http.wire -  >> "Accept: */*[\r][\n]"
11:49:38.936 [main] DEBUG org.apache.http.wire -  >> "Host: fakestoreapi.com[\r][\n]"
11:49:38.936 [main] DEBUG org.apache.http.wire -  >> "Connection: Keep-Alive[\r][\n]"
11:49:38.936 [main] DEBUG org.apache.http.wire -  >> "User-Agent: Apache-HttpClient/4.5.13 (Java/19.0.2)[\r][\n]"
11:49:38.936 [main] DEBUG org.apache.http.wire -  >> "Accept-Encoding: gzip,deflate[\r][\n]"
11:49:38.936 [main] DEBUG org.apache.http.wire -  >> "[\r][\n]"
11:49:38.936 [main] DEBUG org.apache.http.headers - >> GET /carts/1 HTTP/1.1
11:49:38.936 [main] DEBUG org.apache.http.headers - >> Accept: */*
11:49:38.936 [main] DEBUG org.apache.http.headers - >> Host: fakestoreapi.com
11:49:38.936 [main] DEBUG org.apache.http.headers - >> Connection: Keep-Alive
11:49:38.936 [main] DEBUG org.apache.http.headers - >> User-Agent: Apache-HttpClient/4.5.13 (Java/19.0.2)
11:49:38.936 [main] DEBUG org.apache.http.headers - >> Accept-Encoding: gzip,deflate
11:49:39.778 [main] DEBUG org.apache.http.wire -  << "HTTP/1.1 200 OK[\r][\n]"
11:49:39.779 [main] DEBUG org.apache.http.wire -  << "Date: Sun, 16 Apr 2023 04:49:39 GMT[\r][\n]"
11:49:39.779 [main] DEBUG org.apache.http.wire -  << "Content-Type: application/json; charset=utf-8[\r][\n]"
11:49:39.779 [main] DEBUG org.apache.http.wire -  << "Transfer-Encoding: chunked[\r][\n]"
11:49:39.779 [main] DEBUG org.apache.http.wire -  << "Connection: keep-alive[\r][\n]"
11:49:39.779 [main] DEBUG org.apache.http.wire -  << "Access-Control-Allow-Origin: *[\r][\n]"
11:49:39.779 [main] DEBUG org.apache.http.wire -  << "Etag: W/"a1-wvAyaNKAHffOoZd5/I4wHuNFvSs"[\r][\n]"
11:49:39.779 [main] DEBUG org.apache.http.wire -  << "X-Powered-By: Express[\r][\n]"
11:49:39.779 [main] DEBUG org.apache.http.wire -  << "CF-Cache-Status: DYNAMIC[\r][\n]"
11:49:39.779 [main] DEBUG org.apache.http.wire -  << "Report-To: {"endpoints":[{"url":"https:\/\/a.nel.cloudflare.com\/report\/v3?s=Fpv95czKbRUH%2B2M8XjQXwKpB%2FSps7%2Bq%2FLHCOPT2xULi1j6Y3HYxhMpdhKiBSNT1HNZljj9c4J1tDUgJow4YpXmlHLeGake6kzt9rqDSPs88Y116drnuMoEtgTYaGKhIAV%2FG8"}],"group":"cf-nel","max_age":604800}[\r][\n]"
11:49:39.779 [main] DEBUG org.apache.http.wire -  << "NEL: {"success_fraction":0,"report_to":"cf-nel","max_age":604800}[\r][\n]"
11:49:39.779 [main] DEBUG org.apache.http.wire -  << "Server: cloudflare[\r][\n]"
11:49:39.779 [main] DEBUG org.apache.http.wire -  << "CF-RAY: 7b89cd85ca5191a1-SIN[\r][\n]"
11:49:39.779 [main] DEBUG org.apache.http.wire -  << "Content-Encoding: gzip[\r][\n]"
11:49:39.779 [main] DEBUG org.apache.http.wire -  << "alt-svc: h3=":443"; ma=86400, h3-29=":443"; ma=86400[\r][\n]"
11:49:39.779 [main] DEBUG org.apache.http.wire -  << "[\r][\n]"
11:49:39.780 [main] DEBUG org.apache.http.impl.conn.DefaultClientConnection - Receiving response: HTTP/1.1 200 OK
11:49:39.780 [main] DEBUG org.apache.http.headers - << HTTP/1.1 200 OK
11:49:39.780 [main] DEBUG org.apache.http.headers - << Date: Sun, 16 Apr 2023 04:49:39 GMT
11:49:39.780 [main] DEBUG org.apache.http.headers - << Content-Type: application/json; charset=utf-8
11:49:39.780 [main] DEBUG org.apache.http.headers - << Transfer-Encoding: chunked
11:49:39.780 [main] DEBUG org.apache.http.headers - << Connection: keep-alive
11:49:39.780 [main] DEBUG org.apache.http.headers - << Access-Control-Allow-Origin: *
11:49:39.780 [main] DEBUG org.apache.http.headers - << Etag: W/"a1-wvAyaNKAHffOoZd5/I4wHuNFvSs"
11:49:39.780 [main] DEBUG org.apache.http.headers - << X-Powered-By: Express
11:49:39.780 [main] DEBUG org.apache.http.headers - << CF-Cache-Status: DYNAMIC
11:49:39.780 [main] DEBUG org.apache.http.headers - << Report-To: {"endpoints":[{"url":"https:\/\/a.nel.cloudflare.com\/report\/v3?s=Fpv95czKbRUH%2B2M8XjQXwKpB%2FSps7%2Bq%2FLHCOPT2xULi1j6Y3HYxhMpdhKiBSNT1HNZljj9c4J1tDUgJow4YpXmlHLeGake6kzt9rqDSPs88Y116drnuMoEtgTYaGKhIAV%2FG8"}],"group":"cf-nel","max_age":604800}
11:49:39.780 [main] DEBUG org.apache.http.headers - << NEL: {"success_fraction":0,"report_to":"cf-nel","max_age":604800}
11:49:39.780 [main] DEBUG org.apache.http.headers - << Server: cloudflare
11:49:39.780 [main] DEBUG org.apache.http.headers - << CF-RAY: 7b89cd85ca5191a1-SIN
11:49:39.780 [main] DEBUG org.apache.http.headers - << Content-Encoding: gzip
11:49:39.780 [main] DEBUG org.apache.http.headers - << alt-svc: h3=":443"; ma=86400, h3-29=":443"; ma=86400
11:49:39.785 [main] DEBUG org.apache.http.impl.client.DefaultHttpClient - Connection can be kept alive indefinitely
11:49:39.789 [main] DEBUG io.restassured.internal.RestAssuredHttpBuilder - Parsing response as: application/json; charset=utf-8
11:49:39.790 [main] DEBUG org.apache.http.wire -  << "7c[\r][\n]"
11:49:39.790 [main] DEBUG org.apache.http.wire -  << "[0x1f][0x8b][0x8][0x0][0x0][0x0][0x0][0x0][0x0][0x3][0xaa]V[0xca]LQ[0xb2]2[0xd4]Q*-N-[0xf2][0x84]0S[0x12]KR[0x95][0xac][0x94][0x8c][0xc][0x8c][0xc]t[\r][0x8c]u[\r][0x8c]B[0xc][0xc][0xac][0xc0]H[0xcf][0xc0][0xc0] JIG[0xa9][0xa0](?[0xa5]4[0xb9][0xa4]X[0xc9]*[0xba][0x1a][0xc6][0x81]j.,M[0xcc]+[0xc9],[0xa9]T[0xb2]2[0xa9][0xd5]A[0x91]4B[0x96]4D[0x93]4F[0x96]4[0xab][0x8d][0xd5]Q[0x8a][0x8f]/S[0xb2]2[0xa8][0x5][0x0][0x0][0x0][0xff][0xff][0x3][0x0][0x8][0xed][0xd1][0xed][0xa1][0x0][0x0][0x0]"
11:49:39.790 [main] DEBUG org.apache.http.wire -  << "[\r][\n]"
11:49:39.790 [main] DEBUG org.apache.http.wire -  << "0[\r][\n]"
11:49:39.790 [main] DEBUG org.apache.http.wire -  << "[\r][\n]"
11:49:39.790 [main] DEBUG io.restassured.internal.RestAssuredHttpBuilder - Parsed data to instance of: class org.apache.http.conn.EofSensorInputStream
11:49:39.836 [main] DEBUG org.apache.http.impl.conn.BasicClientConnectionManager - Releasing connection org.apache.http.impl.conn.ManagedClientConnectionImpl@16949dfa
11:49:39.836 [main] DEBUG org.apache.http.impl.conn.BasicClientConnectionManager - Connection can be kept alive indefinitely
11:49:39.857 [main] DEBUG net.thucydides.core.steps.StepInterceptor - STEP DONE: I send a GET request to the cart API endpoint
  &amp#27;[32mWhen &amp#27;[0m&amp#27;[32mI send a GET request to the cart API endpoint&amp#27;[0m    &amp#27;[90m# starter.stepdefinitions.getCartSteps.setGetHttpRequest()&amp#27;[0m
11:49:39.860 [main] DEBUG net.thucydides.core.steps.StepInterceptor - STARTING STEP: getCartSteps.receiveValidHttp200 - I receive valid HTTP response code 200
11:49:39.884 [main] DEBUG net.thucydides.core.steps.StepInterceptor - STEP DONE: I receive valid HTTP response code 200
  &amp#27;[32mThen &amp#27;[0m&amp#27;[32mI should receive a response with status code 200&amp#27;[0m &amp#27;[90m# starter.stepdefinitions.getCartSteps.receiveValidHttp200()&amp#27;[0m
11:49:39.887 [main] DEBUG net.thucydides.core.steps.StepInterceptor - STARTING STEP: getCartSteps.receiveValidDataForDetailCart - I receive valid data of the cart
11:49:40.404 [main] DEBUG net.thucydides.core.steps.StepInterceptor - STEP DONE: I receive valid data of the cart
  &amp#27;[32mAnd &amp#27;[0m&amp#27;[32mI receive valid data of the cart&amp#27;[0m                  &amp#27;[90m# starter.stepdefinitions.getCartSteps.receiveValidDataForDetailCart()&amp#27;[0m
11:49:40.408 [main] INFO  - 
  _____   ___   ___   _____     ___     _     ___   ___   ___   ___  
 |_   _| | __| / __| |_   _|   | _ \   /_\   / __| / __| | __| |   \ 
   | |   | _|  \__ \   | |     |  _/  / _ \  \__ \ \__ \ | _|  | |) |
   |_|   |___| |___/   |_|     |_|   /_/ \_\ |___/ |___/ |___| |___/ 

View cart that id number is 1
----------------------------------------------------------------------
]]></system-out>
  </testcase>
  <testcase name="View cart with invalid API endpoint" classname="Cart" time="1.017">
    <system-out><![CDATA[
Scenario: View cart with invalid API endpoint               &amp#27;[90m# src/test/resources/features/Cart.feature:12&amp#27;[0m
11:49:40.423 [main] DEBUG io.cucumber.core.plugin.SerenityReporter - Running feature from file:///C:/Users/Bunayya%20Zulfikar/Documents/GitHub/QE_Refano-Saputra/Code_Competence_2/src/test/resources/features/Cart.feature
11:49:40.427 [main] INFO  - 
  _____   ___   ___   _____     ___   _____     _     ___   _____   ___   ___  
 |_   _| | __| / __| |_   _|   / __| |_   _|   /_\   | _ \ |_   _| | __| |   \ 
   | |   | _|  \__ \   | |     \__ \   | |    / _ \  |   /   | |   | _|  | |) |
   |_|   |___| |___/   |_|     |___/   |_|   /_/ \_\ |_|_\   |_|   |___| |___/ 

View cart with invalid API endpoint(cart;view-cart-with-invalid-api-endpoint)
--------------------------------------------------------------------------------
11:49:40.440 [main] DEBUG net.thucydides.core.steps.StepInterceptor - STARTING STEP: getCartSteps.setInvaliApiEndpoints - I set invalid GET cart api endpoints
11:49:40.440 [main] DEBUG net.thucydides.core.steps.StepInterceptor - STEP DONE: I set invalid GET cart api endpoints
  &amp#27;[32mGiven &amp#27;[0m&amp#27;[32mI set invalid GET cart api endpoints&amp#27;[0m                &amp#27;[90m# starter.stepdefinitions.getCartSteps.setInvaliApiEndpoints()&amp#27;[0m
11:49:40.445 [main] DEBUG net.thucydides.core.steps.StepInterceptor - STARTING STEP: getCartSteps.setInvalidGetCartHttpRequest - I send a GET cart request to an invalid API endpoint
11:49:40.447 [main] DEBUG net.thucydides.core.steps.StepInterceptor - STARTING STEP: getCart.setInvalidGetCartHttpRequest - I set invalid GET cart api endpoints
11:49:40.447 [main] DEBUG net.thucydides.core.steps.StepInterceptor - STEP DONE: I set invalid GET cart api endpoints
11:49:40.459 [main] DEBUG org.apache.http.impl.conn.BasicClientConnectionManager - Get connection for route {s}->https://fakestoreapi.com:443
11:49:40.459 [main] DEBUG org.apache.http.impl.conn.DefaultClientConnectionOperator - Connecting to fakestoreapi.com:443
11:49:40.536 [main] DEBUG org.apache.http.client.protocol.RequestAddCookies - CookieSpec selected: ignoreCookies
11:49:40.536 [main] DEBUG org.apache.http.client.protocol.RequestAuthCache - Auth cache not set in the context
11:49:40.536 [main] DEBUG org.apache.http.client.protocol.RequestTargetAuthentication - Target auth state: UNCHALLENGED
11:49:40.536 [main] DEBUG org.apache.http.client.protocol.RequestProxyAuthentication - Proxy auth state: UNCHALLENGED
11:49:40.536 [main] DEBUG org.apache.http.impl.client.DefaultHttpClient - Attempt 1 to execute request
11:49:40.537 [main] DEBUG org.apache.http.impl.conn.DefaultClientConnection - Sending request: GET /carts/8 HTTP/1.1
11:49:40.537 [main] DEBUG org.apache.http.wire -  >> "GET /carts/8 HTTP/1.1[\r][\n]"
11:49:40.537 [main] DEBUG org.apache.http.wire -  >> "Accept: */*[\r][\n]"
11:49:40.537 [main] DEBUG org.apache.http.wire -  >> "Host: fakestoreapi.com[\r][\n]"
11:49:40.537 [main] DEBUG org.apache.http.wire -  >> "Connection: Keep-Alive[\r][\n]"
11:49:40.537 [main] DEBUG org.apache.http.wire -  >> "User-Agent: Apache-HttpClient/4.5.13 (Java/19.0.2)[\r][\n]"
11:49:40.537 [main] DEBUG org.apache.http.wire -  >> "Accept-Encoding: gzip,deflate[\r][\n]"
11:49:40.537 [main] DEBUG org.apache.http.wire -  >> "[\r][\n]"
11:49:40.537 [main] DEBUG org.apache.http.headers - >> GET /carts/8 HTTP/1.1
11:49:40.537 [main] DEBUG org.apache.http.headers - >> Accept: */*
11:49:40.537 [main] DEBUG org.apache.http.headers - >> Host: fakestoreapi.com
11:49:40.537 [main] DEBUG org.apache.http.headers - >> Connection: Keep-Alive
11:49:40.537 [main] DEBUG org.apache.http.headers - >> User-Agent: Apache-HttpClient/4.5.13 (Java/19.0.2)
11:49:40.537 [main] DEBUG org.apache.http.headers - >> Accept-Encoding: gzip,deflate
11:49:41.394 [main] DEBUG org.apache.http.wire -  << "HTTP/1.1 200 OK[\r][\n]"
11:49:41.394 [main] DEBUG org.apache.http.wire -  << "Date: Sun, 16 Apr 2023 04:49:40 GMT[\r][\n]"
11:49:41.394 [main] DEBUG org.apache.http.wire -  << "Content-Type: application/json; charset=utf-8[\r][\n]"
11:49:41.394 [main] DEBUG org.apache.http.wire -  << "Content-Length: 4[\r][\n]"
11:49:41.394 [main] DEBUG org.apache.http.wire -  << "Connection: keep-alive[\r][\n]"
11:49:41.394 [main] DEBUG org.apache.http.wire -  << "Access-Control-Allow-Origin: *[\r][\n]"
11:49:41.394 [main] DEBUG org.apache.http.wire -  << "Etag: W/"4-K+iMpCQsduglOsYkdIUQZQMtaDM"[\r][\n]"
11:49:41.395 [main] DEBUG org.apache.http.wire -  << "X-Powered-By: Express[\r][\n]"
11:49:41.395 [main] DEBUG org.apache.http.wire -  << "CF-Cache-Status: DYNAMIC[\r][\n]"
11:49:41.395 [main] DEBUG org.apache.http.wire -  << "Report-To: {"endpoints":[{"url":"https:\/\/a.nel.cloudflare.com\/report\/v3?s=yk43LxKcvmCA%2BRseqoChVvgtMvZ5LsL87y2ganHCAY6d6lUOvoaKLttCpUG5K4Ydj%2BV3cYRKj7fcA95LKUutyLt0Om%2BEf84Ovry5uuHTorWIGJ1JPF17EtRV9gHwaJfkWg3%2B"}],"group":"cf-nel","max_age":604800}[\r][\n]"
11:49:41.395 [main] DEBUG org.apache.http.wire -  << "NEL: {"success_fraction":0,"report_to":"cf-nel","max_age":604800}[\r][\n]"
11:49:41.395 [main] DEBUG org.apache.http.wire -  << "Server: cloudflare[\r][\n]"
11:49:41.395 [main] DEBUG org.apache.http.wire -  << "CF-RAY: 7b89cd8fcc7f893c-SIN[\r][\n]"
11:49:41.395 [main] DEBUG org.apache.http.wire -  << "alt-svc: h3=":443"; ma=86400, h3-29=":443"; ma=86400[\r][\n]"
11:49:41.395 [main] DEBUG org.apache.http.wire -  << "[\r][\n]"
11:49:41.395 [main] DEBUG org.apache.http.impl.conn.DefaultClientConnection - Receiving response: HTTP/1.1 200 OK
11:49:41.395 [main] DEBUG org.apache.http.headers - << HTTP/1.1 200 OK
11:49:41.395 [main] DEBUG org.apache.http.headers - << Date: Sun, 16 Apr 2023 04:49:40 GMT
11:49:41.395 [main] DEBUG org.apache.http.headers - << Content-Type: application/json; charset=utf-8
11:49:41.395 [main] DEBUG org.apache.http.headers - << Content-Length: 4
11:49:41.395 [main] DEBUG org.apache.http.headers - << Connection: keep-alive
11:49:41.395 [main] DEBUG org.apache.http.headers - << Access-Control-Allow-Origin: *
11:49:41.395 [main] DEBUG org.apache.http.headers - << Etag: W/"4-K+iMpCQsduglOsYkdIUQZQMtaDM"
11:49:41.395 [main] DEBUG org.apache.http.headers - << X-Powered-By: Express
11:49:41.395 [main] DEBUG org.apache.http.headers - << CF-Cache-Status: DYNAMIC
11:49:41.395 [main] DEBUG org.apache.http.headers - << Report-To: {"endpoints":[{"url":"https:\/\/a.nel.cloudflare.com\/report\/v3?s=yk43LxKcvmCA%2BRseqoChVvgtMvZ5LsL87y2ganHCAY6d6lUOvoaKLttCpUG5K4Ydj%2BV3cYRKj7fcA95LKUutyLt0Om%2BEf84Ovry5uuHTorWIGJ1JPF17EtRV9gHwaJfkWg3%2B"}],"group":"cf-nel","max_age":604800}
11:49:41.395 [main] DEBUG org.apache.http.headers - << NEL: {"success_fraction":0,"report_to":"cf-nel","max_age":604800}
11:49:41.395 [main] DEBUG org.apache.http.headers - << Server: cloudflare
11:49:41.395 [main] DEBUG org.apache.http.headers - << CF-RAY: 7b89cd8fcc7f893c-SIN
11:49:41.395 [main] DEBUG org.apache.http.headers - << alt-svc: h3=":443"; ma=86400, h3-29=":443"; ma=86400
11:49:41.395 [main] DEBUG org.apache.http.impl.client.DefaultHttpClient - Connection can be kept alive indefinitely
11:49:41.395 [main] DEBUG io.restassured.internal.RestAssuredHttpBuilder - Parsing response as: application/json; charset=utf-8
11:49:41.395 [main] DEBUG io.restassured.internal.RestAssuredHttpBuilder - Parsed data to instance of: class org.apache.http.conn.EofSensorInputStream
11:49:41.397 [main] DEBUG org.apache.http.wire -  << "null"
11:49:41.397 [main] DEBUG org.apache.http.impl.conn.BasicClientConnectionManager - Releasing connection org.apache.http.impl.conn.ManagedClientConnectionImpl@163fbbc9
11:49:41.397 [main] DEBUG org.apache.http.impl.conn.BasicClientConnectionManager - Connection can be kept alive indefinitely
11:49:41.398 [main] DEBUG net.thucydides.core.steps.StepInterceptor - STEP DONE: I send a GET cart request to an invalid API endpoint
  &amp#27;[32mWhen &amp#27;[0m&amp#27;[32mI send a GET cart request to an invalid API endpoint&amp#27;[0m &amp#27;[90m# starter.stepdefinitions.getCartSteps.setInvalidGetCartHttpRequest()&amp#27;[0m
11:49:41.411 [main] DEBUG net.thucydides.core.steps.StepInterceptor - STARTING STEP: LoginSteps.receiveValidHttp200 - I receive valid HTTP response code 200
11:49:41.412 [main] DEBUG net.thucydides.core.steps.StepInterceptor - STEP DONE: I receive valid HTTP response code 200
  &amp#27;[32mThen &amp#27;[0m&amp#27;[32mI receive valid HTTP response code 200&amp#27;[0m               &amp#27;[90m# starter.stepdefinitions.LoginSteps.receiveValidHttp200()&amp#27;[0m
11:49:41.426 [main] DEBUG net.thucydides.core.steps.StepInterceptor - STARTING STEP: getProductSteps.receiveNothing - I receive empty content
11:49:41.428 [main] DEBUG net.thucydides.core.steps.StepInterceptor - STEP DONE: I receive empty content
  &amp#27;[32mAnd &amp#27;[0m&amp#27;[32mI receive empty content&amp#27;[0m                               &amp#27;[90m# starter.stepdefinitions.getProductSteps.receiveNothing()&amp#27;[0m
11:49:41.429 [main] INFO  - 
  _____   ___   ___   _____     ___     _     ___   ___   ___   ___  
 |_   _| | __| / __| |_   _|   | _ \   /_\   / __| / __| | __| |   \ 
   | |   | _|  \__ \   | |     |  _/  / _ \  \__ \ \__ \ | _|  | |) |
   |_|   |___| |___/   |_|     |_|   /_/ \_\ |___/ |___/ |___| |___/ 

View cart with invalid API endpoint
----------------------------------------------------------------------
]]></system-out>
  </testcase>
  <testcase name="Successful login with valid credentials" classname="Login" time="0.662">
    <system-out><![CDATA[11:49:41.432 [main] DEBUG io.cucumber.core.plugin.SerenityReporter - Running feature from file:///C:/Users/Bunayya%20Zulfikar/Documents/GitHub/QE_Refano-Saputra/Code_Competence_2/src/test/resources/features/Login.feature
11:49:41.435 [main] DEBUG net.thucydides.core.steps.StepEventBus - Test suite started for story net.thucydides.core.model.Story@23282f08
11:49:41.436 [main] INFO  - Test Suite Started: Login

Scenario: Successful login with valid credentials &amp#27;[90m# src/test/resources/features/Login.feature:6&amp#27;[0m
11:49:41.444 [main] DEBUG io.cucumber.core.plugin.SerenityReporter - Running feature from file:///C:/Users/Bunayya%20Zulfikar/Documents/GitHub/QE_Refano-Saputra/Code_Competence_2/src/test/resources/features/Login.feature
11:49:41.448 [main] INFO  - 
  _____   ___   ___   _____     ___   _____     _     ___   _____   ___   ___  
 |_   _| | __| / __| |_   _|   / __| |_   _|   /_\   | _ \ |_   _| | __| |   \ 
   | |   | _|  \__ \   | |     \__ \   | |    / _ \  |   /   | |   | _|  | |) |
   |_|   |___| |___/   |_|     |___/   |_|   /_/ \_\ |_|_\   |_|   |___| |___/ 

Successful login with valid credentials(login;successful-login-with-valid-credentials)
--------------------------------------------------------------------------------
11:49:41.461 [main] DEBUG net.thucydides.core.steps.StepInterceptor - STARTING STEP: LoginSteps.setPostApiEndpoints - I set valid POST api endpoints
11:49:41.461 [main] DEBUG net.thucydides.core.steps.StepInterceptor - STEP DONE: I set valid POST api endpoints
  &amp#27;[32mGiven &amp#27;[0m&amp#27;[32mI set valid POST api endpoints&amp#27;[0m            &amp#27;[90m# starter.stepdefinitions.LoginSteps.setPostApiEndpoints()&amp#27;[0m
11:49:41.466 [main] DEBUG net.thucydides.core.steps.StepInterceptor - STARTING STEP: LoginSteps.sendPostHttpRequest - I send POST HTTP request
11:49:41.474 [main] DEBUG net.thucydides.core.steps.StepInterceptor - STARTING STEP: Login.sendPostHttpRequest - I set valid POST api endpoints
11:49:41.475 [main] DEBUG net.thucydides.core.steps.StepInterceptor - STEP DONE: I set valid POST api endpoints
11:49:41.498 [main] DEBUG org.apache.http.impl.conn.BasicClientConnectionManager - Get connection for route {s}->https://fakestoreapi.com:443
11:49:41.498 [main] DEBUG org.apache.http.impl.conn.DefaultClientConnectionOperator - Connecting to fakestoreapi.com:443
11:49:41.568 [main] DEBUG org.apache.http.client.protocol.RequestAddCookies - CookieSpec selected: ignoreCookies
11:49:41.568 [main] DEBUG org.apache.http.client.protocol.RequestAuthCache - Auth cache not set in the context
11:49:41.568 [main] DEBUG org.apache.http.client.protocol.RequestTargetAuthentication - Target auth state: UNCHALLENGED
11:49:41.568 [main] DEBUG org.apache.http.client.protocol.RequestProxyAuthentication - Proxy auth state: UNCHALLENGED
11:49:41.568 [main] DEBUG org.apache.http.impl.client.DefaultHttpClient - Attempt 1 to execute request
11:49:41.568 [main] DEBUG org.apache.http.impl.conn.DefaultClientConnection - Sending request: POST /auth/login HTTP/1.1
11:49:41.568 [main] DEBUG org.apache.http.wire -  >> "POST /auth/login HTTP/1.1[\r][\n]"
11:49:41.568 [main] DEBUG org.apache.http.wire -  >> "Accept: */*[\r][\n]"
11:49:41.568 [main] DEBUG org.apache.http.wire -  >> "Content-Type: application/json[\r][\n]"
11:49:41.568 [main] DEBUG org.apache.http.wire -  >> "Content-Length: 43[\r][\n]"
11:49:41.568 [main] DEBUG org.apache.http.wire -  >> "Host: fakestoreapi.com[\r][\n]"
11:49:41.568 [main] DEBUG org.apache.http.wire -  >> "Connection: Keep-Alive[\r][\n]"
11:49:41.568 [main] DEBUG org.apache.http.wire -  >> "User-Agent: Apache-HttpClient/4.5.13 (Java/19.0.2)[\r][\n]"
11:49:41.568 [main] DEBUG org.apache.http.wire -  >> "Accept-Encoding: gzip,deflate[\r][\n]"
11:49:41.568 [main] DEBUG org.apache.http.wire -  >> "[\r][\n]"
11:49:41.568 [main] DEBUG org.apache.http.headers - >> POST /auth/login HTTP/1.1
11:49:41.568 [main] DEBUG org.apache.http.headers - >> Accept: */*
11:49:41.569 [main] DEBUG org.apache.http.headers - >> Content-Type: application/json
11:49:41.569 [main] DEBUG org.apache.http.headers - >> Content-Length: 43
11:49:41.569 [main] DEBUG org.apache.http.headers - >> Host: fakestoreapi.com
11:49:41.569 [main] DEBUG org.apache.http.headers - >> Connection: Keep-Alive
11:49:41.569 [main] DEBUG org.apache.http.headers - >> User-Agent: Apache-HttpClient/4.5.13 (Java/19.0.2)
11:49:41.569 [main] DEBUG org.apache.http.headers - >> Accept-Encoding: gzip,deflate
11:49:41.569 [main] DEBUG org.apache.http.wire -  >> "{"password":"83r5^_","username":"mor_2314"}"
11:49:42.091 [main] DEBUG org.apache.http.wire -  << "HTTP/1.1 200 OK[\r][\n]"
11:49:42.091 [main] DEBUG org.apache.http.wire -  << "Date: Sun, 16 Apr 2023 04:49:41 GMT[\r][\n]"
11:49:42.091 [main] DEBUG org.apache.http.wire -  << "Content-Type: application/json; charset=utf-8[\r][\n]"
11:49:42.091 [main] DEBUG org.apache.http.wire -  << "Transfer-Encoding: chunked[\r][\n]"
11:49:42.091 [main] DEBUG org.apache.http.wire -  << "Connection: keep-alive[\r][\n]"
11:49:42.091 [main] DEBUG org.apache.http.wire -  << "Access-Control-Allow-Origin: *[\r][\n]"
11:49:42.091 [main] DEBUG org.apache.http.wire -  << "Etag: W/"98-fuTmjl7vU+Ju3xklh3WRaZNFiCg"[\r][\n]"
11:49:42.091 [main] DEBUG org.apache.http.wire -  << "X-Powered-By: Express[\r][\n]"
11:49:42.091 [main] DEBUG org.apache.http.wire -  << "CF-Cache-Status: DYNAMIC[\r][\n]"
11:49:42.091 [main] DEBUG org.apache.http.wire -  << "Report-To: {"endpoints":[{"url":"https:\/\/a.nel.cloudflare.com\/report\/v3?s=UwTDs75G%2B9PYiGZHigq8VVk8C959rJK03Cc2%2B2J9qP%2Boqe4cUFyhRi02%2BuN5Rd5xc0lxkoR6xtnR%2BaG7%2FzFVv1XJyNYwGr1pkGLc77z1pTxXJlM5x%2B2JC6RhAKGBPTxd0msU"}],"group":"cf-nel","max_age":604800}[\r][\n]"
11:49:42.091 [main] DEBUG org.apache.http.wire -  << "NEL: {"success_fraction":0,"report_to":"cf-nel","max_age":604800}[\r][\n]"
11:49:42.091 [main] DEBUG org.apache.http.wire -  << "Server: cloudflare[\r][\n]"
11:49:42.091 [main] DEBUG org.apache.http.wire -  << "CF-RAY: 7b89cd96384a3fca-SIN[\r][\n]"
11:49:42.091 [main] DEBUG org.apache.http.wire -  << "Content-Encoding: gzip[\r][\n]"
11:49:42.091 [main] DEBUG org.apache.http.wire -  << "alt-svc: h3=":443"; ma=86400, h3-29=":443"; ma=86400[\r][\n]"
11:49:42.091 [main] DEBUG org.apache.http.wire -  << "[\r][\n]"
11:49:42.092 [main] DEBUG org.apache.http.impl.conn.DefaultClientConnection - Receiving response: HTTP/1.1 200 OK
11:49:42.092 [main] DEBUG org.apache.http.headers - << HTTP/1.1 200 OK
11:49:42.092 [main] DEBUG org.apache.http.headers - << Date: Sun, 16 Apr 2023 04:49:41 GMT
11:49:42.092 [main] DEBUG org.apache.http.headers - << Content-Type: application/json; charset=utf-8
11:49:42.092 [main] DEBUG org.apache.http.headers - << Transfer-Encoding: chunked
11:49:42.092 [main] DEBUG org.apache.http.headers - << Connection: keep-alive
11:49:42.092 [main] DEBUG org.apache.http.headers - << Access-Control-Allow-Origin: *
11:49:42.092 [main] DEBUG org.apache.http.headers - << Etag: W/"98-fuTmjl7vU+Ju3xklh3WRaZNFiCg"
11:49:42.092 [main] DEBUG org.apache.http.headers - << X-Powered-By: Express
11:49:42.092 [main] DEBUG org.apache.http.headers - << CF-Cache-Status: DYNAMIC
11:49:42.092 [main] DEBUG org.apache.http.headers - << Report-To: {"endpoints":[{"url":"https:\/\/a.nel.cloudflare.com\/report\/v3?s=UwTDs75G%2B9PYiGZHigq8VVk8C959rJK03Cc2%2B2J9qP%2Boqe4cUFyhRi02%2BuN5Rd5xc0lxkoR6xtnR%2BaG7%2FzFVv1XJyNYwGr1pkGLc77z1pTxXJlM5x%2B2JC6RhAKGBPTxd0msU"}],"group":"cf-nel","max_age":604800}
11:49:42.092 [main] DEBUG org.apache.http.headers - << NEL: {"success_fraction":0,"report_to":"cf-nel","max_age":604800}
11:49:42.092 [main] DEBUG org.apache.http.headers - << Server: cloudflare
11:49:42.092 [main] DEBUG org.apache.http.headers - << CF-RAY: 7b89cd96384a3fca-SIN
11:49:42.092 [main] DEBUG org.apache.http.headers - << Content-Encoding: gzip
11:49:42.092 [main] DEBUG org.apache.http.headers - << alt-svc: h3=":443"; ma=86400, h3-29=":443"; ma=86400
11:49:42.092 [main] DEBUG org.apache.http.impl.client.DefaultHttpClient - Connection can be kept alive indefinitely
11:49:42.092 [main] DEBUG io.restassured.internal.RestAssuredHttpBuilder - Parsing response as: application/json; charset=utf-8
11:49:42.092 [main] DEBUG org.apache.http.wire -  << "a8[\r][\n]"
11:49:42.092 [main] DEBUG org.apache.http.wire -  << "[0x1f][0x8b][0x8][0x0][0x0][0x0][0x0][0x0][0x0][0x3][0x14][0xcb][0xd1][\n]"
11:49:42.092 [main] DEBUG org.apache.http.wire -  << "[0x82]0[0x14][0x0][0xd0][0xd9][0x7]H[0xa2]I[0xf6]f[0xcb][0xea].[0xa6]T:[0xa7]o[0xa9][0x13]7MG[\n]"
11:49:42.092 [main] DEBUG org.apache.http.wire -  << "[0xa9][0xd1][0xbf][0x87][0xcf][0x87][0xf3]Ec[0xdf][0x88][0xe][0xed][0x91][0x98]I[0x9d][0x9f][0xb][0x19]J[0x2][0xf1][0x2]f a[0x80][0xee][0xbe]-08[0xd0]h[0xce]0q[\r]1[0x93][0xa5]L@[0x86]jE[0xb6]d[0x1c][0xd6]0[0xe6][0x16][0xa9][0xa8][0xa2]S[0x80]a[0x80]W[[0x97][0x18][0x1c][0x1a][0xa5]6[0x8d][0xd2][0x99][0x1e]c[0x9b][0xf2][0x8d][0xe1][0x8a]V[0xab][0xaa]W[0x85][0xb2]j[0xe6]E[0x99]}[0xfa][0x87]S[0xc7][0x95][0x8d][0x89]6u[0xd6][0xb0][0xc7]4y[0x97][0xcf][0xee]}C[0xbf]?[0x0][0x0][0x0][0xff][0xff][0x3][0x0][0x81]e[0xce][0x9c][0x98][0x0][0x0][0x0]"
11:49:42.092 [main] DEBUG org.apache.http.wire -  << "[\r][\n]"
11:49:42.092 [main] DEBUG org.apache.http.wire -  << "0[\r][\n]"
11:49:42.092 [main] DEBUG org.apache.http.wire -  << "[\r][\n]"
11:49:42.092 [main] DEBUG io.restassured.internal.RestAssuredHttpBuilder - Parsed data to instance of: class org.apache.http.conn.EofSensorInputStream
11:49:42.094 [main] DEBUG org.apache.http.impl.conn.BasicClientConnectionManager - Releasing connection org.apache.http.impl.conn.ManagedClientConnectionImpl@3e89f5bc
11:49:42.094 [main] DEBUG org.apache.http.impl.conn.BasicClientConnectionManager - Connection can be kept alive indefinitely
11:49:42.094 [main] DEBUG net.thucydides.core.steps.StepInterceptor - STEP DONE: I send POST HTTP request
  &amp#27;[32mWhen &amp#27;[0m&amp#27;[32mI send POST HTTP request&amp#27;[0m                   &amp#27;[90m# starter.stepdefinitions.LoginSteps.sendPostHttpRequest()&amp#27;[0m
11:49:42.097 [main] DEBUG net.thucydides.core.steps.StepInterceptor - STARTING STEP: LoginSteps.receiveValidHttp200 - I receive valid HTTP response code 200
11:49:42.097 [main] DEBUG net.thucydides.core.steps.StepInterceptor - STEP DONE: I receive valid HTTP response code 200
  &amp#27;[32mThen &amp#27;[0m&amp#27;[32mI receive valid HTTP response code 200&amp#27;[0m     &amp#27;[90m# starter.stepdefinitions.LoginSteps.receiveValidHttp200()&amp#27;[0m
11:49:42.099 [main] INFO  - 
  _____   ___   ___   _____     ___     _     ___   ___   ___   ___  
 |_   _| | __| / __| |_   _|   | _ \   /_\   / __| / __| | __| |   \ 
   | |   | _|  \__ \   | |     |  _/  / _ \  \__ \ \__ \ | _|  | |) |
   |_|   |___| |___/   |_|     |_|   /_/ \_\ |___/ |___/ |___| |___/ 

Successful login with valid credentials
----------------------------------------------------------------------
]]></system-out>
  </testcase>
  <testcase name="Failed to login with invalid credentials" classname="Login" time="1.085">
    <system-out><![CDATA[
Scenario: Failed to login with invalid credentials &amp#27;[90m# src/test/resources/features/Login.feature:11&amp#27;[0m
11:49:42.105 [main] DEBUG io.cucumber.core.plugin.SerenityReporter - Running feature from file:///C:/Users/Bunayya%20Zulfikar/Documents/GitHub/QE_Refano-Saputra/Code_Competence_2/src/test/resources/features/Login.feature
11:49:42.108 [main] INFO  - 
  _____   ___   ___   _____     ___   _____     _     ___   _____   ___   ___  
 |_   _| | __| / __| |_   _|   / __| |_   _|   /_\   | _ \ |_   _| | __| |   \ 
   | |   | _|  \__ \   | |     \__ \   | |    / _ \  |   /   | |   | _|  | |) |
   |_|   |___| |___/   |_|     |___/   |_|   /_/ \_\ |_|_\   |_|   |___| |___/ 

Failed to login with invalid credentials(login;failed-to-login-with-invalid-credentials)
--------------------------------------------------------------------------------
11:49:42.121 [main] DEBUG net.thucydides.core.steps.StepInterceptor - STARTING STEP: LoginSteps.setPostApiEndpoints - I set valid POST api endpoints
11:49:42.122 [main] DEBUG net.thucydides.core.steps.StepInterceptor - STEP DONE: I set valid POST api endpoints
  &amp#27;[32mGiven &amp#27;[0m&amp#27;[32mI set valid POST api endpoints&amp#27;[0m             &amp#27;[90m# starter.stepdefinitions.LoginSteps.setPostApiEndpoints()&amp#27;[0m
11:49:42.126 [main] DEBUG net.thucydides.core.steps.StepInterceptor - STARTING STEP: LoginSteps.sendInvalidPostHttpRequest - I send invalid password POST HTTP request
11:49:42.127 [main] DEBUG net.thucydides.core.steps.StepInterceptor - STARTING STEP: Login.sendInvalidPostHttpRequest - I set valid POST api endpoints
11:49:42.127 [main] DEBUG net.thucydides.core.steps.StepInterceptor - STEP DONE: I set valid POST api endpoints
11:49:42.147 [main] DEBUG org.apache.http.impl.conn.BasicClientConnectionManager - Get connection for route {s}->https://fakestoreapi.com:443
11:49:42.147 [main] DEBUG org.apache.http.impl.conn.DefaultClientConnectionOperator - Connecting to fakestoreapi.com:443
11:49:42.214 [main] DEBUG org.apache.http.client.protocol.RequestAddCookies - CookieSpec selected: ignoreCookies
11:49:42.214 [main] DEBUG org.apache.http.client.protocol.RequestAuthCache - Auth cache not set in the context
11:49:42.214 [main] DEBUG org.apache.http.client.protocol.RequestTargetAuthentication - Target auth state: UNCHALLENGED
11:49:42.214 [main] DEBUG org.apache.http.client.protocol.RequestProxyAuthentication - Proxy auth state: UNCHALLENGED
11:49:42.214 [main] DEBUG org.apache.http.impl.client.DefaultHttpClient - Attempt 1 to execute request
11:49:42.214 [main] DEBUG org.apache.http.impl.conn.DefaultClientConnection - Sending request: POST /auth/login HTTP/1.1
11:49:42.215 [main] DEBUG org.apache.http.wire -  >> "POST /auth/login HTTP/1.1[\r][\n]"
11:49:42.215 [main] DEBUG org.apache.http.wire -  >> "Accept: */*[\r][\n]"
11:49:42.215 [main] DEBUG org.apache.http.wire -  >> "Content-Type: application/json[\r][\n]"
11:49:42.215 [main] DEBUG org.apache.http.wire -  >> "Content-Length: 42[\r][\n]"
11:49:42.215 [main] DEBUG org.apache.http.wire -  >> "Host: fakestoreapi.com[\r][\n]"
11:49:42.215 [main] DEBUG org.apache.http.wire -  >> "Connection: Keep-Alive[\r][\n]"
11:49:42.215 [main] DEBUG org.apache.http.wire -  >> "User-Agent: Apache-HttpClient/4.5.13 (Java/19.0.2)[\r][\n]"
11:49:42.215 [main] DEBUG org.apache.http.wire -  >> "Accept-Encoding: gzip,deflate[\r][\n]"
11:49:42.215 [main] DEBUG org.apache.http.wire -  >> "[\r][\n]"
11:49:42.215 [main] DEBUG org.apache.http.headers - >> POST /auth/login HTTP/1.1
11:49:42.215 [main] DEBUG org.apache.http.headers - >> Accept: */*
11:49:42.215 [main] DEBUG org.apache.http.headers - >> Content-Type: application/json
11:49:42.215 [main] DEBUG org.apache.http.headers - >> Content-Length: 42
11:49:42.215 [main] DEBUG org.apache.http.headers - >> Host: fakestoreapi.com
11:49:42.215 [main] DEBUG org.apache.http.headers - >> Connection: Keep-Alive
11:49:42.215 [main] DEBUG org.apache.http.headers - >> User-Agent: Apache-HttpClient/4.5.13 (Java/19.0.2)
11:49:42.215 [main] DEBUG org.apache.http.headers - >> Accept-Encoding: gzip,deflate
11:49:42.215 [main] DEBUG org.apache.http.wire -  >> "{"password":"83r5^","username":"mor_2314"}"
11:49:43.064 [main] DEBUG org.apache.http.wire -  << "HTTP/1.1 401 Unauthorized[\r][\n]"
11:49:43.064 [main] DEBUG org.apache.http.wire -  << "Date: Sun, 16 Apr 2023 04:49:42 GMT[\r][\n]"
11:49:43.064 [main] DEBUG org.apache.http.wire -  << "Content-Type: text/html; charset=utf-8[\r][\n]"
11:49:43.064 [main] DEBUG org.apache.http.wire -  << "Transfer-Encoding: chunked[\r][\n]"
11:49:43.064 [main] DEBUG org.apache.http.wire -  << "Connection: keep-alive[\r][\n]"
11:49:43.064 [main] DEBUG org.apache.http.wire -  << "Access-Control-Allow-Origin: *[\r][\n]"
11:49:43.064 [main] DEBUG org.apache.http.wire -  << "X-Powered-By: Express[\r][\n]"
11:49:43.064 [main] DEBUG org.apache.http.wire -  << "CF-Cache-Status: DYNAMIC[\r][\n]"
11:49:43.064 [main] DEBUG org.apache.http.wire -  << "Report-To: {"endpoints":[{"url":"https:\/\/a.nel.cloudflare.com\/report\/v3?s=k%2FT67aYY5VXF%2Fqrgo1vkb%2FW9nj3C4DaCWpacyv7JoOeTLerXrfbB8Lxx3EHDAsPIFaW92VUP%2Fm3Na9tgZoplwvBmxN2bQZjGlS6pJW7Zxg45q8gndqNl%2BlbzQxjBQqP72P67"}],"group":"cf-nel","max_age":604800}[\r][\n]"
11:49:43.064 [main] DEBUG org.apache.http.wire -  << "NEL: {"success_fraction":0,"report_to":"cf-nel","max_age":604800}[\r][\n]"
11:49:43.064 [main] DEBUG org.apache.http.wire -  << "Server: cloudflare[\r][\n]"
11:49:43.064 [main] DEBUG org.apache.http.wire -  << "CF-RAY: 7b89cd9a4e649f95-SIN[\r][\n]"
11:49:43.064 [main] DEBUG org.apache.http.wire -  << "alt-svc: h3=":443"; ma=86400, h3-29=":443"; ma=86400[\r][\n]"
11:49:43.064 [main] DEBUG org.apache.http.wire -  << "[\r][\n]"
11:49:43.064 [main] DEBUG org.apache.http.impl.conn.DefaultClientConnection - Receiving response: HTTP/1.1 401 Unauthorized
11:49:43.064 [main] DEBUG org.apache.http.headers - << HTTP/1.1 401 Unauthorized
11:49:43.064 [main] DEBUG org.apache.http.headers - << Date: Sun, 16 Apr 2023 04:49:42 GMT
11:49:43.064 [main] DEBUG org.apache.http.headers - << Content-Type: text/html; charset=utf-8
11:49:43.064 [main] DEBUG org.apache.http.headers - << Transfer-Encoding: chunked
11:49:43.064 [main] DEBUG org.apache.http.headers - << Connection: keep-alive
11:49:43.064 [main] DEBUG org.apache.http.headers - << Access-Control-Allow-Origin: *
11:49:43.064 [main] DEBUG org.apache.http.headers - << X-Powered-By: Express
11:49:43.064 [main] DEBUG org.apache.http.headers - << CF-Cache-Status: DYNAMIC
11:49:43.064 [main] DEBUG org.apache.http.headers - << Report-To: {"endpoints":[{"url":"https:\/\/a.nel.cloudflare.com\/report\/v3?s=k%2FT67aYY5VXF%2Fqrgo1vkb%2FW9nj3C4DaCWpacyv7JoOeTLerXrfbB8Lxx3EHDAsPIFaW92VUP%2Fm3Na9tgZoplwvBmxN2bQZjGlS6pJW7Zxg45q8gndqNl%2BlbzQxjBQqP72P67"}],"group":"cf-nel","max_age":604800}
11:49:43.064 [main] DEBUG org.apache.http.headers - << NEL: {"success_fraction":0,"report_to":"cf-nel","max_age":604800}
11:49:43.064 [main] DEBUG org.apache.http.headers - << Server: cloudflare
11:49:43.064 [main] DEBUG org.apache.http.headers - << CF-RAY: 7b89cd9a4e649f95-SIN
11:49:43.065 [main] DEBUG org.apache.http.headers - << alt-svc: h3=":443"; ma=86400, h3-29=":443"; ma=86400
11:49:43.065 [main] DEBUG org.apache.http.impl.client.DefaultHttpClient - Connection can be kept alive indefinitely
11:49:43.065 [main] DEBUG org.apache.http.impl.client.DefaultHttpClient - Authentication required
11:49:43.065 [main] DEBUG org.apache.http.impl.client.DefaultHttpClient - fakestoreapi.com:443 requested authentication
11:49:43.065 [main] DEBUG org.apache.http.impl.client.DefaultHttpClient - Response contains no authentication challenges
11:49:43.065 [main] DEBUG io.restassured.internal.RestAssuredHttpBuilder - Parsing response as: text/html; charset=utf-8
11:49:43.065 [main] DEBUG io.restassured.internal.RestAssuredHttpBuilder - Parsed data to instance of: class org.apache.http.conn.EofSensorInputStream
11:49:43.066 [main] DEBUG org.apache.http.wire -  << "21[\r][\n]"
11:49:43.066 [main] DEBUG org.apache.http.wire -  << "username or password is incorrect"
11:49:43.066 [main] DEBUG org.apache.http.wire -  << "[\r][\n]"
11:49:43.066 [main] DEBUG org.apache.http.wire -  << "0[\r][\n]"
11:49:43.066 [main] DEBUG org.apache.http.wire -  << "[\r][\n]"
11:49:43.066 [main] DEBUG org.apache.http.impl.conn.BasicClientConnectionManager - Releasing connection org.apache.http.impl.conn.ManagedClientConnectionImpl@4c3fcbe7
11:49:43.066 [main] DEBUG org.apache.http.impl.conn.BasicClientConnectionManager - Connection can be kept alive indefinitely
11:49:43.179 [main] DEBUG net.thucydides.core.steps.StepInterceptor - STEP DONE: I send invalid password POST HTTP request
  &amp#27;[32mWhen &amp#27;[0m&amp#27;[32mI send invalid password POST HTTP request&amp#27;[0m   &amp#27;[90m# starter.stepdefinitions.LoginSteps.sendInvalidPostHttpRequest()&amp#27;[0m
11:49:43.181 [main] DEBUG net.thucydides.core.steps.StepInterceptor - STARTING STEP: LoginSteps.validateHttpResponseCode401 - I receive invalid HTTP response code 401
11:49:43.182 [main] DEBUG net.thucydides.core.steps.StepInterceptor - STEP DONE: I receive invalid HTTP response code 401
  &amp#27;[32mThen &amp#27;[0m&amp#27;[32mI receive invalid HTTP response code 401&amp#27;[0m    &amp#27;[90m# starter.stepdefinitions.LoginSteps.validateHttpResponseCode401()&amp#27;[0m
11:49:43.184 [main] INFO  - 
  _____   ___   ___   _____     ___     _     ___   ___   ___   ___  
 |_   _| | __| / __| |_   _|   | _ \   /_\   / __| / __| | __| |   \ 
   | |   | _|  \__ \   | |     |  _/  / _ \  \__ \ \__ \ | _|  | |) |
   |_|   |___| |___/   |_|     |_|   /_/ \_\ |___/ |___/ |___| |___/ 

Failed to login with invalid credentials
----------------------------------------------------------------------
]]></system-out>
  </testcase>
  <testcase name="View product that id number is 1" classname="Products" time="0.82">
    <system-out><![CDATA[11:49:43.185 [main] DEBUG io.cucumber.core.plugin.SerenityReporter - Running feature from file:///C:/Users/Bunayya%20Zulfikar/Documents/GitHub/QE_Refano-Saputra/Code_Competence_2/src/test/resources/features/Products.feature
11:49:43.187 [main] DEBUG net.thucydides.core.steps.StepEventBus - Test suite started for story net.thucydides.core.model.Story@31b157a8
11:49:43.188 [main] INFO  - Test Suite Started: Products

Scenario: View product that id number is 1               &amp#27;[90m# src/test/resources/features/Products.feature:6&amp#27;[0m
11:49:43.193 [main] DEBUG io.cucumber.core.plugin.SerenityReporter - Running feature from file:///C:/Users/Bunayya%20Zulfikar/Documents/GitHub/QE_Refano-Saputra/Code_Competence_2/src/test/resources/features/Products.feature
11:49:43.196 [main] INFO  - 
  _____   ___   ___   _____     ___   _____     _     ___   _____   ___   ___  
 |_   _| | __| / __| |_   _|   / __| |_   _|   /_\   | _ \ |_   _| | __| |   \ 
   | |   | _|  \__ \   | |     \__ \   | |    / _ \  |   /   | |   | _|  | |) |
   |_|   |___| |___/   |_|     |___/   |_|   /_/ \_\ |_|_\   |_|   |___| |___/ 

View product that id number is 1(products;view-product-that-id-number-is-1)
--------------------------------------------------------------------------------
11:49:43.209 [main] DEBUG net.thucydides.core.steps.StepInterceptor - STARTING STEP: getProductSteps.setGetApiEndpoints - I set GET products api endpoints
11:49:43.209 [main] DEBUG net.thucydides.core.steps.StepInterceptor - STEP DONE: I set GET products api endpoints
  &amp#27;[32mGiven &amp#27;[0m&amp#27;[32mI set GET products api endpoints&amp#27;[0m                 &amp#27;[90m# starter.stepdefinitions.getProductSteps.setGetApiEndpoints()&amp#27;[0m
11:49:43.215 [main] DEBUG net.thucydides.core.steps.StepInterceptor - STARTING STEP: getProductSteps.setGetHttpRequest - I send a GET request to the products API endpoint
11:49:43.217 [main] DEBUG net.thucydides.core.steps.StepInterceptor - STARTING STEP: getProduct.setGetHttpRequest - I set GET products api endpoints
11:49:43.218 [main] DEBUG net.thucydides.core.steps.StepInterceptor - STEP DONE: I set GET products api endpoints
11:49:43.227 [main] DEBUG org.apache.http.impl.conn.BasicClientConnectionManager - Get connection for route {s}->https://fakestoreapi.com:443
11:49:43.227 [main] DEBUG org.apache.http.impl.conn.DefaultClientConnectionOperator - Connecting to fakestoreapi.com:443
11:49:43.295 [main] DEBUG org.apache.http.client.protocol.RequestAddCookies - CookieSpec selected: ignoreCookies
11:49:43.295 [main] DEBUG org.apache.http.client.protocol.RequestAuthCache - Auth cache not set in the context
11:49:43.295 [main] DEBUG org.apache.http.client.protocol.RequestTargetAuthentication - Target auth state: UNCHALLENGED
11:49:43.295 [main] DEBUG org.apache.http.client.protocol.RequestProxyAuthentication - Proxy auth state: UNCHALLENGED
11:49:43.295 [main] DEBUG org.apache.http.impl.client.DefaultHttpClient - Attempt 1 to execute request
11:49:43.295 [main] DEBUG org.apache.http.impl.conn.DefaultClientConnection - Sending request: GET /products/1 HTTP/1.1
11:49:43.295 [main] DEBUG org.apache.http.wire -  >> "GET /products/1 HTTP/1.1[\r][\n]"
11:49:43.295 [main] DEBUG org.apache.http.wire -  >> "Accept: */*[\r][\n]"
11:49:43.295 [main] DEBUG org.apache.http.wire -  >> "Host: fakestoreapi.com[\r][\n]"
11:49:43.295 [main] DEBUG org.apache.http.wire -  >> "Connection: Keep-Alive[\r][\n]"
11:49:43.295 [main] DEBUG org.apache.http.wire -  >> "User-Agent: Apache-HttpClient/4.5.13 (Java/19.0.2)[\r][\n]"
11:49:43.295 [main] DEBUG org.apache.http.wire -  >> "Accept-Encoding: gzip,deflate[\r][\n]"
11:49:43.295 [main] DEBUG org.apache.http.wire -  >> "[\r][\n]"
11:49:43.295 [main] DEBUG org.apache.http.headers - >> GET /products/1 HTTP/1.1
11:49:43.295 [main] DEBUG org.apache.http.headers - >> Accept: */*
11:49:43.295 [main] DEBUG org.apache.http.headers - >> Host: fakestoreapi.com
11:49:43.295 [main] DEBUG org.apache.http.headers - >> Connection: Keep-Alive
11:49:43.295 [main] DEBUG org.apache.http.headers - >> User-Agent: Apache-HttpClient/4.5.13 (Java/19.0.2)
11:49:43.295 [main] DEBUG org.apache.http.headers - >> Accept-Encoding: gzip,deflate
11:49:43.943 [main] DEBUG org.apache.http.wire -  << "HTTP/1.1 200 OK[\r][\n]"
11:49:43.944 [main] DEBUG org.apache.http.wire -  << "Date: Sun, 16 Apr 2023 04:49:43 GMT[\r][\n]"
11:49:43.944 [main] DEBUG org.apache.http.wire -  << "Content-Type: application/json; charset=utf-8[\r][\n]"
11:49:43.944 [main] DEBUG org.apache.http.wire -  << "Transfer-Encoding: chunked[\r][\n]"
11:49:43.944 [main] DEBUG org.apache.http.wire -  << "Connection: keep-alive[\r][\n]"
11:49:43.944 [main] DEBUG org.apache.http.wire -  << "Access-Control-Allow-Origin: *[\r][\n]"
11:49:43.944 [main] DEBUG org.apache.http.wire -  << "Etag: W/"16c-MMdrqY6N0sTiefLdsgtBej9eunY"[\r][\n]"
11:49:43.944 [main] DEBUG org.apache.http.wire -  << "X-Powered-By: Express[\r][\n]"
11:49:43.944 [main] DEBUG org.apache.http.wire -  << "CF-Cache-Status: DYNAMIC[\r][\n]"
11:49:43.944 [main] DEBUG org.apache.http.wire -  << "Report-To: {"endpoints":[{"url":"https:\/\/a.nel.cloudflare.com\/report\/v3?s=m5pIWQDeqqKOaZiALPa96WmbfTivvh3kUkJe4uRsZM%2BnfphxxtQhXQszzQgYQJNYdpWOZwhepUWFW5G3aw%2BebKcPWmDdlm1bqQhyc4xRGCYouhIBnlzeVpl1H%2BzdXX1T6Z9%2B"}],"group":"cf-nel","max_age":604800}[\r][\n]"
11:49:43.944 [main] DEBUG org.apache.http.wire -  << "NEL: {"success_fraction":0,"report_to":"cf-nel","max_age":604800}[\r][\n]"
11:49:43.944 [main] DEBUG org.apache.http.wire -  << "Server: cloudflare[\r][\n]"
11:49:43.944 [main] DEBUG org.apache.http.wire -  << "CF-RAY: 7b89cda108cc9f74-SIN[\r][\n]"
11:49:43.944 [main] DEBUG org.apache.http.wire -  << "Content-Encoding: gzip[\r][\n]"
11:49:43.944 [main] DEBUG org.apache.http.wire -  << "alt-svc: h3=":443"; ma=86400, h3-29=":443"; ma=86400[\r][\n]"
11:49:43.944 [main] DEBUG org.apache.http.wire -  << "[\r][\n]"
11:49:43.944 [main] DEBUG org.apache.http.impl.conn.DefaultClientConnection - Receiving response: HTTP/1.1 200 OK
11:49:43.944 [main] DEBUG org.apache.http.headers - << HTTP/1.1 200 OK
11:49:43.944 [main] DEBUG org.apache.http.headers - << Date: Sun, 16 Apr 2023 04:49:43 GMT
11:49:43.944 [main] DEBUG org.apache.http.headers - << Content-Type: application/json; charset=utf-8
11:49:43.944 [main] DEBUG org.apache.http.headers - << Transfer-Encoding: chunked
11:49:43.944 [main] DEBUG org.apache.http.headers - << Connection: keep-alive
11:49:43.944 [main] DEBUG org.apache.http.headers - << Access-Control-Allow-Origin: *
11:49:43.944 [main] DEBUG org.apache.http.headers - << Etag: W/"16c-MMdrqY6N0sTiefLdsgtBej9eunY"
11:49:43.944 [main] DEBUG org.apache.http.headers - << X-Powered-By: Express
11:49:43.944 [main] DEBUG org.apache.http.headers - << CF-Cache-Status: DYNAMIC
11:49:43.944 [main] DEBUG org.apache.http.headers - << Report-To: {"endpoints":[{"url":"https:\/\/a.nel.cloudflare.com\/report\/v3?s=m5pIWQDeqqKOaZiALPa96WmbfTivvh3kUkJe4uRsZM%2BnfphxxtQhXQszzQgYQJNYdpWOZwhepUWFW5G3aw%2BebKcPWmDdlm1bqQhyc4xRGCYouhIBnlzeVpl1H%2BzdXX1T6Z9%2B"}],"group":"cf-nel","max_age":604800}
11:49:43.944 [main] DEBUG org.apache.http.headers - << NEL: {"success_fraction":0,"report_to":"cf-nel","max_age":604800}
11:49:43.944 [main] DEBUG org.apache.http.headers - << Server: cloudflare
11:49:43.944 [main] DEBUG org.apache.http.headers - << CF-RAY: 7b89cda108cc9f74-SIN
11:49:43.944 [main] DEBUG org.apache.http.headers - << Content-Encoding: gzip
11:49:43.944 [main] DEBUG org.apache.http.headers - << alt-svc: h3=":443"; ma=86400, h3-29=":443"; ma=86400
11:49:43.944 [main] DEBUG org.apache.http.impl.client.DefaultHttpClient - Connection can be kept alive indefinitely
11:49:43.944 [main] DEBUG io.restassured.internal.RestAssuredHttpBuilder - Parsing response as: application/json; charset=utf-8
11:49:43.944 [main] DEBUG org.apache.http.wire -  << "124[\r][\n]"
11:49:43.944 [main] DEBUG org.apache.http.wire -  << "[0x1f][0x8b][0x8][0x0][0x0][0x0][0x0][0x0][0x0][0x3]4[0x8f]Mk[0xc3]0[0x10]D[0xff][0xca][0xb2][0x97][0xb6][0xa0][0xf8]#%[0xd0][0xe8][0x96][0x16]ri([0x85][0x9c]r[\n]"
11:49:43.945 [main] DEBUG org.apache.http.wire -  << "BZ[0xdb][0x8a]eIH[0xeb][0x14][0x13][0xf2][0xdf][0x8b]Zr[0x9b][0xc3][0xcc]{[0xcc][\r][0xad]A[0xd9][\n]"
11:49:43.945 [main] DEBUG org.apache.http.wire -  << "d[0xcb][0x8e]P[0xe2][0xfe][0xa2][0x9c]K[0xea]J[0x1e]V[0xb0][0xf][0xce]d[0xa5]G[0xf8][\n]"
11:49:43.945 [main] DEBUG org.apache.http.wire -  << "[0x15][0xb4][0xf0][0xae][0xf4][0x18][0x95][0x1e][0x5][0xec]-gh7pP[0x91]C[0xcc](0&[0xab][0x9]e[0xdb]l[0xab][0xed]F[0xa0][0xa1][0xac][0x93][0x8d]l[0x83]G[0x89][0xa7]0'[0x88][0x94]:[0xd2][0xc][0x85][0x0]]H@WJ[0x8b]Q[0xb][0xcc][0x99]@y[0x3]?[0xca][0x8d][0x19][0xac][0x7][0x1e][0xa8]4(s[0x5]GVy[0x80][0xa5][0x10][0xdc][0x9f][\r][0x9e][0xe7][0x8][0x1c][0x8a][0xde]z=P~yL[0xa2]2[0x86][0xc]dGt%[0xf1][0xbf]yHP[0xa0]VL}H[0xb]J[0x9c][0xc8]?e[0xd0].[0xf0]`}[0x8f][0x2][0xed][0xa4][0xfa]r`[0x8e]Y[0xd6]u[0xa7]F[0xca][0x1c][0x12][0xa9]h+[0x1d][0xa6][0xda]N}[0xfd][0xd6]v[0xdf][0x9f]f[0xb5][0xde][0x9d][0xe][0xd5]y[0xf7]q>[0x1e][0xda]M[0xd3][0x9c][0xab]K,[0x88][0xa4][0xb8][0xb0][0xe4][0xad]$B[0xf9]Zm[0x5][0xea]0{F[0xd9][0xae][0x9b][0xfb][0xfd][0x17][0x0][0x0][0xff][0xff][0x3][0x0]hW[0xe2][0x13]l[0x1][0x0][0x0]"
11:49:43.945 [main] DEBUG org.apache.http.wire -  << "[\r][\n]"
11:49:43.945 [main] DEBUG org.apache.http.wire -  << "0[\r][\n]"
11:49:43.945 [main] DEBUG org.apache.http.wire -  << "[\r][\n]"
11:49:43.945 [main] DEBUG io.restassured.internal.RestAssuredHttpBuilder - Parsed data to instance of: class org.apache.http.conn.EofSensorInputStream
11:49:43.946 [main] DEBUG org.apache.http.impl.conn.BasicClientConnectionManager - Releasing connection org.apache.http.impl.conn.ManagedClientConnectionImpl@21579b35
11:49:43.946 [main] DEBUG org.apache.http.impl.conn.BasicClientConnectionManager - Connection can be kept alive indefinitely
11:49:43.947 [main] DEBUG net.thucydides.core.steps.StepInterceptor - STEP DONE: I send a GET request to the products API endpoint
  &amp#27;[32mWhen &amp#27;[0m&amp#27;[32mI send a GET request to the products API endpoint&amp#27;[0m &amp#27;[90m# starter.stepdefinitions.getProductSteps.setGetHttpRequest()&amp#27;[0m
11:49:43.955 [main] DEBUG net.thucydides.core.steps.StepInterceptor - STARTING STEP: LoginSteps.receiveValidHttp200 - I receive valid HTTP response code 200
11:49:43.956 [main] DEBUG net.thucydides.core.steps.StepInterceptor - STEP DONE: I receive valid HTTP response code 200
  &amp#27;[32mThen &amp#27;[0m&amp#27;[32mI receive valid HTTP response code 200&amp#27;[0m            &amp#27;[90m# starter.stepdefinitions.LoginSteps.receiveValidHttp200()&amp#27;[0m
11:49:43.959 [main] DEBUG net.thucydides.core.steps.StepInterceptor - STARTING STEP: getProductSteps.receiveValidDataForDetailPost - I receive valid data of the post
11:49:44.005 [main] DEBUG net.thucydides.core.steps.StepInterceptor - STEP DONE: I receive valid data of the post
  &amp#27;[32mAnd &amp#27;[0m&amp#27;[32mI receive valid data of the post&amp#27;[0m                   &amp#27;[90m# starter.stepdefinitions.getProductSteps.receiveValidDataForDetailPost()&amp#27;[0m
11:49:44.008 [main] INFO  - 
  _____   ___   ___   _____     ___     _     ___   ___   ___   ___  
 |_   _| | __| / __| |_   _|   | _ \   /_\   / __| / __| | __| |   \ 
   | |   | _|  \__ \   | |     |  _/  / _ \  \__ \ \__ \ | _|  | |) |
   |_|   |___| |___/   |_|     |_|   /_/ \_\ |___/ |___/ |___| |___/ 

View product that id number is 1
----------------------------------------------------------------------
]]></system-out>
  </testcase>
  <testcase name="View products with invalid API endpoint" classname="Products" time="0.819">
    <system-out><![CDATA[
Scenario: View products with invalid API endpoint      &amp#27;[90m# src/test/resources/features/Products.feature:12&amp#27;[0m
11:49:44.015 [main] DEBUG io.cucumber.core.plugin.SerenityReporter - Running feature from file:///C:/Users/Bunayya%20Zulfikar/Documents/GitHub/QE_Refano-Saputra/Code_Competence_2/src/test/resources/features/Products.feature
11:49:44.019 [main] INFO  - 
  _____   ___   ___   _____     ___   _____     _     ___   _____   ___   ___  
 |_   _| | __| / __| |_   _|   / __| |_   _|   /_\   | _ \ |_   _| | __| |   \ 
   | |   | _|  \__ \   | |     \__ \   | |    / _ \  |   /   | |   | _|  | |) |
   |_|   |___| |___/   |_|     |___/   |_|   /_/ \_\ |_|_\   |_|   |___| |___/ 

View products with invalid API endpoint(products;view-products-with-invalid-api-endpoint)
--------------------------------------------------------------------------------
11:49:44.035 [main] DEBUG net.thucydides.core.steps.StepInterceptor - STARTING STEP: getProductSteps.setInvaliApiEndpoints - I set invalid GET products api endpoints
11:49:44.035 [main] DEBUG net.thucydides.core.steps.StepInterceptor - STEP DONE: I set invalid GET products api endpoints
  &amp#27;[32mGiven &amp#27;[0m&amp#27;[32mI set invalid GET products api endpoints&amp#27;[0m       &amp#27;[90m# starter.stepdefinitions.getProductSteps.setInvaliApiEndpoints()&amp#27;[0m
11:49:44.039 [main] DEBUG net.thucydides.core.steps.StepInterceptor - STARTING STEP: getProductSteps.setInvalidGetHttpRequest - I send a GET request to an invalid API endpoint
11:49:44.041 [main] DEBUG net.thucydides.core.steps.StepInterceptor - STARTING STEP: getProduct.setInvalidGetHttpRequest - I set invalid GET products api endpoints
11:49:44.041 [main] DEBUG net.thucydides.core.steps.StepInterceptor - STEP DONE: I set invalid GET products api endpoints
11:49:44.054 [main] DEBUG org.apache.http.impl.conn.BasicClientConnectionManager - Get connection for route {s}->https://fakestoreapi.com:443
11:49:44.054 [main] DEBUG org.apache.http.impl.conn.DefaultClientConnectionOperator - Connecting to fakestoreapi.com:443
11:49:44.145 [main] DEBUG org.apache.http.client.protocol.RequestAddCookies - CookieSpec selected: ignoreCookies
11:49:44.145 [main] DEBUG org.apache.http.client.protocol.RequestAuthCache - Auth cache not set in the context
11:49:44.145 [main] DEBUG org.apache.http.client.protocol.RequestTargetAuthentication - Target auth state: UNCHALLENGED
11:49:44.145 [main] DEBUG org.apache.http.client.protocol.RequestProxyAuthentication - Proxy auth state: UNCHALLENGED
11:49:44.145 [main] DEBUG org.apache.http.impl.client.DefaultHttpClient - Attempt 1 to execute request
11:49:44.145 [main] DEBUG org.apache.http.impl.conn.DefaultClientConnection - Sending request: GET /products/21 HTTP/1.1
11:49:44.145 [main] DEBUG org.apache.http.wire -  >> "GET /products/21 HTTP/1.1[\r][\n]"
11:49:44.145 [main] DEBUG org.apache.http.wire -  >> "Accept: */*[\r][\n]"
11:49:44.145 [main] DEBUG org.apache.http.wire -  >> "Host: fakestoreapi.com[\r][\n]"
11:49:44.145 [main] DEBUG org.apache.http.wire -  >> "Connection: Keep-Alive[\r][\n]"
11:49:44.145 [main] DEBUG org.apache.http.wire -  >> "User-Agent: Apache-HttpClient/4.5.13 (Java/19.0.2)[\r][\n]"
11:49:44.145 [main] DEBUG org.apache.http.wire -  >> "Accept-Encoding: gzip,deflate[\r][\n]"
11:49:44.145 [main] DEBUG org.apache.http.wire -  >> "[\r][\n]"
11:49:44.145 [main] DEBUG org.apache.http.headers - >> GET /products/21 HTTP/1.1
11:49:44.145 [main] DEBUG org.apache.http.headers - >> Accept: */*
11:49:44.145 [main] DEBUG org.apache.http.headers - >> Host: fakestoreapi.com
11:49:44.145 [main] DEBUG org.apache.http.headers - >> Connection: Keep-Alive
11:49:44.145 [main] DEBUG org.apache.http.headers - >> User-Agent: Apache-HttpClient/4.5.13 (Java/19.0.2)
11:49:44.145 [main] DEBUG org.apache.http.headers - >> Accept-Encoding: gzip,deflate
11:49:44.811 [main] DEBUG org.apache.http.wire -  << "HTTP/1.1 200 OK[\r][\n]"
11:49:44.811 [main] DEBUG org.apache.http.wire -  << "Date: Sun, 16 Apr 2023 04:49:44 GMT[\r][\n]"
11:49:44.811 [main] DEBUG org.apache.http.wire -  << "Content-Type: application/json; charset=utf-8[\r][\n]"
11:49:44.811 [main] DEBUG org.apache.http.wire -  << "Content-Length: 0[\r][\n]"
11:49:44.811 [main] DEBUG org.apache.http.wire -  << "Connection: keep-alive[\r][\n]"
11:49:44.811 [main] DEBUG org.apache.http.wire -  << "Access-Control-Allow-Origin: *[\r][\n]"
11:49:44.811 [main] DEBUG org.apache.http.wire -  << "X-Powered-By: Express[\r][\n]"
11:49:44.811 [main] DEBUG org.apache.http.wire -  << "CF-Cache-Status: DYNAMIC[\r][\n]"
11:49:44.811 [main] DEBUG org.apache.http.wire -  << "Report-To: {"endpoints":[{"url":"https:\/\/a.nel.cloudflare.com\/report\/v3?s=5aupcUGj8Z9jmL3fJH1fB5OwZm%2BvLMxelOBjQjFrtgdk%2Fq29ZEMbP5GAz1cMfdU7Alh8FMd6MMCJNOMX8IZz52GhHv3kYzWT9HNd7NIsaDT8qjPJMkxV5G8NgpjKtC8G%2BVFt"}],"group":"cf-nel","max_age":604800}[\r][\n]"
11:49:44.811 [main] DEBUG org.apache.http.wire -  << "NEL: {"success_fraction":0,"report_to":"cf-nel","max_age":604800}[\r][\n]"
11:49:44.811 [main] DEBUG org.apache.http.wire -  << "Server: cloudflare[\r][\n]"
11:49:44.811 [main] DEBUG org.apache.http.wire -  << "CF-RAY: 7b89cda65cb16bd6-SIN[\r][\n]"
11:49:44.811 [main] DEBUG org.apache.http.wire -  << "alt-svc: h3=":443"; ma=86400, h3-29=":443"; ma=86400[\r][\n]"
11:49:44.811 [main] DEBUG org.apache.http.wire -  << "[\r][\n]"
11:49:44.812 [main] DEBUG org.apache.http.impl.conn.DefaultClientConnection - Receiving response: HTTP/1.1 200 OK
11:49:44.812 [main] DEBUG org.apache.http.headers - << HTTP/1.1 200 OK
11:49:44.812 [main] DEBUG org.apache.http.headers - << Date: Sun, 16 Apr 2023 04:49:44 GMT
11:49:44.812 [main] DEBUG org.apache.http.headers - << Content-Type: application/json; charset=utf-8
11:49:44.812 [main] DEBUG org.apache.http.headers - << Content-Length: 0
11:49:44.812 [main] DEBUG org.apache.http.headers - << Connection: keep-alive
11:49:44.812 [main] DEBUG org.apache.http.headers - << Access-Control-Allow-Origin: *
11:49:44.812 [main] DEBUG org.apache.http.headers - << X-Powered-By: Express
11:49:44.812 [main] DEBUG org.apache.http.headers - << CF-Cache-Status: DYNAMIC
11:49:44.812 [main] DEBUG org.apache.http.headers - << Report-To: {"endpoints":[{"url":"https:\/\/a.nel.cloudflare.com\/report\/v3?s=5aupcUGj8Z9jmL3fJH1fB5OwZm%2BvLMxelOBjQjFrtgdk%2Fq29ZEMbP5GAz1cMfdU7Alh8FMd6MMCJNOMX8IZz52GhHv3kYzWT9HNd7NIsaDT8qjPJMkxV5G8NgpjKtC8G%2BVFt"}],"group":"cf-nel","max_age":604800}
11:49:44.812 [main] DEBUG org.apache.http.headers - << NEL: {"success_fraction":0,"report_to":"cf-nel","max_age":604800}
11:49:44.812 [main] DEBUG org.apache.http.headers - << Server: cloudflare
11:49:44.812 [main] DEBUG org.apache.http.headers - << CF-RAY: 7b89cda65cb16bd6-SIN
11:49:44.812 [main] DEBUG org.apache.http.headers - << alt-svc: h3=":443"; ma=86400, h3-29=":443"; ma=86400
11:49:44.812 [main] DEBUG org.apache.http.impl.client.DefaultHttpClient - Connection can be kept alive indefinitely
11:49:44.814 [main] DEBUG net.thucydides.core.steps.StepInterceptor - STEP DONE: I send a GET request to an invalid API endpoint
  &amp#27;[32mWhen &amp#27;[0m&amp#27;[32mI send a GET request to an invalid API endpoint&amp#27;[0m &amp#27;[90m# starter.stepdefinitions.getProductSteps.setInvalidGetHttpRequest()&amp#27;[0m
11:49:44.820 [main] DEBUG net.thucydides.core.steps.StepInterceptor - STARTING STEP: LoginSteps.receiveValidHttp200 - I receive valid HTTP response code 200
11:49:44.822 [main] DEBUG net.thucydides.core.steps.StepInterceptor - STEP DONE: I receive valid HTTP response code 200
  &amp#27;[32mThen &amp#27;[0m&amp#27;[32mI receive valid HTTP response code 200&amp#27;[0m          &amp#27;[90m# starter.stepdefinitions.LoginSteps.receiveValidHttp200()&amp#27;[0m
11:49:44.825 [main] DEBUG net.thucydides.core.steps.StepInterceptor - STARTING STEP: getProductSteps.receiveNothing - I receive empty content
11:49:44.825 [main] DEBUG net.thucydides.core.steps.StepInterceptor - STEP DONE: I receive empty content
  &amp#27;[32mAnd &amp#27;[0m&amp#27;[32mI receive empty content&amp#27;[0m                          &amp#27;[90m# starter.stepdefinitions.getProductSteps.receiveNothing()&amp#27;[0m
11:49:44.827 [main] INFO  - 
  _____   ___   ___   _____     ___     _     ___   ___   ___   ___  
 |_   _| | __| / __| |_   _|   | _ \   /_\   / __| / __| | __| |   \ 
   | |   | _|  \__ \   | |     |  _/  / _ \  \__ \ \__ \ | _|  | |) |
   |_|   |___| |___/   |_|     |_|   /_/ \_\ |___/ |___/ |___| |___/ 

View products with invalid API endpoint
----------------------------------------------------------------------
]]></system-out>
  </testcase>
  <testcase name="View number 1 user information" classname="User" time="1.021">
    <system-out><![CDATA[11:49:44.828 [main] DEBUG io.cucumber.core.plugin.SerenityReporter - Running feature from file:///C:/Users/Bunayya%20Zulfikar/Documents/GitHub/QE_Refano-Saputra/Code_Competence_2/src/test/resources/features/User.feature
11:49:44.831 [main] DEBUG net.thucydides.core.steps.StepEventBus - Test suite started for story net.thucydides.core.model.Story@4eea5d88
11:49:44.831 [main] INFO  - Test Suite Started: User

Scenario: View number 1 user information             &amp#27;[90m# src/test/resources/features/User.feature:6&amp#27;[0m
11:49:44.836 [main] DEBUG io.cucumber.core.plugin.SerenityReporter - Running feature from file:///C:/Users/Bunayya%20Zulfikar/Documents/GitHub/QE_Refano-Saputra/Code_Competence_2/src/test/resources/features/User.feature
11:49:44.839 [main] INFO  - 
  _____   ___   ___   _____     ___   _____     _     ___   _____   ___   ___  
 |_   _| | __| / __| |_   _|   / __| |_   _|   /_\   | _ \ |_   _| | __| |   \ 
   | |   | _|  \__ \   | |     \__ \   | |    / _ \  |   /   | |   | _|  | |) |
   |_|   |___| |___/   |_|     |___/   |_|   /_/ \_\ |_|_\   |_|   |___| |___/ 

View number 1 user information(user;view-number-1-user-information)
--------------------------------------------------------------------------------
11:49:44.879 [main] DEBUG net.thucydides.core.steps.StepInterceptor - STARTING STEP: getUserSteps.setGetApiEndpoints - I set GET user api endpoints
11:49:44.879 [main] DEBUG net.thucydides.core.steps.StepInterceptor - STEP DONE: I set GET user api endpoints
  &amp#27;[32mGiven &amp#27;[0m&amp#27;[32mI set GET user api endpoints&amp#27;[0m                 &amp#27;[90m# starter.stepdefinitions.getUserSteps.setGetApiEndpoints()&amp#27;[0m
11:49:44.885 [main] DEBUG net.thucydides.core.steps.StepInterceptor - STARTING STEP: getUserSteps.setGetHttpRequest - I send a GET request to the user API endpoint
11:49:44.888 [main] DEBUG net.thucydides.core.steps.StepInterceptor - STARTING STEP: getUser.setGetHttpRequest - I set GET user api endpoints
11:49:44.888 [main] DEBUG net.thucydides.core.steps.StepInterceptor - STEP DONE: I set GET user api endpoints
11:49:44.903 [main] DEBUG org.apache.http.impl.conn.BasicClientConnectionManager - Get connection for route {s}->https://fakestoreapi.com:443
11:49:44.903 [main] DEBUG org.apache.http.impl.conn.DefaultClientConnectionOperator - Connecting to fakestoreapi.com:443
11:49:44.972 [main] DEBUG org.apache.http.client.protocol.RequestAddCookies - CookieSpec selected: ignoreCookies
11:49:44.972 [main] DEBUG org.apache.http.client.protocol.RequestAuthCache - Auth cache not set in the context
11:49:44.972 [main] DEBUG org.apache.http.client.protocol.RequestTargetAuthentication - Target auth state: UNCHALLENGED
11:49:44.972 [main] DEBUG org.apache.http.client.protocol.RequestProxyAuthentication - Proxy auth state: UNCHALLENGED
11:49:44.972 [main] DEBUG org.apache.http.impl.client.DefaultHttpClient - Attempt 1 to execute request
11:49:44.972 [main] DEBUG org.apache.http.impl.conn.DefaultClientConnection - Sending request: GET /users/1 HTTP/1.1
11:49:44.972 [main] DEBUG org.apache.http.wire -  >> "GET /users/1 HTTP/1.1[\r][\n]"
11:49:44.972 [main] DEBUG org.apache.http.wire -  >> "Accept: */*[\r][\n]"
11:49:44.972 [main] DEBUG org.apache.http.wire -  >> "Host: fakestoreapi.com[\r][\n]"
11:49:44.972 [main] DEBUG org.apache.http.wire -  >> "Connection: Keep-Alive[\r][\n]"
11:49:44.972 [main] DEBUG org.apache.http.wire -  >> "User-Agent: Apache-HttpClient/4.5.13 (Java/19.0.2)[\r][\n]"
11:49:44.972 [main] DEBUG org.apache.http.wire -  >> "Accept-Encoding: gzip,deflate[\r][\n]"
11:49:44.972 [main] DEBUG org.apache.http.wire -  >> "[\r][\n]"
11:49:44.972 [main] DEBUG org.apache.http.headers - >> GET /users/1 HTTP/1.1
11:49:44.972 [main] DEBUG org.apache.http.headers - >> Accept: */*
11:49:44.972 [main] DEBUG org.apache.http.headers - >> Host: fakestoreapi.com
11:49:44.972 [main] DEBUG org.apache.http.headers - >> Connection: Keep-Alive
11:49:44.972 [main] DEBUG org.apache.http.headers - >> User-Agent: Apache-HttpClient/4.5.13 (Java/19.0.2)
11:49:44.973 [main] DEBUG org.apache.http.headers - >> Accept-Encoding: gzip,deflate
11:49:45.796 [main] DEBUG org.apache.http.wire -  << "HTTP/1.1 200 OK[\r][\n]"
11:49:45.796 [main] DEBUG org.apache.http.wire -  << "Date: Sun, 16 Apr 2023 04:49:45 GMT[\r][\n]"
11:49:45.796 [main] DEBUG org.apache.http.wire -  << "Content-Type: application/json; charset=utf-8[\r][\n]"
11:49:45.796 [main] DEBUG org.apache.http.wire -  << "Transfer-Encoding: chunked[\r][\n]"
11:49:45.796 [main] DEBUG org.apache.http.wire -  << "Connection: keep-alive[\r][\n]"
11:49:45.796 [main] DEBUG org.apache.http.wire -  << "Access-Control-Allow-Origin: *[\r][\n]"
11:49:45.796 [main] DEBUG org.apache.http.wire -  << "Etag: W/"120-HNMhv14aQeBJetA9fBvavCZ+gdk"[\r][\n]"
11:49:45.796 [main] DEBUG org.apache.http.wire -  << "X-Powered-By: Express[\r][\n]"
11:49:45.796 [main] DEBUG org.apache.http.wire -  << "CF-Cache-Status: DYNAMIC[\r][\n]"
11:49:45.796 [main] DEBUG org.apache.http.wire -  << "Report-To: {"endpoints":[{"url":"https:\/\/a.nel.cloudflare.com\/report\/v3?s=1teoJaUPK09Dkl3sJJW2Iquy%2BJTZp8rXvJagTkRImtNsGKLhPbG92Q4hyLBpN6n%2Bq%2BoF5xJxTBlT0Q9W%2FEAtXmkWA99kJ29jTuVlQY8SGPXCDmwYZI1smQeWJXPV5z%2B7XnW4"}],"group":"cf-nel","max_age":604800}[\r][\n]"
11:49:45.796 [main] DEBUG org.apache.http.wire -  << "NEL: {"success_fraction":0,"report_to":"cf-nel","max_age":604800}[\r][\n]"
11:49:45.796 [main] DEBUG org.apache.http.wire -  << "Server: cloudflare[\r][\n]"
11:49:45.796 [main] DEBUG org.apache.http.wire -  << "CF-RAY: 7b89cdab894887b3-SIN[\r][\n]"
11:49:45.796 [main] DEBUG org.apache.http.wire -  << "Content-Encoding: gzip[\r][\n]"
11:49:45.796 [main] DEBUG org.apache.http.wire -  << "alt-svc: h3=":443"; ma=86400, h3-29=":443"; ma=86400[\r][\n]"
11:49:45.796 [main] DEBUG org.apache.http.wire -  << "[\r][\n]"
11:49:45.796 [main] DEBUG org.apache.http.impl.conn.DefaultClientConnection - Receiving response: HTTP/1.1 200 OK
11:49:45.796 [main] DEBUG org.apache.http.headers - << HTTP/1.1 200 OK
11:49:45.796 [main] DEBUG org.apache.http.headers - << Date: Sun, 16 Apr 2023 04:49:45 GMT
11:49:45.796 [main] DEBUG org.apache.http.headers - << Content-Type: application/json; charset=utf-8
11:49:45.796 [main] DEBUG org.apache.http.headers - << Transfer-Encoding: chunked
11:49:45.796 [main] DEBUG org.apache.http.headers - << Connection: keep-alive
11:49:45.796 [main] DEBUG org.apache.http.headers - << Access-Control-Allow-Origin: *
11:49:45.796 [main] DEBUG org.apache.http.headers - << Etag: W/"120-HNMhv14aQeBJetA9fBvavCZ+gdk"
11:49:45.796 [main] DEBUG org.apache.http.headers - << X-Powered-By: Express
11:49:45.796 [main] DEBUG org.apache.http.headers - << CF-Cache-Status: DYNAMIC
11:49:45.796 [main] DEBUG org.apache.http.headers - << Report-To: {"endpoints":[{"url":"https:\/\/a.nel.cloudflare.com\/report\/v3?s=1teoJaUPK09Dkl3sJJW2Iquy%2BJTZp8rXvJagTkRImtNsGKLhPbG92Q4hyLBpN6n%2Bq%2BoF5xJxTBlT0Q9W%2FEAtXmkWA99kJ29jTuVlQY8SGPXCDmwYZI1smQeWJXPV5z%2B7XnW4"}],"group":"cf-nel","max_age":604800}
11:49:45.796 [main] DEBUG org.apache.http.headers - << NEL: {"success_fraction":0,"report_to":"cf-nel","max_age":604800}
11:49:45.796 [main] DEBUG org.apache.http.headers - << Server: cloudflare
11:49:45.796 [main] DEBUG org.apache.http.headers - << CF-RAY: 7b89cdab894887b3-SIN
11:49:45.796 [main] DEBUG org.apache.http.headers - << Content-Encoding: gzip
11:49:45.796 [main] DEBUG org.apache.http.headers - << alt-svc: h3=":443"; ma=86400, h3-29=":443"; ma=86400
11:49:45.797 [main] DEBUG org.apache.http.impl.client.DefaultHttpClient - Connection can be kept alive indefinitely
11:49:45.797 [main] DEBUG io.restassured.internal.RestAssuredHttpBuilder - Parsing response as: application/json; charset=utf-8
11:49:45.797 [main] DEBUG org.apache.http.wire -  << "e3[\r][\n]"
11:49:45.797 [main] DEBUG org.apache.http.wire -  << "[0x1f][0x8b][0x8][0x0][0x0][0x0][0x0][0x0][0x0][0x3]LO[0xcb]N[0xc3]0[0x10][0xfc][0x15]4[0xe2][0xe8]DI[0xdc][0xc6][0x89]O=[0xf1][0x1b][0x95][0x89][0x97][0xd4]`{#[0xdb][0xa5][0x82][0xa8][0xff][0x8e]\![0xc4]qvv^;[0x8c][0xb5][0x89]r[0x86][0xde][0xb1][0x12]{^Lq[0x1c]+[0xf4][0xa6]@[0xa3][0x91][0xaa][0x95][0xfd]q[0x86][0x80][0xe7][0xb8]Bc[0xea][0xdb][0xfe]0[0x8f][0xb8][0xb],[0xae]|A[0xe3][0xc3][0xf9][0x85][0xd9][0x13][0x4]rIDU[0x17][0xe9][0xf6][0x94][0xd8]X[0x8][0xc4]kx[0xa5][0x4][0xad][0xc6]i[0x10][0xf8]v[0xdb][0xc2][0x96][0xa0][0xd1][0xf][0xf3]06rR[0x87][0xea][0xe5],t/@[0xc1]8[0xf][0x8d]w[0xbe][0xc4][0xd3]ZA[0xbb]p[0x80][0xc0]5S[0x8a]&[0xd0]/W[0x8d]7[0x93][0xf3][0x8d][0x93][0x85]F[0x90]S[\n]"
11:49:45.797 [main] DEBUG org.apache.http.wire -  << "/[0xcf]5[0xed][0xf1][0xb3][0xe3][0xcd][0xa5]\[0xfe][0x9][0xea][0x0][0xf3]w[0xb1]L5t[0xbb]p|Ti[0x8e][0xaa]k[0x6]96[0xaa][0x93][0x12][0x2][0xe7][0xf3]'tw[0xff][0x1][0x0][0x0][0xff][0xff][0x3][0x0][0xee][0xd7][0xb6][0xa6] [0x1][0x0][0x0]"
11:49:45.797 [main] DEBUG org.apache.http.wire -  << "[\r][\n]"
11:49:45.797 [main] DEBUG org.apache.http.wire -  << "0[\r][\n]"
11:49:45.797 [main] DEBUG org.apache.http.wire -  << "[\r][\n]"
11:49:45.797 [main] DEBUG io.restassured.internal.RestAssuredHttpBuilder - Parsed data to instance of: class org.apache.http.conn.EofSensorInputStream
11:49:45.798 [main] DEBUG org.apache.http.impl.conn.BasicClientConnectionManager - Releasing connection org.apache.http.impl.conn.ManagedClientConnectionImpl@7f9e6167
11:49:45.798 [main] DEBUG org.apache.http.impl.conn.BasicClientConnectionManager - Connection can be kept alive indefinitely
11:49:45.799 [main] DEBUG net.thucydides.core.steps.StepInterceptor - STEP DONE: I send a GET request to the user API endpoint
  &amp#27;[32mWhen &amp#27;[0m&amp#27;[32mI send a GET request to the user API endpoint&amp#27;[0m &amp#27;[90m# starter.stepdefinitions.getUserSteps.setGetHttpRequest()&amp#27;[0m
11:49:45.805 [main] DEBUG net.thucydides.core.steps.StepInterceptor - STARTING STEP: LoginSteps.receiveValidHttp200 - I receive valid HTTP response code 200
11:49:45.805 [main] DEBUG net.thucydides.core.steps.StepInterceptor - STEP DONE: I receive valid HTTP response code 200
  &amp#27;[32mThen &amp#27;[0m&amp#27;[32mI receive valid HTTP response code 200&amp#27;[0m        &amp#27;[90m# starter.stepdefinitions.LoginSteps.receiveValidHttp200()&amp#27;[0m
11:49:45.807 [main] DEBUG net.thucydides.core.steps.StepInterceptor - STARTING STEP: getUserSteps.receiveValidDataForDetailUser - I receive valid data of the user
11:49:45.851 [main] DEBUG net.thucydides.core.steps.StepInterceptor - STEP DONE: I receive valid data of the user
  &amp#27;[32mAnd &amp#27;[0m&amp#27;[32mI receive valid data of the user&amp#27;[0m               &amp#27;[90m# starter.stepdefinitions.getUserSteps.receiveValidDataForDetailUser()&amp#27;[0m
11:49:45.852 [main] INFO  - 
  _____   ___   ___   _____     ___     _     ___   ___   ___   ___  
 |_   _| | __| / __| |_   _|   | _ \   /_\   / __| / __| | __| |   \ 
   | |   | _|  \__ \   | |     |  _/  / _ \  \__ \ \__ \ | _|  | |) |
   |_|   |___| |___/   |_|     |_|   /_/ \_\ |___/ |___/ |___| |___/ 

View number 1 user information
----------------------------------------------------------------------
]]></system-out>
  </testcase>
  <testcase name="View user with invalid API endpoint" classname="User" time="0.975">
    <system-out><![CDATA[
Scenario: View user with invalid API endpoint               &amp#27;[90m# src/test/resources/features/User.feature:12&amp#27;[0m
11:49:45.857 [main] DEBUG io.cucumber.core.plugin.SerenityReporter - Running feature from file:///C:/Users/Bunayya%20Zulfikar/Documents/GitHub/QE_Refano-Saputra/Code_Competence_2/src/test/resources/features/User.feature
11:49:45.860 [main] INFO  - 
  _____   ___   ___   _____     ___   _____     _     ___   _____   ___   ___  
 |_   _| | __| / __| |_   _|   / __| |_   _|   /_\   | _ \ |_   _| | __| |   \ 
   | |   | _|  \__ \   | |     \__ \   | |    / _ \  |   /   | |   | _|  | |) |
   |_|   |___| |___/   |_|     |___/   |_|   /_/ \_\ |_|_\   |_|   |___| |___/ 

View user with invalid API endpoint(user;view-user-with-invalid-api-endpoint)
--------------------------------------------------------------------------------
11:49:45.873 [main] DEBUG net.thucydides.core.steps.StepInterceptor - STARTING STEP: getUserSteps.setInvaliApiEndpoints - I set invalid GET user api endpoints
11:49:45.873 [main] DEBUG net.thucydides.core.steps.StepInterceptor - STEP DONE: I set invalid GET user api endpoints
  &amp#27;[32mGiven &amp#27;[0m&amp#27;[32mI set invalid GET user api endpoints&amp#27;[0m                &amp#27;[90m# starter.stepdefinitions.getUserSteps.setInvaliApiEndpoints()&amp#27;[0m
11:49:45.876 [main] DEBUG net.thucydides.core.steps.StepInterceptor - STARTING STEP: getUserSteps.setInvalidGetUserHttpRequest - I send a GET user request to an invalid API endpoint
11:49:45.878 [main] DEBUG net.thucydides.core.steps.StepInterceptor - STARTING STEP: getUser.setInvalidGetUserHttpRequest - I set invalid GET user api endpoints
11:49:45.878 [main] DEBUG net.thucydides.core.steps.StepInterceptor - STEP DONE: I set invalid GET user api endpoints
11:49:45.891 [main] DEBUG org.apache.http.impl.conn.BasicClientConnectionManager - Get connection for route {s}->https://fakestoreapi.com:443
11:49:45.891 [main] DEBUG org.apache.http.impl.conn.DefaultClientConnectionOperator - Connecting to fakestoreapi.com:443
11:49:45.961 [main] DEBUG org.apache.http.client.protocol.RequestAddCookies - CookieSpec selected: ignoreCookies
11:49:45.961 [main] DEBUG org.apache.http.client.protocol.RequestAuthCache - Auth cache not set in the context
11:49:45.961 [main] DEBUG org.apache.http.client.protocol.RequestTargetAuthentication - Target auth state: UNCHALLENGED
11:49:45.961 [main] DEBUG org.apache.http.client.protocol.RequestProxyAuthentication - Proxy auth state: UNCHALLENGED
11:49:45.961 [main] DEBUG org.apache.http.impl.client.DefaultHttpClient - Attempt 1 to execute request
11:49:45.961 [main] DEBUG org.apache.http.impl.conn.DefaultClientConnection - Sending request: GET /users/11 HTTP/1.1
11:49:45.961 [main] DEBUG org.apache.http.wire -  >> "GET /users/11 HTTP/1.1[\r][\n]"
11:49:45.961 [main] DEBUG org.apache.http.wire -  >> "Accept: */*[\r][\n]"
11:49:45.961 [main] DEBUG org.apache.http.wire -  >> "Host: fakestoreapi.com[\r][\n]"
11:49:45.961 [main] DEBUG org.apache.http.wire -  >> "Connection: Keep-Alive[\r][\n]"
11:49:45.961 [main] DEBUG org.apache.http.wire -  >> "User-Agent: Apache-HttpClient/4.5.13 (Java/19.0.2)[\r][\n]"
11:49:45.961 [main] DEBUG org.apache.http.wire -  >> "Accept-Encoding: gzip,deflate[\r][\n]"
11:49:45.961 [main] DEBUG org.apache.http.wire -  >> "[\r][\n]"
11:49:45.961 [main] DEBUG org.apache.http.headers - >> GET /users/11 HTTP/1.1
11:49:45.961 [main] DEBUG org.apache.http.headers - >> Accept: */*
11:49:45.961 [main] DEBUG org.apache.http.headers - >> Host: fakestoreapi.com
11:49:45.961 [main] DEBUG org.apache.http.headers - >> Connection: Keep-Alive
11:49:45.961 [main] DEBUG org.apache.http.headers - >> User-Agent: Apache-HttpClient/4.5.13 (Java/19.0.2)
11:49:45.961 [main] DEBUG org.apache.http.headers - >> Accept-Encoding: gzip,deflate
11:49:46.816 [main] DEBUG org.apache.http.wire -  << "HTTP/1.1 200 OK[\r][\n]"
11:49:46.816 [main] DEBUG org.apache.http.wire -  << "Date: Sun, 16 Apr 2023 04:49:46 GMT[\r][\n]"
11:49:46.816 [main] DEBUG org.apache.http.wire -  << "Content-Type: application/json; charset=utf-8[\r][\n]"
11:49:46.816 [main] DEBUG org.apache.http.wire -  << "Content-Length: 4[\r][\n]"
11:49:46.816 [main] DEBUG org.apache.http.wire -  << "Connection: keep-alive[\r][\n]"
11:49:46.816 [main] DEBUG org.apache.http.wire -  << "Access-Control-Allow-Origin: *[\r][\n]"
11:49:46.816 [main] DEBUG org.apache.http.wire -  << "Etag: W/"4-K+iMpCQsduglOsYkdIUQZQMtaDM"[\r][\n]"
11:49:46.816 [main] DEBUG org.apache.http.wire -  << "X-Powered-By: Express[\r][\n]"
11:49:46.816 [main] DEBUG org.apache.http.wire -  << "CF-Cache-Status: DYNAMIC[\r][\n]"
11:49:46.816 [main] DEBUG org.apache.http.wire -  << "Report-To: {"endpoints":[{"url":"https:\/\/a.nel.cloudflare.com\/report\/v3?s=D3fgWE2TiaKFFhAVxanVQhwK8hDt%2B3KfoXycIOVCTTCGcm%2F1s0gwSccI3DCDMENbEOoAsqboFv%2BCvSrStxwarOdsaMiw2g65uqcKvzKzI0EwIOlOyT6IVyAf8e4cKmOQoJn6"}],"group":"cf-nel","max_age":604800}[\r][\n]"
11:49:46.816 [main] DEBUG org.apache.http.wire -  << "NEL: {"success_fraction":0,"report_to":"cf-nel","max_age":604800}[\r][\n]"
11:49:46.816 [main] DEBUG org.apache.http.wire -  << "Server: cloudflare[\r][\n]"
11:49:46.816 [main] DEBUG org.apache.http.wire -  << "CF-RAY: 7b89cdb1bf3540dc-SIN[\r][\n]"
11:49:46.816 [main] DEBUG org.apache.http.wire -  << "alt-svc: h3=":443"; ma=86400, h3-29=":443"; ma=86400[\r][\n]"
11:49:46.816 [main] DEBUG org.apache.http.wire -  << "[\r][\n]"
11:49:46.816 [main] DEBUG org.apache.http.impl.conn.DefaultClientConnection - Receiving response: HTTP/1.1 200 OK
11:49:46.816 [main] DEBUG org.apache.http.headers - << HTTP/1.1 200 OK
11:49:46.816 [main] DEBUG org.apache.http.headers - << Date: Sun, 16 Apr 2023 04:49:46 GMT
11:49:46.816 [main] DEBUG org.apache.http.headers - << Content-Type: application/json; charset=utf-8
11:49:46.816 [main] DEBUG org.apache.http.headers - << Content-Length: 4
11:49:46.816 [main] DEBUG org.apache.http.headers - << Connection: keep-alive
11:49:46.816 [main] DEBUG org.apache.http.headers - << Access-Control-Allow-Origin: *
11:49:46.816 [main] DEBUG org.apache.http.headers - << Etag: W/"4-K+iMpCQsduglOsYkdIUQZQMtaDM"
11:49:46.816 [main] DEBUG org.apache.http.headers - << X-Powered-By: Express
11:49:46.816 [main] DEBUG org.apache.http.headers - << CF-Cache-Status: DYNAMIC
11:49:46.816 [main] DEBUG org.apache.http.headers - << Report-To: {"endpoints":[{"url":"https:\/\/a.nel.cloudflare.com\/report\/v3?s=D3fgWE2TiaKFFhAVxanVQhwK8hDt%2B3KfoXycIOVCTTCGcm%2F1s0gwSccI3DCDMENbEOoAsqboFv%2BCvSrStxwarOdsaMiw2g65uqcKvzKzI0EwIOlOyT6IVyAf8e4cKmOQoJn6"}],"group":"cf-nel","max_age":604800}
11:49:46.816 [main] DEBUG org.apache.http.headers - << NEL: {"success_fraction":0,"report_to":"cf-nel","max_age":604800}
11:49:46.816 [main] DEBUG org.apache.http.headers - << Server: cloudflare
11:49:46.816 [main] DEBUG org.apache.http.headers - << CF-RAY: 7b89cdb1bf3540dc-SIN
11:49:46.816 [main] DEBUG org.apache.http.headers - << alt-svc: h3=":443"; ma=86400, h3-29=":443"; ma=86400
11:49:46.816 [main] DEBUG org.apache.http.impl.client.DefaultHttpClient - Connection can be kept alive indefinitely
11:49:46.816 [main] DEBUG io.restassured.internal.RestAssuredHttpBuilder - Parsing response as: application/json; charset=utf-8
11:49:46.816 [main] DEBUG io.restassured.internal.RestAssuredHttpBuilder - Parsed data to instance of: class org.apache.http.conn.EofSensorInputStream
11:49:46.817 [main] DEBUG org.apache.http.wire -  << "null"
11:49:46.818 [main] DEBUG org.apache.http.impl.conn.BasicClientConnectionManager - Releasing connection org.apache.http.impl.conn.ManagedClientConnectionImpl@75db328e
11:49:46.818 [main] DEBUG org.apache.http.impl.conn.BasicClientConnectionManager - Connection can be kept alive indefinitely
11:49:46.818 [main] DEBUG net.thucydides.core.steps.StepInterceptor - STEP DONE: I send a GET user request to an invalid API endpoint
  &amp#27;[32mWhen &amp#27;[0m&amp#27;[32mI send a GET user request to an invalid API endpoint&amp#27;[0m &amp#27;[90m# starter.stepdefinitions.getUserSteps.setInvalidGetUserHttpRequest()&amp#27;[0m
11:49:46.822 [main] DEBUG net.thucydides.core.steps.StepInterceptor - STARTING STEP: LoginSteps.receiveValidHttp200 - I receive valid HTTP response code 200
11:49:46.823 [main] DEBUG net.thucydides.core.steps.StepInterceptor - STEP DONE: I receive valid HTTP response code 200
  &amp#27;[32mThen &amp#27;[0m&amp#27;[32mI receive valid HTTP response code 200&amp#27;[0m               &amp#27;[90m# starter.stepdefinitions.LoginSteps.receiveValidHttp200()&amp#27;[0m
11:49:46.826 [main] DEBUG net.thucydides.core.steps.StepInterceptor - STARTING STEP: getProductSteps.receiveNothing - I receive empty content
11:49:46.827 [main] DEBUG net.thucydides.core.steps.StepInterceptor - STEP DONE: I receive empty content
  &amp#27;[32mAnd &amp#27;[0m&amp#27;[32mI receive empty content&amp#27;[0m                               &amp#27;[90m# starter.stepdefinitions.getProductSteps.receiveNothing()&amp#27;[0m
11:49:46.828 [main] INFO  - 
  _____   ___   ___   _____     ___     _     ___   ___   ___   ___  
 |_   _| | __| / __| |_   _|   | _ \   /_\   / __| / __| | __| |   \ 
   | |   | _|  \__ \   | |     |  _/  / _ \  \__ \ \__ \ | _|  | |) |
   |_|   |___| |___/   |_|     |_|   /_/ \_\ |___/ |___/ |___| |___/ 

View user with invalid API endpoint
----------------------------------------------------------------------
]]></system-out>
  </testcase>
</testsuite>