<?xml version="1.0" encoding="UTF-8"?>
<testsuite xmlns:xsi="http://www.w3.org/2001/XMLSchema-instance" xsi:noNamespaceSchemaLocation="https://maven.apache.org/surefire/maven-failsafe-plugin/xsd/failsafe-test-report-3.0.xsd" version="3.0" name="starter.CucumberTestSuite" time="31.605" tests="10" errors="0" skipped="0" failures="0">
  <properties>
[...]
</properties>
  <testcase name="DELETE - As admin I have be able to delete existing post" classname="User #1" time="16.115">
    <system-out><![CDATA[10:20:18.723 [main] DEBUG net.thucydides.core.guice.Injectors - Created injector for module net.thucydides.core.guice.ThucydidesModule
10:20:19.032 [main] DEBUG io.cucumber.core.plugin.SerenityReporter - Running feature from file:///C:/Users/Bunayya%20Zulfikar/Documents/GitHub/QE_Refano-Saputra/10_RESTful_API_Testing_with_REST_Assured/praktikum/RESTful_API_Testing_with_REST_Assured/src/test/resources/features/Delete.feature
10:20:19.208 [main] DEBUG net.thucydides.core.guice.Injectors - Created injector for module net.thucydides.core.guice.webdriver.WebDriverModule
10:20:19.226 [main] INFO  - 

-------------------------------------------------------------------------------------
     _______. _______ .______       _______ .__   __.  __  .___________.____    ____ 
    /       ||   ____||   _  \     |   ____||  \ |  | |  | |           |\   \  /   / 
   |   (----`|  |__   |  |_)  |    |  |__   |   \|  | |  | `---|  |----` \   \/   /  
    \   \    |   __|  |      /     |   __|  |  . `  | |  |     |  |       \_    _/   
.----)   |   |  |____ |  |\  \----.|  |____ |  |\   | |  |     |  |         |  |     
|_______/    |_______|| _| `._____||_______||__| \__| |__|     |__|         |__|    
                                                                                     
 News and tutorials at http://www.serenity-bdd.info                                  
 Documentation at https://wakaleo.gitbooks.io/the-serenity-book/content/             
 Join the Serenity Community on Gitter: https://gitter.im/serenity-bdd/serenity-core 
 Serenity BDD Support and Training at http://serenity-bdd.info/#/trainingandsupport  
-------------------------------------------------------------------------------------

10:20:19.228 [main] DEBUG net.thucydides.core.steps.StepEventBus - Test suite started for story net.thucydides.core.model.Story@bccd8f68
10:20:19.232 [main] INFO  - Test Suite Started: User
10:20:19.248 [main] DEBUG io.cucumber.core.plugin.SerenityReporter - Running feature from file:///C:/Users/Bunayya%20Zulfikar/Documents/GitHub/QE_Refano-Saputra/10_RESTful_API_Testing_with_REST_Assured/praktikum/RESTful_API_Testing_with_REST_Assured/src/test/resources/features/Get.feature
10:20:19.254 [main] DEBUG net.thucydides.core.steps.StepEventBus - Test suite started for story net.thucydides.core.model.Story@522899d3
10:20:19.254 [main] INFO  - Test Suite Started: User
10:20:19.254 [main] DEBUG io.cucumber.core.plugin.SerenityReporter - Running feature from file:///C:/Users/Bunayya%20Zulfikar/Documents/GitHub/QE_Refano-Saputra/10_RESTful_API_Testing_with_REST_Assured/praktikum/RESTful_API_Testing_with_REST_Assured/src/test/resources/features/Post.feature
10:20:19.259 [main] DEBUG net.thucydides.core.steps.StepEventBus - Test suite started for story net.thucydides.core.model.Story@596c655d
10:20:19.259 [main] INFO  - Test Suite Started: User
10:20:19.260 [main] DEBUG io.cucumber.core.plugin.SerenityReporter - Running feature from file:///C:/Users/Bunayya%20Zulfikar/Documents/GitHub/QE_Refano-Saputra/10_RESTful_API_Testing_with_REST_Assured/praktikum/RESTful_API_Testing_with_REST_Assured/src/test/resources/features/Put.feature
10:20:19.263 [main] DEBUG net.thucydides.core.steps.StepEventBus - Test suite started for story net.thucydides.core.model.Story@d2c9f48c
10:20:19.264 [main] INFO  - Test Suite Started: User
10:20:19.265 [main] DEBUG io.cucumber.core.plugin.SerenityReporter - Running feature from file:///C:/Users/Bunayya%20Zulfikar/Documents/GitHub/QE_Refano-Saputra/10_RESTful_API_Testing_with_REST_Assured/praktikum/RESTful_API_Testing_with_REST_Assured/src/test/resources/features/Delete.feature
10:20:19.270 [main] DEBUG net.thucydides.core.steps.StepEventBus - Test suite started for story net.thucydides.core.model.Story@bccd8f68
10:20:19.271 [main] INFO  - Test Suite Started: User

Scenario: DELETE - As admin I have be able to delete existing post &amp#27;[90m# src/test/resources/features/Delete.feature:7&amp#27;[0m
10:20:19.371 [main] DEBUG io.cucumber.core.plugin.SerenityReporter - Running feature from file:///C:/Users/Bunayya%20Zulfikar/Documents/GitHub/QE_Refano-Saputra/10_RESTful_API_Testing_with_REST_Assured/praktikum/RESTful_API_Testing_with_REST_Assured/src/test/resources/features/Delete.feature
10:20:19.500 [main] INFO  - 
  _____   ___   ___   _____     ___   _____     _     ___   _____   ___   ___  
 |_   _| | __| / __| |_   _|   / __| |_   _|   /_\   | _ \ |_   _| | __| |   \ 
   | |   | _|  \__ \   | |     \__ \   | |    / _ \  |   /   | |   | _|  | |) |
   |_|   |___| |___/   |_|     |___/   |_|   /_/ \_\ |_|_\   |_|   |___| |___/ 

DELETE - As admin I have be able to delete existing post(user;delete---as-admin-i-have-be-able-to-delete-existing-post)
--------------------------------------------------------------------------------
10:20:19.557 [main] DEBUG net.thucydides.core.requirements.model.cucumber.CucumberParser - Loading feature C:\Users\Bunayya Zulfikar\Documents\GitHub\QE_Refano-Saputra\10_RESTful_API_Testing_with_REST_Assured\praktikum\RESTful_API_Testing_with_REST_Assured\src\test\resources\features\Delete.feature
10:20:19.576 [main] DEBUG net.thucydides.core.requirements.model.cucumber.CucumberParser - Loading feature C:\Users\Bunayya Zulfikar\Documents\GitHub\QE_Refano-Saputra\10_RESTful_API_Testing_with_REST_Assured\praktikum\RESTful_API_Testing_with_REST_Assured\src\test\resources\features\Get.feature
10:20:19.583 [main] DEBUG net.thucydides.core.requirements.model.cucumber.CucumberParser - Loading feature C:\Users\Bunayya Zulfikar\Documents\GitHub\QE_Refano-Saputra\10_RESTful_API_Testing_with_REST_Assured\praktikum\RESTful_API_Testing_with_REST_Assured\src\test\resources\features\Post.feature
10:20:19.588 [main] DEBUG net.thucydides.core.requirements.model.cucumber.CucumberParser - Loading feature C:\Users\Bunayya Zulfikar\Documents\GitHub\QE_Refano-Saputra\10_RESTful_API_Testing_with_REST_Assured\praktikum\RESTful_API_Testing_with_REST_Assured\src\test\resources\features\Put.feature
10:20:20.100 [main] DEBUG net.thucydides.core.steps.StepInterceptor - STARTING STEP: UserSteps.setDeleteApiEndpoints - I set DELETE api endpoints
10:20:20.103 [main] DEBUG net.thucydides.core.steps.StepInterceptor - STEP DONE: I set DELETE api endpoints
  &amp#27;[32mGiven &amp#27;[0m&amp#27;[32mI set DELETE api endpoints&amp#27;[0m                                 &amp#27;[90m# starter.stepdefinitions.UserSteps.setDeleteApiEndpoints()&amp#27;[0m
10:20:20.115 [main] DEBUG net.thucydides.core.steps.StepInterceptor - STARTING STEP: UserSteps.sendDeleteApiEndpoints - I send DELETE HTTP request
10:20:22.409 [main] DEBUG net.thucydides.core.steps.StepInterceptor - STARTING STEP: Delete.sendDeleteApiEndpointsRequest - I set DELETE api endpoints
10:20:22.409 [main] DEBUG net.thucydides.core.steps.StepInterceptor - STEP DONE: I set DELETE api endpoints
10:20:23.298 [main] DEBUG org.apache.http.impl.conn.BasicClientConnectionManager - Get connection for route {s}->https://jsonplaceholder.typicode.com:443
10:20:34.391 [main] DEBUG org.apache.http.impl.conn.DefaultClientConnectionOperator - Connecting to jsonplaceholder.typicode.com:443
10:20:34.712 [main] DEBUG org.apache.http.client.protocol.RequestAddCookies - CookieSpec selected: ignoreCookies
10:20:34.713 [main] DEBUG org.apache.http.client.protocol.RequestAuthCache - Auth cache not set in the context
10:20:34.713 [main] DEBUG org.apache.http.client.protocol.RequestTargetAuthentication - Target auth state: UNCHALLENGED
10:20:34.713 [main] DEBUG org.apache.http.client.protocol.RequestProxyAuthentication - Proxy auth state: UNCHALLENGED
10:20:34.713 [main] DEBUG org.apache.http.impl.client.DefaultHttpClient - Attempt 1 to execute request
10:20:34.713 [main] DEBUG org.apache.http.impl.conn.DefaultClientConnection - Sending request: DELETE /posts/1 HTTP/1.1
10:20:34.713 [main] DEBUG org.apache.http.wire -  >> "DELETE /posts/1 HTTP/1.1[\r][\n]"
10:20:34.714 [main] DEBUG org.apache.http.wire -  >> "Accept: */*[\r][\n]"
10:20:34.714 [main] DEBUG org.apache.http.wire -  >> "Host: jsonplaceholder.typicode.com[\r][\n]"
10:20:34.714 [main] DEBUG org.apache.http.wire -  >> "Connection: Keep-Alive[\r][\n]"
10:20:34.714 [main] DEBUG org.apache.http.wire -  >> "User-Agent: Apache-HttpClient/4.5.13 (Java/19.0.2)[\r][\n]"
10:20:34.714 [main] DEBUG org.apache.http.wire -  >> "Accept-Encoding: gzip,deflate[\r][\n]"
10:20:34.714 [main] DEBUG org.apache.http.wire -  >> "[\r][\n]"
10:20:34.714 [main] DEBUG org.apache.http.headers - >> DELETE /posts/1 HTTP/1.1
10:20:34.714 [main] DEBUG org.apache.http.headers - >> Accept: */*
10:20:34.714 [main] DEBUG org.apache.http.headers - >> Host: jsonplaceholder.typicode.com
10:20:34.714 [main] DEBUG org.apache.http.headers - >> Connection: Keep-Alive
10:20:34.714 [main] DEBUG org.apache.http.headers - >> User-Agent: Apache-HttpClient/4.5.13 (Java/19.0.2)
10:20:34.714 [main] DEBUG org.apache.http.headers - >> Accept-Encoding: gzip,deflate
10:20:35.294 [main] DEBUG org.apache.http.wire -  << "HTTP/1.1 200 OK[\r][\n]"
10:20:35.295 [main] DEBUG org.apache.http.wire -  << "Date: Sun, 16 Apr 2023 03:20:34 GMT[\r][\n]"
10:20:35.295 [main] DEBUG org.apache.http.wire -  << "Content-Type: application/json; charset=utf-8[\r][\n]"
10:20:35.295 [main] DEBUG org.apache.http.wire -  << "Content-Length: 2[\r][\n]"
10:20:35.295 [main] DEBUG org.apache.http.wire -  << "Connection: keep-alive[\r][\n]"
10:20:35.295 [main] DEBUG org.apache.http.wire -  << "X-Powered-By: Express[\r][\n]"
10:20:35.295 [main] DEBUG org.apache.http.wire -  << "X-Ratelimit-Limit: 1000[\r][\n]"
10:20:35.295 [main] DEBUG org.apache.http.wire -  << "X-Ratelimit-Remaining: 999[\r][\n]"
10:20:35.295 [main] DEBUG org.apache.http.wire -  << "X-Ratelimit-Reset: 1681615294[\r][\n]"
10:20:35.295 [main] DEBUG org.apache.http.wire -  << "Vary: Origin, Accept-Encoding[\r][\n]"
10:20:35.295 [main] DEBUG org.apache.http.wire -  << "Access-Control-Allow-Credentials: true[\r][\n]"
10:20:35.296 [main] DEBUG org.apache.http.wire -  << "Cache-Control: no-cache[\r][\n]"
10:20:35.296 [main] DEBUG org.apache.http.wire -  << "Pragma: no-cache[\r][\n]"
10:20:35.296 [main] DEBUG org.apache.http.wire -  << "Expires: -1[\r][\n]"
10:20:35.296 [main] DEBUG org.apache.http.wire -  << "X-Content-Type-Options: nosniff[\r][\n]"
10:20:35.296 [main] DEBUG org.apache.http.wire -  << "Etag: W/"2-vyGp6PvFo4RvsFtPoIWeCReyIC8"[\r][\n]"
10:20:35.296 [main] DEBUG org.apache.http.wire -  << "Via: 1.1 vegur[\r][\n]"
10:20:35.296 [main] DEBUG org.apache.http.wire -  << "CF-Cache-Status: DYNAMIC[\r][\n]"
10:20:35.296 [main] DEBUG org.apache.http.wire -  << "Report-To: {"endpoints":[{"url":"https:\/\/a.nel.cloudflare.com\/report\/v3?s=SFRCjxqeZYJFlI8zGeQCdtpVj%2FzrQFgTRW8Jis25WlILGd40W%2Bl2XYaaQiexGQ%2BU%2FwIkZ86kE6vDUvlA65D3dSck9t6dpNdZcmz3woPzXwgkzZPTrpLpVxC9ACEXu2%2Beh0MhTnny3x3R9846ttz4"}],"group":"cf-nel","max_age":604800}[\r][\n]"
10:20:35.296 [main] DEBUG org.apache.http.wire -  << "NEL: {"success_fraction":0,"report_to":"cf-nel","max_age":604800}[\r][\n]"
10:20:35.296 [main] DEBUG org.apache.http.wire -  << "Server: cloudflare[\r][\n]"
10:20:35.296 [main] DEBUG org.apache.http.wire -  << "CF-RAY: 7b894b0c8e5f410c-SIN[\r][\n]"
10:20:35.296 [main] DEBUG org.apache.http.wire -  << "alt-svc: h3=":443"; ma=86400, h3-29=":443"; ma=86400[\r][\n]"
10:20:35.296 [main] DEBUG org.apache.http.wire -  << "[\r][\n]"
10:20:35.297 [main] DEBUG org.apache.http.impl.conn.DefaultClientConnection - Receiving response: HTTP/1.1 200 OK
10:20:35.297 [main] DEBUG org.apache.http.headers - << HTTP/1.1 200 OK
10:20:35.297 [main] DEBUG org.apache.http.headers - << Date: Sun, 16 Apr 2023 03:20:34 GMT
10:20:35.297 [main] DEBUG org.apache.http.headers - << Content-Type: application/json; charset=utf-8
10:20:35.297 [main] DEBUG org.apache.http.headers - << Content-Length: 2
10:20:35.297 [main] DEBUG org.apache.http.headers - << Connection: keep-alive
10:20:35.297 [main] DEBUG org.apache.http.headers - << X-Powered-By: Express
10:20:35.297 [main] DEBUG org.apache.http.headers - << X-Ratelimit-Limit: 1000
10:20:35.297 [main] DEBUG org.apache.http.headers - << X-Ratelimit-Remaining: 999
10:20:35.297 [main] DEBUG org.apache.http.headers - << X-Ratelimit-Reset: 1681615294
10:20:35.297 [main] DEBUG org.apache.http.headers - << Vary: Origin, Accept-Encoding
10:20:35.297 [main] DEBUG org.apache.http.headers - << Access-Control-Allow-Credentials: true
10:20:35.297 [main] DEBUG org.apache.http.headers - << Cache-Control: no-cache
10:20:35.297 [main] DEBUG org.apache.http.headers - << Pragma: no-cache
10:20:35.297 [main] DEBUG org.apache.http.headers - << Expires: -1
10:20:35.297 [main] DEBUG org.apache.http.headers - << X-Content-Type-Options: nosniff
10:20:35.297 [main] DEBUG org.apache.http.headers - << Etag: W/"2-vyGp6PvFo4RvsFtPoIWeCReyIC8"
10:20:35.297 [main] DEBUG org.apache.http.headers - << Via: 1.1 vegur
10:20:35.297 [main] DEBUG org.apache.http.headers - << CF-Cache-Status: DYNAMIC
10:20:35.297 [main] DEBUG org.apache.http.headers - << Report-To: {"endpoints":[{"url":"https:\/\/a.nel.cloudflare.com\/report\/v3?s=SFRCjxqeZYJFlI8zGeQCdtpVj%2FzrQFgTRW8Jis25WlILGd40W%2Bl2XYaaQiexGQ%2BU%2FwIkZ86kE6vDUvlA65D3dSck9t6dpNdZcmz3woPzXwgkzZPTrpLpVxC9ACEXu2%2Beh0MhTnny3x3R9846ttz4"}],"group":"cf-nel","max_age":604800}
10:20:35.297 [main] DEBUG org.apache.http.headers - << NEL: {"success_fraction":0,"report_to":"cf-nel","max_age":604800}
10:20:35.297 [main] DEBUG org.apache.http.headers - << Server: cloudflare
10:20:35.297 [main] DEBUG org.apache.http.headers - << CF-RAY: 7b894b0c8e5f410c-SIN
10:20:35.297 [main] DEBUG org.apache.http.headers - << alt-svc: h3=":443"; ma=86400, h3-29=":443"; ma=86400
10:20:35.301 [main] DEBUG org.apache.http.impl.client.DefaultHttpClient - Connection can be kept alive indefinitely
10:20:35.306 [main] DEBUG io.restassured.internal.RestAssuredHttpBuilder - Parsing response as: application/json; charset=utf-8
10:20:35.306 [main] DEBUG io.restassured.internal.RestAssuredHttpBuilder - Parsed data to instance of: class org.apache.http.conn.EofSensorInputStream
10:20:35.345 [main] DEBUG org.apache.http.wire -  << "{}"
10:20:35.346 [main] DEBUG org.apache.http.impl.conn.BasicClientConnectionManager - Releasing connection org.apache.http.impl.conn.ManagedClientConnectionImpl@32646ecf
10:20:35.346 [main] DEBUG org.apache.http.impl.conn.BasicClientConnectionManager - Connection can be kept alive indefinitely
10:20:35.364 [main] DEBUG net.thucydides.core.steps.StepInterceptor - STEP DONE: I send DELETE HTTP request
  &amp#27;[32mWhen &amp#27;[0m&amp#27;[32mI send DELETE HTTP request&amp#27;[0m                                  &amp#27;[90m# starter.stepdefinitions.UserSteps.sendDeleteApiEndpoints()&amp#27;[0m
10:20:35.368 [main] DEBUG net.thucydides.core.steps.StepInterceptor - STARTING STEP: UserSteps.receiveValidHttpResponse - I receive valid HTTP response code 200
10:20:35.384 [main] DEBUG net.thucydides.core.steps.StepInterceptor - STEP DONE: I receive valid HTTP response code 200
  &amp#27;[32mThen &amp#27;[0m&amp#27;[32mI receive valid HTTP response code 200&amp#27;[0m                      &amp#27;[90m# starter.stepdefinitions.UserSteps.receiveValidHttpResponse()&amp#27;[0m
10:20:35.388 [main] INFO  - 
  _____   ___   ___   _____     ___     _     ___   ___   ___   ___  
 |_   _| | __| / __| |_   _|   | _ \   /_\   / __| / __| | __| |   \ 
   | |   | _|  \__ \   | |     |  _/  / _ \  \__ \ \__ \ | _|  | |) |
   |_|   |___| |___/   |_|     |_|   /_/ \_\ |___/ |___/ |___| |___/ 

DELETE - As admin I have be able to delete existing post
----------------------------------------------------------------------
]]></system-out>
  </testcase>
  <testcase name="DELETE - As admin I haven&apos;t be able to delete existing post" classname="User #1" time="0.037">
    <system-out><![CDATA[
Scenario: DELETE - As admin I haven't be able to delete existing post &amp#27;[90m# src/test/resources/features/Delete.feature:12&amp#27;[0m
10:20:35.399 [main] DEBUG io.cucumber.core.plugin.SerenityReporter - Running feature from file:///C:/Users/Bunayya%20Zulfikar/Documents/GitHub/QE_Refano-Saputra/10_RESTful_API_Testing_with_REST_Assured/praktikum/RESTful_API_Testing_with_REST_Assured/src/test/resources/features/Delete.feature
10:20:35.403 [main] INFO  - 
  _____   ___   ___   _____     ___   _____     _     ___   _____   ___   ___  
 |_   _| | __| / __| |_   _|   / __| |_   _|   /_\   | _ \ |_   _| | __| |   \ 
   | |   | _|  \__ \   | |     \__ \   | |    / _ \  |   /   | |   | _|  | |) |
   |_|   |___| |___/   |_|     |___/   |_|   /_/ \_\ |_|_\   |_|   |___| |___/ 

DELETE - As admin I haven't be able to delete existing post(user;delete---as-admin-i-haven-t-be-able-to-delete-existing-post)
--------------------------------------------------------------------------------
10:20:35.420 [main] DEBUG net.thucydides.core.steps.StepInterceptor - STARTING STEP: UserSteps.setDeleteInvalidApiEndpoints - I set DELETE to invalid api endpoints
10:20:35.420 [main] DEBUG net.thucydides.core.steps.StepInterceptor - STEP DONE: I set DELETE to invalid api endpoints
  &amp#27;[32mGiven &amp#27;[0m&amp#27;[32mI set DELETE to invalid api endpoints&amp#27;[0m                         &amp#27;[90m# starter.stepdefinitions.UserSteps.setDeleteInvalidApiEndpoints()&amp#27;[0m
10:20:35.425 [main] DEBUG net.thucydides.core.steps.StepInterceptor - STARTING STEP: UserSteps.receiveNothingFromPage - I receive nothing from the page
10:20:35.426 [main] DEBUG net.thucydides.core.steps.StepInterceptor - STEP DONE: I receive nothing from the page
  &amp#27;[32mWhen &amp#27;[0m&amp#27;[32mI receive nothing from the page&amp#27;[0m                                &amp#27;[90m# starter.stepdefinitions.UserSteps.receiveNothingFromPage()&amp#27;[0m
10:20:35.428 [main] INFO  - 
  _____   ___   ___   _____     ___     _     ___   ___   ___   ___  
 |_   _| | __| / __| |_   _|   | _ \   /_\   / __| / __| | __| |   \ 
   | |   | _|  \__ \   | |     |  _/  / _ \  \__ \ \__ \ | _|  | |) |
   |_|   |___| |___/   |_|     |_|   /_/ \_\ |___/ |___/ |___| |___/ 

DELETE - As admin I haven't be able to delete existing post
----------------------------------------------------------------------
]]></system-out>
  </testcase>
  <testcase name="GET - As admin I have be able to get detail post" classname="User #2" time="1.183">
    <system-out><![CDATA[10:20:35.430 [main] DEBUG io.cucumber.core.plugin.SerenityReporter - Running feature from file:///C:/Users/Bunayya%20Zulfikar/Documents/GitHub/QE_Refano-Saputra/10_RESTful_API_Testing_with_REST_Assured/praktikum/RESTful_API_Testing_with_REST_Assured/src/test/resources/features/Get.feature
10:20:35.433 [main] DEBUG net.thucydides.core.steps.StepEventBus - Test suite started for story net.thucydides.core.model.Story@522899d3
10:20:35.434 [main] INFO  - Test Suite Started: User

Scenario: GET - As admin I have be able to get detail post &amp#27;[90m# src/test/resources/features/Get.feature:7&amp#27;[0m
10:20:35.439 [main] DEBUG io.cucumber.core.plugin.SerenityReporter - Running feature from file:///C:/Users/Bunayya%20Zulfikar/Documents/GitHub/QE_Refano-Saputra/10_RESTful_API_Testing_with_REST_Assured/praktikum/RESTful_API_Testing_with_REST_Assured/src/test/resources/features/Get.feature
10:20:35.441 [main] INFO  - 
  _____   ___   ___   _____     ___   _____     _     ___   _____   ___   ___  
 |_   _| | __| / __| |_   _|   / __| |_   _|   /_\   | _ \ |_   _| | __| |   \ 
   | |   | _|  \__ \   | |     \__ \   | |    / _ \  |   /   | |   | _|  | |) |
   |_|   |___| |___/   |_|     |___/   |_|   /_/ \_\ |_|_\   |_|   |___| |___/ 

GET - As admin I have be able to get detail post(user;get---as-admin-i-have-be-able-to-get-detail-post)
--------------------------------------------------------------------------------
10:20:35.454 [main] DEBUG net.thucydides.core.steps.StepInterceptor - STARTING STEP: UserSteps.setGetApiEndpoints - I set GET api endpoints
10:20:35.454 [main] DEBUG net.thucydides.core.steps.StepInterceptor - STEP DONE: I set GET api endpoints
  &amp#27;[32mGiven &amp#27;[0m&amp#27;[32mI set GET api endpoints&amp#27;[0m                            &amp#27;[90m# starter.stepdefinitions.UserSteps.setGetApiEndpoints()&amp#27;[0m
10:20:35.458 [main] DEBUG net.thucydides.core.steps.StepInterceptor - STARTING STEP: UserSteps.setGetHttpRequest - I send GET HTTP request
10:20:35.461 [main] DEBUG net.thucydides.core.steps.StepInterceptor - STARTING STEP: Get.setGetHttpRequest - I set GET api endpoints
10:20:35.461 [main] DEBUG net.thucydides.core.steps.StepInterceptor - STEP DONE: I set GET api endpoints
10:20:35.474 [main] DEBUG org.apache.http.impl.conn.BasicClientConnectionManager - Get connection for route {s}->https://jsonplaceholder.typicode.com:443
10:20:35.474 [main] DEBUG org.apache.http.impl.conn.DefaultClientConnectionOperator - Connecting to jsonplaceholder.typicode.com:443
10:20:35.546 [main] DEBUG org.apache.http.client.protocol.RequestAddCookies - CookieSpec selected: ignoreCookies
10:20:35.547 [main] DEBUG org.apache.http.client.protocol.RequestAuthCache - Auth cache not set in the context
10:20:35.547 [main] DEBUG org.apache.http.client.protocol.RequestTargetAuthentication - Target auth state: UNCHALLENGED
10:20:35.547 [main] DEBUG org.apache.http.client.protocol.RequestProxyAuthentication - Proxy auth state: UNCHALLENGED
10:20:35.547 [main] DEBUG org.apache.http.impl.client.DefaultHttpClient - Attempt 1 to execute request
10:20:35.547 [main] DEBUG org.apache.http.impl.conn.DefaultClientConnection - Sending request: GET /posts/2 HTTP/1.1
10:20:35.547 [main] DEBUG org.apache.http.wire -  >> "GET /posts/2 HTTP/1.1[\r][\n]"
10:20:35.547 [main] DEBUG org.apache.http.wire -  >> "Accept: */*[\r][\n]"
10:20:35.547 [main] DEBUG org.apache.http.wire -  >> "Host: jsonplaceholder.typicode.com[\r][\n]"
10:20:35.547 [main] DEBUG org.apache.http.wire -  >> "Connection: Keep-Alive[\r][\n]"
10:20:35.547 [main] DEBUG org.apache.http.wire -  >> "User-Agent: Apache-HttpClient/4.5.13 (Java/19.0.2)[\r][\n]"
10:20:35.547 [main] DEBUG org.apache.http.wire -  >> "Accept-Encoding: gzip,deflate[\r][\n]"
10:20:35.547 [main] DEBUG org.apache.http.wire -  >> "[\r][\n]"
10:20:35.547 [main] DEBUG org.apache.http.headers - >> GET /posts/2 HTTP/1.1
10:20:35.547 [main] DEBUG org.apache.http.headers - >> Accept: */*
10:20:35.547 [main] DEBUG org.apache.http.headers - >> Host: jsonplaceholder.typicode.com
10:20:35.547 [main] DEBUG org.apache.http.headers - >> Connection: Keep-Alive
10:20:35.547 [main] DEBUG org.apache.http.headers - >> User-Agent: Apache-HttpClient/4.5.13 (Java/19.0.2)
10:20:35.547 [main] DEBUG org.apache.http.headers - >> Accept-Encoding: gzip,deflate
10:20:36.101 [main] DEBUG org.apache.http.wire -  << "HTTP/1.1 200 OK[\r][\n]"
10:20:36.101 [main] DEBUG org.apache.http.wire -  << "Date: Sun, 16 Apr 2023 03:20:35 GMT[\r][\n]"
10:20:36.101 [main] DEBUG org.apache.http.wire -  << "Content-Type: application/json; charset=utf-8[\r][\n]"
10:20:36.101 [main] DEBUG org.apache.http.wire -  << "Transfer-Encoding: chunked[\r][\n]"
10:20:36.101 [main] DEBUG org.apache.http.wire -  << "Connection: keep-alive[\r][\n]"
10:20:36.101 [main] DEBUG org.apache.http.wire -  << "X-Powered-By: Express[\r][\n]"
10:20:36.101 [main] DEBUG org.apache.http.wire -  << "X-Ratelimit-Limit: 1000[\r][\n]"
10:20:36.102 [main] DEBUG org.apache.http.wire -  << "X-Ratelimit-Remaining: 999[\r][\n]"
10:20:36.102 [main] DEBUG org.apache.http.wire -  << "X-Ratelimit-Reset: 1680604159[\r][\n]"
10:20:36.102 [main] DEBUG org.apache.http.wire -  << "Vary: Origin, Accept-Encoding[\r][\n]"
10:20:36.102 [main] DEBUG org.apache.http.wire -  << "Access-Control-Allow-Credentials: true[\r][\n]"
10:20:36.102 [main] DEBUG org.apache.http.wire -  << "Cache-Control: max-age=43200[\r][\n]"
10:20:36.102 [main] DEBUG org.apache.http.wire -  << "Pragma: no-cache[\r][\n]"
10:20:36.102 [main] DEBUG org.apache.http.wire -  << "Expires: -1[\r][\n]"
10:20:36.102 [main] DEBUG org.apache.http.wire -  << "X-Content-Type-Options: nosniff[\r][\n]"
10:20:36.102 [main] DEBUG org.apache.http.wire -  << "Etag: W/"116-jnDuMpjju89+9j7e0BqkdFsVRjs"[\r][\n]"
10:20:36.102 [main] DEBUG org.apache.http.wire -  << "Via: 1.1 vegur[\r][\n]"
10:20:36.102 [main] DEBUG org.apache.http.wire -  << "CF-Cache-Status: REVALIDATED[\r][\n]"
10:20:36.102 [main] DEBUG org.apache.http.wire -  << "Report-To: {"endpoints":[{"url":"https:\/\/a.nel.cloudflare.com\/report\/v3?s=JLWiYDRc7XO2lh5hwrit9cE0tPM%2F10dKtnKwhzzvNlVl0CXzbol3%2FPpm%2BX3EAzYQAJkjhmqnnxQJmFKfSHOtyK%2BEYCHJ67ffNgtpR1nwNFTu5Cjq3NfuBkoMiVBInY5UhEo2Q65BGjZ0eakuuiPA"}],"group":"cf-nel","max_age":604800}[\r][\n]"
10:20:36.102 [main] DEBUG org.apache.http.wire -  << "NEL: {"success_fraction":0,"report_to":"cf-nel","max_age":604800}[\r][\n]"
10:20:36.102 [main] DEBUG org.apache.http.wire -  << "Server: cloudflare[\r][\n]"
10:20:36.102 [main] DEBUG org.apache.http.wire -  << "CF-RAY: 7b894b11be27498b-SIN[\r][\n]"
10:20:36.102 [main] DEBUG org.apache.http.wire -  << "Content-Encoding: gzip[\r][\n]"
10:20:36.102 [main] DEBUG org.apache.http.wire -  << "alt-svc: h3=":443"; ma=86400, h3-29=":443"; ma=86400[\r][\n]"
10:20:36.102 [main] DEBUG org.apache.http.wire -  << "[\r][\n]"
10:20:36.102 [main] DEBUG org.apache.http.impl.conn.DefaultClientConnection - Receiving response: HTTP/1.1 200 OK
10:20:36.102 [main] DEBUG org.apache.http.headers - << HTTP/1.1 200 OK
10:20:36.102 [main] DEBUG org.apache.http.headers - << Date: Sun, 16 Apr 2023 03:20:35 GMT
10:20:36.102 [main] DEBUG org.apache.http.headers - << Content-Type: application/json; charset=utf-8
10:20:36.102 [main] DEBUG org.apache.http.headers - << Transfer-Encoding: chunked
10:20:36.102 [main] DEBUG org.apache.http.headers - << Connection: keep-alive
10:20:36.102 [main] DEBUG org.apache.http.headers - << X-Powered-By: Express
10:20:36.102 [main] DEBUG org.apache.http.headers - << X-Ratelimit-Limit: 1000
10:20:36.102 [main] DEBUG org.apache.http.headers - << X-Ratelimit-Remaining: 999
10:20:36.102 [main] DEBUG org.apache.http.headers - << X-Ratelimit-Reset: 1680604159
10:20:36.102 [main] DEBUG org.apache.http.headers - << Vary: Origin, Accept-Encoding
10:20:36.102 [main] DEBUG org.apache.http.headers - << Access-Control-Allow-Credentials: true
10:20:36.102 [main] DEBUG org.apache.http.headers - << Cache-Control: max-age=43200
10:20:36.102 [main] DEBUG org.apache.http.headers - << Pragma: no-cache
10:20:36.102 [main] DEBUG org.apache.http.headers - << Expires: -1
10:20:36.102 [main] DEBUG org.apache.http.headers - << X-Content-Type-Options: nosniff
10:20:36.102 [main] DEBUG org.apache.http.headers - << Etag: W/"116-jnDuMpjju89+9j7e0BqkdFsVRjs"
10:20:36.102 [main] DEBUG org.apache.http.headers - << Via: 1.1 vegur
10:20:36.102 [main] DEBUG org.apache.http.headers - << CF-Cache-Status: REVALIDATED
10:20:36.102 [main] DEBUG org.apache.http.headers - << Report-To: {"endpoints":[{"url":"https:\/\/a.nel.cloudflare.com\/report\/v3?s=JLWiYDRc7XO2lh5hwrit9cE0tPM%2F10dKtnKwhzzvNlVl0CXzbol3%2FPpm%2BX3EAzYQAJkjhmqnnxQJmFKfSHOtyK%2BEYCHJ67ffNgtpR1nwNFTu5Cjq3NfuBkoMiVBInY5UhEo2Q65BGjZ0eakuuiPA"}],"group":"cf-nel","max_age":604800}
10:20:36.102 [main] DEBUG org.apache.http.headers - << NEL: {"success_fraction":0,"report_to":"cf-nel","max_age":604800}
10:20:36.102 [main] DEBUG org.apache.http.headers - << Server: cloudflare
10:20:36.102 [main] DEBUG org.apache.http.headers - << CF-RAY: 7b894b11be27498b-SIN
10:20:36.102 [main] DEBUG org.apache.http.headers - << Content-Encoding: gzip
10:20:36.102 [main] DEBUG org.apache.http.headers - << alt-svc: h3=":443"; ma=86400, h3-29=":443"; ma=86400
10:20:36.105 [main] DEBUG org.apache.http.impl.client.DefaultHttpClient - Connection can be kept alive indefinitely
10:20:36.105 [main] DEBUG io.restassured.internal.RestAssuredHttpBuilder - Parsing response as: application/json; charset=utf-8
10:20:36.106 [main] DEBUG org.apache.http.wire -  << "c6[\r][\n]"
10:20:36.106 [main] DEBUG org.apache.http.wire -  << "[0x1f][0x8b][0x8][0x0][0x0][0x0][0x0][0x0][0x0][0x3]-N1n[0x3]1[0xc][0xdb][0xf3][\n]"
10:20:36.106 [main] DEBUG org.apache.http.wire -  << "[0xc2]s[0x97]v[0xcc][0xf][0xfa][0x87][t5[0xdb][0x8][0xf0][0xc9][0x8e]$[0x7]([0x8a][0xfc][0xbd][0xf0][0xb5][0x1b])[0x92]".@[0x99]A[0xaf][0xe5][0x8a][0xd7][0x97]Eu[0xc1][0xb7][0x13][0xa6]fc[0xb9][0xa2][0xdc][0xa7][0x82][0x91]`[0x4][0xcb])[0xed][0xbd]~/e][0x9d]>[0xf]$[0x8f][0xd1][0x9d]xh[\n]"
10:20:36.106 [main] DEBUG org.apache.http.wire -  << "7[0xb][0xae]P[0xa8]%Lo[0xda][0xe0][0x1c][0xce][0x1b][0xad][0xd2]5Q{[0xeb][0x8e][0x9d][0x92]BP[0xfe]8[0x3][0xc6][0xfb][0xe4]f[0x9f][0xf3]K%[0xb1]7[0xb1][0xaa][0xa9][0x1a]x[0xf4]6GJ[0x12][0xa3][0xbb]w<[0xd8][0xfe][0x1f][0x1f][0xbd]1R[0x85][0x98]k[0x8b]~([0xad]jl[0xb6][0x6][0xc8][0xa0][0xab][0x1c][0xb0]n[0xa8][0xdc]550z[0x84][0x1e]3[0xb0][0xc]g!LCa[0xb3]5)[0x97][0xe7]/[0xfc]z[0x19][0x92][0x16][0x1][0x0][0x0]"
10:20:36.106 [main] DEBUG org.apache.http.wire -  << "[\r][\n]"
10:20:36.106 [main] DEBUG org.apache.http.wire -  << "0[\r][\n]"
10:20:36.106 [main] DEBUG org.apache.http.wire -  << "[\r][\n]"
10:20:36.106 [main] DEBUG io.restassured.internal.RestAssuredHttpBuilder - Parsed data to instance of: class org.apache.http.conn.EofSensorInputStream
10:20:36.110 [main] DEBUG org.apache.http.impl.conn.BasicClientConnectionManager - Releasing connection org.apache.http.impl.conn.ManagedClientConnectionImpl@4f82248f
10:20:36.110 [main] DEBUG org.apache.http.impl.conn.BasicClientConnectionManager - Connection can be kept alive indefinitely
10:20:36.116 [main] DEBUG net.thucydides.core.steps.StepInterceptor - STEP DONE: I send GET HTTP request
  &amp#27;[32mWhen &amp#27;[0m&amp#27;[32mI send GET HTTP request&amp#27;[0m                             &amp#27;[90m# starter.stepdefinitions.UserSteps.setGetHttpRequest()&amp#27;[0m
10:20:36.120 [main] DEBUG net.thucydides.core.steps.StepInterceptor - STARTING STEP: UserSteps.receiveValidHttpResponse - I receive valid HTTP response code 200
10:20:36.120 [main] DEBUG net.thucydides.core.steps.StepInterceptor - STEP DONE: I receive valid HTTP response code 200
  &amp#27;[32mThen &amp#27;[0m&amp#27;[32mI receive valid HTTP response code 200&amp#27;[0m              &amp#27;[90m# starter.stepdefinitions.UserSteps.receiveValidHttpResponse()&amp#27;[0m
10:20:36.123 [main] DEBUG net.thucydides.core.steps.StepInterceptor - STARTING STEP: UserSteps.validateDataDetailPost - I receive valid data for detail post
10:20:36.614 [main] DEBUG net.thucydides.core.steps.StepInterceptor - STEP DONE: I receive valid data for detail post
  &amp#27;[32mAnd &amp#27;[0m&amp#27;[32mI receive valid data for detail post&amp#27;[0m                 &amp#27;[90m# starter.stepdefinitions.UserSteps.validateDataDetailPost()&amp#27;[0m
10:20:36.617 [main] INFO  - 
  _____   ___   ___   _____     ___     _     ___   ___   ___   ___  
 |_   _| | __| / __| |_   _|   | _ \   /_\   / __| / __| | __| |   \ 
   | |   | _|  \__ \   | |     |  _/  / _ \  \__ \ \__ \ | _|  | |) |
   |_|   |___| |___/   |_|     |_|   /_/ \_\ |___/ |___/ |___| |___/ 

GET - As admin I have be able to get detail post
----------------------------------------------------------------------
]]></system-out>
  </testcase>
  <testcase name="GET - As admin I haven&apos;t be able to get detail post" classname="User #2" time="0.725">
    <system-out><![CDATA[
Scenario: GET - As admin I haven't be able to get detail post &amp#27;[90m# src/test/resources/features/Get.feature:13&amp#27;[0m
10:20:36.625 [main] DEBUG io.cucumber.core.plugin.SerenityReporter - Running feature from file:///C:/Users/Bunayya%20Zulfikar/Documents/GitHub/QE_Refano-Saputra/10_RESTful_API_Testing_with_REST_Assured/praktikum/RESTful_API_Testing_with_REST_Assured/src/test/resources/features/Get.feature
10:20:36.628 [main] INFO  - 
  _____   ___   ___   _____     ___   _____     _     ___   _____   ___   ___  
 |_   _| | __| / __| |_   _|   / __| |_   _|   /_\   | _ \ |_   _| | __| |   \ 
   | |   | _|  \__ \   | |     \__ \   | |    / _ \  |   /   | |   | _|  | |) |
   |_|   |___| |___/   |_|     |___/   |_|   /_/ \_\ |_|_\   |_|   |___| |___/ 

GET - As admin I haven't be able to get detail post(user;get---as-admin-i-haven-t-be-able-to-get-detail-post)
--------------------------------------------------------------------------------
10:20:36.655 [main] DEBUG net.thucydides.core.steps.StepInterceptor - STARTING STEP: UserSteps.setGetTypoApiEndpoints - I set typo GET api endpoints
10:20:36.656 [main] DEBUG net.thucydides.core.steps.StepInterceptor - STEP DONE: I set typo GET api endpoints
  &amp#27;[32mGiven &amp#27;[0m&amp#27;[32mI set typo GET api endpoints&amp#27;[0m                          &amp#27;[90m# starter.stepdefinitions.UserSteps.setGetTypoApiEndpoints()&amp#27;[0m
10:20:36.660 [main] DEBUG net.thucydides.core.steps.StepInterceptor - STARTING STEP: UserSteps.setGetTypoHttpRequest - I send typo GET HTTP request
10:20:36.663 [main] DEBUG net.thucydides.core.steps.StepInterceptor - STARTING STEP: Get.setGetTypoHttpRequest - I set typo GET api endpoints
10:20:36.663 [main] DEBUG net.thucydides.core.steps.StepInterceptor - STEP DONE: I set typo GET api endpoints
10:20:36.677 [main] DEBUG org.apache.http.impl.conn.BasicClientConnectionManager - Get connection for route {s}->https://jsonplaceholder.typicode.com:443
10:20:36.677 [main] DEBUG org.apache.http.impl.conn.DefaultClientConnectionOperator - Connecting to jsonplaceholder.typicode.com:443
10:20:36.759 [main] DEBUG org.apache.http.client.protocol.RequestAddCookies - CookieSpec selected: ignoreCookies
10:20:36.759 [main] DEBUG org.apache.http.client.protocol.RequestAuthCache - Auth cache not set in the context
10:20:36.759 [main] DEBUG org.apache.http.client.protocol.RequestTargetAuthentication - Target auth state: UNCHALLENGED
10:20:36.759 [main] DEBUG org.apache.http.client.protocol.RequestProxyAuthentication - Proxy auth state: UNCHALLENGED
10:20:36.759 [main] DEBUG org.apache.http.impl.client.DefaultHttpClient - Attempt 1 to execute request
10:20:36.759 [main] DEBUG org.apache.http.impl.conn.DefaultClientConnection - Sending request: GET /post HTTP/1.1
10:20:36.759 [main] DEBUG org.apache.http.wire -  >> "GET /post HTTP/1.1[\r][\n]"
10:20:36.759 [main] DEBUG org.apache.http.wire -  >> "Accept: */*[\r][\n]"
10:20:36.759 [main] DEBUG org.apache.http.wire -  >> "Host: jsonplaceholder.typicode.com[\r][\n]"
10:20:36.759 [main] DEBUG org.apache.http.wire -  >> "Connection: Keep-Alive[\r][\n]"
10:20:36.759 [main] DEBUG org.apache.http.wire -  >> "User-Agent: Apache-HttpClient/4.5.13 (Java/19.0.2)[\r][\n]"
10:20:36.759 [main] DEBUG org.apache.http.wire -  >> "Accept-Encoding: gzip,deflate[\r][\n]"
10:20:36.759 [main] DEBUG org.apache.http.wire -  >> "[\r][\n]"
10:20:36.759 [main] DEBUG org.apache.http.headers - >> GET /post HTTP/1.1
10:20:36.759 [main] DEBUG org.apache.http.headers - >> Accept: */*
10:20:36.759 [main] DEBUG org.apache.http.headers - >> Host: jsonplaceholder.typicode.com
10:20:36.759 [main] DEBUG org.apache.http.headers - >> Connection: Keep-Alive
10:20:36.759 [main] DEBUG org.apache.http.headers - >> User-Agent: Apache-HttpClient/4.5.13 (Java/19.0.2)
10:20:36.759 [main] DEBUG org.apache.http.headers - >> Accept-Encoding: gzip,deflate
10:20:37.331 [main] DEBUG org.apache.http.wire -  << "HTTP/1.1 404 Not Found[\r][\n]"
10:20:37.331 [main] DEBUG org.apache.http.wire -  << "Date: Sun, 16 Apr 2023 03:20:36 GMT[\r][\n]"
10:20:37.331 [main] DEBUG org.apache.http.wire -  << "Content-Type: application/json; charset=utf-8[\r][\n]"
10:20:37.331 [main] DEBUG org.apache.http.wire -  << "Content-Length: 2[\r][\n]"
10:20:37.331 [main] DEBUG org.apache.http.wire -  << "Connection: keep-alive[\r][\n]"
10:20:37.331 [main] DEBUG org.apache.http.wire -  << "X-Powered-By: Express[\r][\n]"
10:20:37.331 [main] DEBUG org.apache.http.wire -  << "X-Ratelimit-Limit: 1000[\r][\n]"
10:20:37.331 [main] DEBUG org.apache.http.wire -  << "X-Ratelimit-Remaining: 997[\r][\n]"
10:20:37.331 [main] DEBUG org.apache.http.wire -  << "X-Ratelimit-Reset: 1681615294[\r][\n]"
10:20:37.331 [main] DEBUG org.apache.http.wire -  << "Vary: Origin, Accept-Encoding[\r][\n]"
10:20:37.331 [main] DEBUG org.apache.http.wire -  << "Access-Control-Allow-Credentials: true[\r][\n]"
10:20:37.331 [main] DEBUG org.apache.http.wire -  << "Cache-Control: max-age=43200[\r][\n]"
10:20:37.331 [main] DEBUG org.apache.http.wire -  << "Pragma: no-cache[\r][\n]"
10:20:37.331 [main] DEBUG org.apache.http.wire -  << "Expires: -1[\r][\n]"
10:20:37.331 [main] DEBUG org.apache.http.wire -  << "X-Content-Type-Options: nosniff[\r][\n]"
10:20:37.331 [main] DEBUG org.apache.http.wire -  << "Etag: W/"2-vyGp6PvFo4RvsFtPoIWeCReyIC8"[\r][\n]"
10:20:37.331 [main] DEBUG org.apache.http.wire -  << "Via: 1.1 vegur[\r][\n]"
10:20:37.331 [main] DEBUG org.apache.http.wire -  << "CF-Cache-Status: EXPIRED[\r][\n]"
10:20:37.331 [main] DEBUG org.apache.http.wire -  << "Report-To: {"endpoints":[{"url":"https:\/\/a.nel.cloudflare.com\/report\/v3?s=xai0TuvryBIAOHkV6jQiqnHya7qsKyO6JkVypewJ33wSp47c8ihKfkINQrNVNm%2Fdq0l70T0LGJKVJSacV67RFSkdwNaTFeWk3YU943E11BWr2cKInC9Qbb7iqG76ckEmO%2BN4pivNkn%2FW%2B095BuBq"}],"group":"cf-nel","max_age":604800}[\r][\n]"
10:20:37.331 [main] DEBUG org.apache.http.wire -  << "NEL: {"success_fraction":0,"report_to":"cf-nel","max_age":604800}[\r][\n]"
10:20:37.331 [main] DEBUG org.apache.http.wire -  << "Server: cloudflare[\r][\n]"
10:20:37.331 [main] DEBUG org.apache.http.wire -  << "CF-RAY: 7b894b194a253e17-SIN[\r][\n]"
10:20:37.332 [main] DEBUG org.apache.http.wire -  << "alt-svc: h3=":443"; ma=86400, h3-29=":443"; ma=86400[\r][\n]"
10:20:37.332 [main] DEBUG org.apache.http.wire -  << "[\r][\n]"
10:20:37.332 [main] DEBUG org.apache.http.impl.conn.DefaultClientConnection - Receiving response: HTTP/1.1 404 Not Found
10:20:37.332 [main] DEBUG org.apache.http.headers - << HTTP/1.1 404 Not Found
10:20:37.332 [main] DEBUG org.apache.http.headers - << Date: Sun, 16 Apr 2023 03:20:36 GMT
10:20:37.332 [main] DEBUG org.apache.http.headers - << Content-Type: application/json; charset=utf-8
10:20:37.332 [main] DEBUG org.apache.http.headers - << Content-Length: 2
10:20:37.332 [main] DEBUG org.apache.http.headers - << Connection: keep-alive
10:20:37.332 [main] DEBUG org.apache.http.headers - << X-Powered-By: Express
10:20:37.332 [main] DEBUG org.apache.http.headers - << X-Ratelimit-Limit: 1000
10:20:37.332 [main] DEBUG org.apache.http.headers - << X-Ratelimit-Remaining: 997
10:20:37.332 [main] DEBUG org.apache.http.headers - << X-Ratelimit-Reset: 1681615294
10:20:37.332 [main] DEBUG org.apache.http.headers - << Vary: Origin, Accept-Encoding
10:20:37.332 [main] DEBUG org.apache.http.headers - << Access-Control-Allow-Credentials: true
10:20:37.332 [main] DEBUG org.apache.http.headers - << Cache-Control: max-age=43200
10:20:37.332 [main] DEBUG org.apache.http.headers - << Pragma: no-cache
10:20:37.332 [main] DEBUG org.apache.http.headers - << Expires: -1
10:20:37.332 [main] DEBUG org.apache.http.headers - << X-Content-Type-Options: nosniff
10:20:37.332 [main] DEBUG org.apache.http.headers - << Etag: W/"2-vyGp6PvFo4RvsFtPoIWeCReyIC8"
10:20:37.332 [main] DEBUG org.apache.http.headers - << Via: 1.1 vegur
10:20:37.332 [main] DEBUG org.apache.http.headers - << CF-Cache-Status: EXPIRED
10:20:37.332 [main] DEBUG org.apache.http.headers - << Report-To: {"endpoints":[{"url":"https:\/\/a.nel.cloudflare.com\/report\/v3?s=xai0TuvryBIAOHkV6jQiqnHya7qsKyO6JkVypewJ33wSp47c8ihKfkINQrNVNm%2Fdq0l70T0LGJKVJSacV67RFSkdwNaTFeWk3YU943E11BWr2cKInC9Qbb7iqG76ckEmO%2BN4pivNkn%2FW%2B095BuBq"}],"group":"cf-nel","max_age":604800}
10:20:37.332 [main] DEBUG org.apache.http.headers - << NEL: {"success_fraction":0,"report_to":"cf-nel","max_age":604800}
10:20:37.332 [main] DEBUG org.apache.http.headers - << Server: cloudflare
10:20:37.332 [main] DEBUG org.apache.http.headers - << CF-RAY: 7b894b194a253e17-SIN
10:20:37.332 [main] DEBUG org.apache.http.headers - << alt-svc: h3=":443"; ma=86400, h3-29=":443"; ma=86400
10:20:37.333 [main] DEBUG org.apache.http.impl.client.DefaultHttpClient - Connection can be kept alive indefinitely
10:20:37.333 [main] DEBUG io.restassured.internal.RestAssuredHttpBuilder - Parsing response as: application/json; charset=utf-8
10:20:37.333 [main] DEBUG io.restassured.internal.RestAssuredHttpBuilder - Parsed data to instance of: class org.apache.http.conn.EofSensorInputStream
10:20:37.335 [main] DEBUG org.apache.http.wire -  << "{}"
10:20:37.335 [main] DEBUG org.apache.http.impl.conn.BasicClientConnectionManager - Releasing connection org.apache.http.impl.conn.ManagedClientConnectionImpl@cda144a
10:20:37.335 [main] DEBUG org.apache.http.impl.conn.BasicClientConnectionManager - Connection can be kept alive indefinitely
10:20:37.335 [main] DEBUG net.thucydides.core.steps.StepInterceptor - STEP DONE: I send typo GET HTTP request
  &amp#27;[32mWhen &amp#27;[0m&amp#27;[32mI send typo GET HTTP request&amp#27;[0m                           &amp#27;[90m# starter.stepdefinitions.UserSteps.setGetTypoHttpRequest()&amp#27;[0m
10:20:37.339 [main] DEBUG net.thucydides.core.steps.StepInterceptor - STARTING STEP: UserSteps.receiveValidHttpResponse404 - I receive valid HTTP response code 404
10:20:37.339 [main] DEBUG net.thucydides.core.steps.StepInterceptor - STEP DONE: I receive valid HTTP response code 404
  &amp#27;[32mThen &amp#27;[0m&amp#27;[32mI receive valid HTTP response code 404&amp#27;[0m                 &amp#27;[90m# starter.stepdefinitions.UserSteps.receiveValidHttpResponse404()&amp#27;[0m
10:20:37.342 [main] INFO  - 
  _____   ___   ___   _____     ___     _     ___   ___   ___   ___  
 |_   _| | __| / __| |_   _|   | _ \   /_\   / __| / __| | __| |   \ 
   | |   | _|  \__ \   | |     |  _/  / _ \  \__ \ \__ \ | _|  | |) |
   |_|   |___| |___/   |_|     |_|   /_/ \_\ |___/ |___/ |___| |___/ 

GET - As admin I haven't be able to get detail post
----------------------------------------------------------------------
]]></system-out>
  </testcase>
  <testcase name="GET - As admin I have be able to get detail post by id" classname="User #2" time="0.31">
    <system-out><![CDATA[
Scenario: GET - As admin I have be able to get detail post by id &amp#27;[90m# src/test/resources/features/Get.feature:18&amp#27;[0m
10:20:37.348 [main] DEBUG io.cucumber.core.plugin.SerenityReporter - Running feature from file:///C:/Users/Bunayya%20Zulfikar/Documents/GitHub/QE_Refano-Saputra/10_RESTful_API_Testing_with_REST_Assured/praktikum/RESTful_API_Testing_with_REST_Assured/src/test/resources/features/Get.feature
10:20:37.351 [main] INFO  - 
  _____   ___   ___   _____     ___   _____     _     ___   _____   ___   ___  
 |_   _| | __| / __| |_   _|   / __| |_   _|   /_\   | _ \ |_   _| | __| |   \ 
   | |   | _|  \__ \   | |     \__ \   | |    / _ \  |   /   | |   | _|  | |) |
   |_|   |___| |___/   |_|     |___/   |_|   /_/ \_\ |_|_\   |_|   |___| |___/ 

GET - As admin I have be able to get detail post by id(user;get---as-admin-i-have-be-able-to-get-detail-post-by-id)
--------------------------------------------------------------------------------
10:20:37.372 [main] DEBUG net.thucydides.core.steps.StepInterceptor - STARTING STEP: UserSteps.setGetApiEndpointsById - I set GET api endpoints by id
10:20:37.373 [main] DEBUG net.thucydides.core.steps.StepInterceptor - STEP DONE: I set GET api endpoints by id
  &amp#27;[32mGiven &amp#27;[0m&amp#27;[32mI set GET api endpoints by id&amp#27;[0m                            &amp#27;[90m# starter.stepdefinitions.UserSteps.setGetApiEndpointsById()&amp#27;[0m
10:20:37.379 [main] DEBUG net.thucydides.core.steps.StepInterceptor - STARTING STEP: UserSteps.setGetHttpRequestById - I send GET HTTP request by id
10:20:37.380 [main] DEBUG net.thucydides.core.steps.StepInterceptor - STARTING STEP: Get.setGetHttpRequestById - I set GET api endpoints by id
10:20:37.380 [main] DEBUG net.thucydides.core.steps.StepInterceptor - STEP DONE: I set GET api endpoints by id
10:20:37.399 [main] DEBUG org.apache.http.impl.conn.BasicClientConnectionManager - Get connection for route {s}->https://jsonplaceholder.typicode.com:443
10:20:37.399 [main] DEBUG org.apache.http.impl.conn.DefaultClientConnectionOperator - Connecting to jsonplaceholder.typicode.com:443
10:20:37.550 [main] DEBUG org.apache.http.client.protocol.RequestAddCookies - CookieSpec selected: ignoreCookies
10:20:37.550 [main] DEBUG org.apache.http.client.protocol.RequestAuthCache - Auth cache not set in the context
10:20:37.550 [main] DEBUG org.apache.http.client.protocol.RequestTargetAuthentication - Target auth state: UNCHALLENGED
10:20:37.550 [main] DEBUG org.apache.http.client.protocol.RequestProxyAuthentication - Proxy auth state: UNCHALLENGED
10:20:37.550 [main] DEBUG org.apache.http.impl.client.DefaultHttpClient - Attempt 1 to execute request
10:20:37.550 [main] DEBUG org.apache.http.impl.conn.DefaultClientConnection - Sending request: GET /posts/1 HTTP/1.1
10:20:37.550 [main] DEBUG org.apache.http.wire -  >> "GET /posts/1 HTTP/1.1[\r][\n]"
10:20:37.550 [main] DEBUG org.apache.http.wire -  >> "Accept: */*[\r][\n]"
10:20:37.550 [main] DEBUG org.apache.http.wire -  >> "Host: jsonplaceholder.typicode.com[\r][\n]"
10:20:37.550 [main] DEBUG org.apache.http.wire -  >> "Connection: Keep-Alive[\r][\n]"
10:20:37.550 [main] DEBUG org.apache.http.wire -  >> "User-Agent: Apache-HttpClient/4.5.13 (Java/19.0.2)[\r][\n]"
10:20:37.550 [main] DEBUG org.apache.http.wire -  >> "Accept-Encoding: gzip,deflate[\r][\n]"
10:20:37.550 [main] DEBUG org.apache.http.wire -  >> "[\r][\n]"
10:20:37.550 [main] DEBUG org.apache.http.headers - >> GET /posts/1 HTTP/1.1
10:20:37.550 [main] DEBUG org.apache.http.headers - >> Accept: */*
10:20:37.550 [main] DEBUG org.apache.http.headers - >> Host: jsonplaceholder.typicode.com
10:20:37.550 [main] DEBUG org.apache.http.headers - >> Connection: Keep-Alive
10:20:37.550 [main] DEBUG org.apache.http.headers - >> User-Agent: Apache-HttpClient/4.5.13 (Java/19.0.2)
10:20:37.550 [main] DEBUG org.apache.http.headers - >> Accept-Encoding: gzip,deflate
10:20:37.589 [main] DEBUG org.apache.http.wire -  << "HTTP/1.1 200 OK[\r][\n]"
10:20:37.590 [main] DEBUG org.apache.http.wire -  << "Date: Sun, 16 Apr 2023 03:20:36 GMT[\r][\n]"
10:20:37.590 [main] DEBUG org.apache.http.wire -  << "Content-Type: application/json; charset=utf-8[\r][\n]"
10:20:37.590 [main] DEBUG org.apache.http.wire -  << "Transfer-Encoding: chunked[\r][\n]"
10:20:37.590 [main] DEBUG org.apache.http.wire -  << "Connection: keep-alive[\r][\n]"
10:20:37.590 [main] DEBUG org.apache.http.wire -  << "X-Powered-By: Express[\r][\n]"
10:20:37.590 [main] DEBUG org.apache.http.wire -  << "X-Ratelimit-Limit: 1000[\r][\n]"
10:20:37.590 [main] DEBUG org.apache.http.wire -  << "X-Ratelimit-Remaining: 999[\r][\n]"
10:20:37.590 [main] DEBUG org.apache.http.wire -  << "X-Ratelimit-Reset: 1677703661[\r][\n]"
10:20:37.590 [main] DEBUG org.apache.http.wire -  << "Vary: Origin, Accept-Encoding[\r][\n]"
10:20:37.590 [main] DEBUG org.apache.http.wire -  << "Access-Control-Allow-Credentials: true[\r][\n]"
10:20:37.590 [main] DEBUG org.apache.http.wire -  << "Cache-Control: max-age=43200[\r][\n]"
10:20:37.590 [main] DEBUG org.apache.http.wire -  << "Pragma: no-cache[\r][\n]"
10:20:37.590 [main] DEBUG org.apache.http.wire -  << "Expires: -1[\r][\n]"
10:20:37.590 [main] DEBUG org.apache.http.wire -  << "X-Content-Type-Options: nosniff[\r][\n]"
10:20:37.590 [main] DEBUG org.apache.http.wire -  << "Etag: W/"124-yiKdLzqO5gfBrJFrcdJ8Yq0LGnU"[\r][\n]"
10:20:37.590 [main] DEBUG org.apache.http.wire -  << "Via: 1.1 vegur[\r][\n]"
10:20:37.590 [main] DEBUG org.apache.http.wire -  << "CF-Cache-Status: HIT[\r][\n]"
10:20:37.590 [main] DEBUG org.apache.http.wire -  << "Age: 21423[\r][\n]"
10:20:37.590 [main] DEBUG org.apache.http.wire -  << "Report-To: {"endpoints":[{"url":"https:\/\/a.nel.cloudflare.com\/report\/v3?s=zoH%2FxNeO5dpM0bZBOhtwUrNJpYNHeX2Zhdvv10VM870PpLx6DMRfjUjBPLKf7zLsfbOL2914lGaL0VTKLhzzRiwqGzN%2F2XDaAz%2BUPIXLh69HlzbzvUSZldWA7Aim5eGTK4dR4PWOmVflqXfmHpQM"}],"group":"cf-nel","max_age":604800}[\r][\n]"
10:20:37.590 [main] DEBUG org.apache.http.wire -  << "NEL: {"success_fraction":0,"report_to":"cf-nel","max_age":604800}[\r][\n]"
10:20:37.591 [main] DEBUG org.apache.http.wire -  << "Server: cloudflare[\r][\n]"
10:20:37.591 [main] DEBUG org.apache.http.wire -  << "CF-RAY: 7b894b1e3bca3fc8-SIN[\r][\n]"
10:20:37.591 [main] DEBUG org.apache.http.wire -  << "Content-Encoding: gzip[\r][\n]"
10:20:37.591 [main] DEBUG org.apache.http.wire -  << "alt-svc: h3=":443"; ma=86400, h3-29=":443"; ma=86400[\r][\n]"
10:20:37.591 [main] DEBUG org.apache.http.wire -  << "[\r][\n]"
10:20:37.591 [main] DEBUG org.apache.http.impl.conn.DefaultClientConnection - Receiving response: HTTP/1.1 200 OK
10:20:37.591 [main] DEBUG org.apache.http.headers - << HTTP/1.1 200 OK
10:20:37.591 [main] DEBUG org.apache.http.headers - << Date: Sun, 16 Apr 2023 03:20:36 GMT
10:20:37.591 [main] DEBUG org.apache.http.headers - << Content-Type: application/json; charset=utf-8
10:20:37.591 [main] DEBUG org.apache.http.headers - << Transfer-Encoding: chunked
10:20:37.591 [main] DEBUG org.apache.http.headers - << Connection: keep-alive
10:20:37.591 [main] DEBUG org.apache.http.headers - << X-Powered-By: Express
10:20:37.591 [main] DEBUG org.apache.http.headers - << X-Ratelimit-Limit: 1000
10:20:37.591 [main] DEBUG org.apache.http.headers - << X-Ratelimit-Remaining: 999
10:20:37.591 [main] DEBUG org.apache.http.headers - << X-Ratelimit-Reset: 1677703661
10:20:37.591 [main] DEBUG org.apache.http.headers - << Vary: Origin, Accept-Encoding
10:20:37.591 [main] DEBUG org.apache.http.headers - << Access-Control-Allow-Credentials: true
10:20:37.591 [main] DEBUG org.apache.http.headers - << Cache-Control: max-age=43200
10:20:37.591 [main] DEBUG org.apache.http.headers - << Pragma: no-cache
10:20:37.591 [main] DEBUG org.apache.http.headers - << Expires: -1
10:20:37.591 [main] DEBUG org.apache.http.headers - << X-Content-Type-Options: nosniff
10:20:37.591 [main] DEBUG org.apache.http.headers - << Etag: W/"124-yiKdLzqO5gfBrJFrcdJ8Yq0LGnU"
10:20:37.591 [main] DEBUG org.apache.http.headers - << Via: 1.1 vegur
10:20:37.591 [main] DEBUG org.apache.http.headers - << CF-Cache-Status: HIT
10:20:37.591 [main] DEBUG org.apache.http.headers - << Age: 21423
10:20:37.591 [main] DEBUG org.apache.http.headers - << Report-To: {"endpoints":[{"url":"https:\/\/a.nel.cloudflare.com\/report\/v3?s=zoH%2FxNeO5dpM0bZBOhtwUrNJpYNHeX2Zhdvv10VM870PpLx6DMRfjUjBPLKf7zLsfbOL2914lGaL0VTKLhzzRiwqGzN%2F2XDaAz%2BUPIXLh69HlzbzvUSZldWA7Aim5eGTK4dR4PWOmVflqXfmHpQM"}],"group":"cf-nel","max_age":604800}
10:20:37.591 [main] DEBUG org.apache.http.headers - << NEL: {"success_fraction":0,"report_to":"cf-nel","max_age":604800}
10:20:37.591 [main] DEBUG org.apache.http.headers - << Server: cloudflare
10:20:37.591 [main] DEBUG org.apache.http.headers - << CF-RAY: 7b894b1e3bca3fc8-SIN
10:20:37.591 [main] DEBUG org.apache.http.headers - << Content-Encoding: gzip
10:20:37.591 [main] DEBUG org.apache.http.headers - << alt-svc: h3=":443"; ma=86400, h3-29=":443"; ma=86400
10:20:37.592 [main] DEBUG org.apache.http.impl.client.DefaultHttpClient - Connection can be kept alive indefinitely
10:20:37.592 [main] DEBUG io.restassured.internal.RestAssuredHttpBuilder - Parsing response as: application/json; charset=utf-8
10:20:37.592 [main] DEBUG org.apache.http.wire -  << "ca[\r][\n]"
10:20:37.592 [main] DEBUG org.apache.http.wire -  << "[0x1f][0x8b][0x8][0x0][0x0][0x0][0x0][0x0][0x0][0x3]U[0x8f]Kj[0x4]A[0xc]C[0xf7]s[\n]"
10:20:37.592 [main] DEBUG org.apache.http.wire -  << "Q[0xeb]l[0xb2][0x9d][0x1b][0xe4][0xe][0xbd]q\[\n]"
10:20:37.592 [main] DEBUG org.apache.http.wire -  << "c[0xe8][0xfa][0x8c][0xcb][0x1e]&[0x84][0xdc]=tC[0x8][0x1]#$[0x90][0x1f][0xe8][0xeb][0x2][0x94]\[0xf4][0xb7]Z[0xae]x}9[0xa2][0xfd][0xd9][0xb0][0xd8]Y[0xae](+{@2[0xf0]!J'[0x9c][0x93][0xfb].[0x81][0xe9][0xe3]a[0x95]=0T[0x85]*a[0xe0]S9#[0xdd]0f[0xd8]8[0xca][0xce][0x1b]{[0xa5][[0x94][0x13][0xfc]>[0xea][0xe7][0xc1][0xbd][0xa7][0x9][0x18]X[0xb9][0xd4][0xa6][0xc5][0xd6][0x1d][0x9c][0x9a]Kz[0x15]BG_[0xbc]g[0xf6]H[0x7][0x9f][0x93][0xd5][0xe2]|[0xd3]l[[0xff][0x87]G[0x1b];W[0x98][0x10][0x19][0xc7][0xdd]S[0x16]b[0x84][0xb4][0xad][0xf7][0xb1][0xc2][0xb3][0xc1]y([0xd7]9[0x89][\r][0xe7]:g[0x3][0x1f][0xec][0xc6][0x80][0xb8][0xde],[0xa8]1[0xca][0xe5][0xfb][0x7][0x15][0xc6][0x93][0xe8]$[0x1][0x0][0x0]"
10:20:37.592 [main] DEBUG org.apache.http.wire -  << "[\r][\n]"
10:20:37.593 [main] DEBUG org.apache.http.wire -  << "0[\r][\n]"
10:20:37.593 [main] DEBUG org.apache.http.wire -  << "[\r][\n]"
10:20:37.593 [main] DEBUG io.restassured.internal.RestAssuredHttpBuilder - Parsed data to instance of: class org.apache.http.conn.EofSensorInputStream
10:20:37.595 [main] DEBUG org.apache.http.impl.conn.BasicClientConnectionManager - Releasing connection org.apache.http.impl.conn.ManagedClientConnectionImpl@723c5f86
10:20:37.595 [main] DEBUG org.apache.http.impl.conn.BasicClientConnectionManager - Connection can be kept alive indefinitely
10:20:37.596 [main] DEBUG net.thucydides.core.steps.StepInterceptor - STEP DONE: I send GET HTTP request by id
  &amp#27;[32mWhen &amp#27;[0m&amp#27;[32mI send GET HTTP request by id&amp#27;[0m                             &amp#27;[90m# starter.stepdefinitions.UserSteps.setGetHttpRequestById()&amp#27;[0m
10:20:37.601 [main] DEBUG net.thucydides.core.steps.StepInterceptor - STARTING STEP: UserSteps.receiveValidHttpResponse - I receive valid HTTP response code 200
10:20:37.601 [main] DEBUG net.thucydides.core.steps.StepInterceptor - STEP DONE: I receive valid HTTP response code 200
  &amp#27;[32mThen &amp#27;[0m&amp#27;[32mI receive valid HTTP response code 200&amp#27;[0m                    &amp#27;[90m# starter.stepdefinitions.UserSteps.receiveValidHttpResponse()&amp#27;[0m
10:20:37.604 [main] DEBUG net.thucydides.core.steps.StepInterceptor - STARTING STEP: UserSteps.receiveValidDataForDetailPostById - I receive valid data for detail post by id
10:20:37.649 [main] DEBUG net.thucydides.core.steps.StepInterceptor - STEP DONE: I receive valid data for detail post by id
  &amp#27;[32mAnd &amp#27;[0m&amp#27;[32mI receive valid data for detail post by id&amp#27;[0m                 &amp#27;[90m# starter.stepdefinitions.UserSteps.receiveValidDataForDetailPostById()&amp#27;[0m
10:20:37.652 [main] INFO  - 
  _____   ___   ___   _____     ___     _     ___   ___   ___   ___  
 |_   _| | __| / __| |_   _|   | _ \   /_\   / __| / __| | __| |   \ 
   | |   | _|  \__ \   | |     |  _/  / _ \  \__ \ \__ \ | _|  | |) |
   |_|   |___| |___/   |_|     |_|   /_/ \_\ |___/ |___/ |___| |___/ 

GET - As admin I have be able to get detail post by id
----------------------------------------------------------------------
]]></system-out>
  </testcase>
  <testcase name="GET - As admin I haven&apos;t be able to get detail post by id" classname="User #2" time="0.76">
    <system-out><![CDATA[
Scenario: GET - As admin I haven't be able to get detail post by id &amp#27;[90m# src/test/resources/features/Get.feature:24&amp#27;[0m
10:20:37.660 [main] DEBUG io.cucumber.core.plugin.SerenityReporter - Running feature from file:///C:/Users/Bunayya%20Zulfikar/Documents/GitHub/QE_Refano-Saputra/10_RESTful_API_Testing_with_REST_Assured/praktikum/RESTful_API_Testing_with_REST_Assured/src/test/resources/features/Get.feature
10:20:37.664 [main] INFO  - 
  _____   ___   ___   _____     ___   _____     _     ___   _____   ___   ___  
 |_   _| | __| / __| |_   _|   / __| |_   _|   /_\   | _ \ |_   _| | __| |   \ 
   | |   | _|  \__ \   | |     \__ \   | |    / _ \  |   /   | |   | _|  | |) |
   |_|   |___| |___/   |_|     |___/   |_|   /_/ \_\ |_|_\   |_|   |___| |___/ 

GET - As admin I haven't be able to get detail post by id(user;get---as-admin-i-haven-t-be-able-to-get-detail-post-by-id)
--------------------------------------------------------------------------------
10:20:37.690 [main] DEBUG net.thucydides.core.steps.StepInterceptor - STARTING STEP: UserSteps.setGetTypoApiEndpointsById - I set typo GET api endpoints by id
10:20:37.690 [main] DEBUG net.thucydides.core.steps.StepInterceptor - STEP DONE: I set typo GET api endpoints by id
  &amp#27;[32mGiven &amp#27;[0m&amp#27;[32mI set typo GET api endpoints by id&amp#27;[0m                          &amp#27;[90m# starter.stepdefinitions.UserSteps.setGetTypoApiEndpointsById()&amp#27;[0m
10:20:37.693 [main] DEBUG net.thucydides.core.steps.StepInterceptor - STARTING STEP: UserSteps.setGetTypoHttpRequestById - I send typo GET HTTP request by id
10:20:37.695 [main] DEBUG net.thucydides.core.steps.StepInterceptor - STARTING STEP: Get.setGetTypoHttpRequestById - I set typo GET api endpoints by id
10:20:37.695 [main] DEBUG net.thucydides.core.steps.StepInterceptor - STEP DONE: I set typo GET api endpoints by id
10:20:37.712 [main] DEBUG org.apache.http.impl.conn.BasicClientConnectionManager - Get connection for route {s}->https://jsonplaceholder.typicode.com:443
10:20:37.712 [main] DEBUG org.apache.http.impl.conn.DefaultClientConnectionOperator - Connecting to jsonplaceholder.typicode.com:443
10:20:37.829 [main] DEBUG org.apache.http.client.protocol.RequestAddCookies - CookieSpec selected: ignoreCookies
10:20:37.829 [main] DEBUG org.apache.http.client.protocol.RequestAuthCache - Auth cache not set in the context
10:20:37.829 [main] DEBUG org.apache.http.client.protocol.RequestTargetAuthentication - Target auth state: UNCHALLENGED
10:20:37.829 [main] DEBUG org.apache.http.client.protocol.RequestProxyAuthentication - Proxy auth state: UNCHALLENGED
10:20:37.829 [main] DEBUG org.apache.http.impl.client.DefaultHttpClient - Attempt 1 to execute request
10:20:37.829 [main] DEBUG org.apache.http.impl.conn.DefaultClientConnection - Sending request: GET /post/%26%5E HTTP/1.1
10:20:37.829 [main] DEBUG org.apache.http.wire -  >> "GET /post/%26%5E HTTP/1.1[\r][\n]"
10:20:37.829 [main] DEBUG org.apache.http.wire -  >> "Accept: */*[\r][\n]"
10:20:37.829 [main] DEBUG org.apache.http.wire -  >> "Host: jsonplaceholder.typicode.com[\r][\n]"
10:20:37.829 [main] DEBUG org.apache.http.wire -  >> "Connection: Keep-Alive[\r][\n]"
10:20:37.829 [main] DEBUG org.apache.http.wire -  >> "User-Agent: Apache-HttpClient/4.5.13 (Java/19.0.2)[\r][\n]"
10:20:37.829 [main] DEBUG org.apache.http.wire -  >> "Accept-Encoding: gzip,deflate[\r][\n]"
10:20:37.829 [main] DEBUG org.apache.http.wire -  >> "[\r][\n]"
10:20:37.829 [main] DEBUG org.apache.http.headers - >> GET /post/%26%5E HTTP/1.1
10:20:37.829 [main] DEBUG org.apache.http.headers - >> Accept: */*
10:20:37.829 [main] DEBUG org.apache.http.headers - >> Host: jsonplaceholder.typicode.com
10:20:37.829 [main] DEBUG org.apache.http.headers - >> Connection: Keep-Alive
10:20:37.829 [main] DEBUG org.apache.http.headers - >> User-Agent: Apache-HttpClient/4.5.13 (Java/19.0.2)
10:20:37.829 [main] DEBUG org.apache.http.headers - >> Accept-Encoding: gzip,deflate
10:20:38.405 [main] DEBUG org.apache.http.wire -  << "HTTP/1.1 404 Not Found[\r][\n]"
10:20:38.405 [main] DEBUG org.apache.http.wire -  << "Date: Sun, 16 Apr 2023 03:20:37 GMT[\r][\n]"
10:20:38.405 [main] DEBUG org.apache.http.wire -  << "Content-Type: application/json; charset=utf-8[\r][\n]"
10:20:38.405 [main] DEBUG org.apache.http.wire -  << "Content-Length: 2[\r][\n]"
10:20:38.405 [main] DEBUG org.apache.http.wire -  << "Connection: keep-alive[\r][\n]"
10:20:38.405 [main] DEBUG org.apache.http.wire -  << "X-Powered-By: Express[\r][\n]"
10:20:38.405 [main] DEBUG org.apache.http.wire -  << "X-Ratelimit-Limit: 1000[\r][\n]"
10:20:38.405 [main] DEBUG org.apache.http.wire -  << "X-Ratelimit-Remaining: 999[\r][\n]"
10:20:38.405 [main] DEBUG org.apache.http.wire -  << "X-Ratelimit-Reset: 1681615294[\r][\n]"
10:20:38.405 [main] DEBUG org.apache.http.wire -  << "Vary: Origin, Accept-Encoding[\r][\n]"
10:20:38.405 [main] DEBUG org.apache.http.wire -  << "Access-Control-Allow-Credentials: true[\r][\n]"
10:20:38.405 [main] DEBUG org.apache.http.wire -  << "Cache-Control: max-age=43200[\r][\n]"
10:20:38.405 [main] DEBUG org.apache.http.wire -  << "Pragma: no-cache[\r][\n]"
10:20:38.405 [main] DEBUG org.apache.http.wire -  << "Expires: -1[\r][\n]"
10:20:38.405 [main] DEBUG org.apache.http.wire -  << "X-Content-Type-Options: nosniff[\r][\n]"
10:20:38.405 [main] DEBUG org.apache.http.wire -  << "Etag: W/"2-vyGp6PvFo4RvsFtPoIWeCReyIC8"[\r][\n]"
10:20:38.405 [main] DEBUG org.apache.http.wire -  << "Via: 1.1 vegur[\r][\n]"
10:20:38.405 [main] DEBUG org.apache.http.wire -  << "CF-Cache-Status: MISS[\r][\n]"
10:20:38.405 [main] DEBUG org.apache.http.wire -  << "Report-To: {"endpoints":[{"url":"https:\/\/a.nel.cloudflare.com\/report\/v3?s=dOI0d4eHvVegJ6WUyBkenWtyvJkWQ%2BP945USRRIXXHBzAN8ZFHhV%2BwyYzk58Bg6T9CAcVHc0msZ%2FVJsWXylrpU4G3it3Z%2FJ%2FGP0pVvG7wi1j8QpT4hi4dhzB4ulR99Rouyz0yfa7gF%2FPn3XNRAjG"}],"group":"cf-nel","max_age":604800}[\r][\n]"
10:20:38.405 [main] DEBUG org.apache.http.wire -  << "NEL: {"success_fraction":0,"report_to":"cf-nel","max_age":604800}[\r][\n]"
10:20:38.405 [main] DEBUG org.apache.http.wire -  << "Server: cloudflare[\r][\n]"
10:20:38.405 [main] DEBUG org.apache.http.wire -  << "CF-RAY: 7b894b1ffc784059-SIN[\r][\n]"
10:20:38.405 [main] DEBUG org.apache.http.wire -  << "alt-svc: h3=":443"; ma=86400, h3-29=":443"; ma=86400[\r][\n]"
10:20:38.405 [main] DEBUG org.apache.http.wire -  << "[\r][\n]"
10:20:38.405 [main] DEBUG org.apache.http.impl.conn.DefaultClientConnection - Receiving response: HTTP/1.1 404 Not Found
10:20:38.405 [main] DEBUG org.apache.http.headers - << HTTP/1.1 404 Not Found
10:20:38.405 [main] DEBUG org.apache.http.headers - << Date: Sun, 16 Apr 2023 03:20:37 GMT
10:20:38.405 [main] DEBUG org.apache.http.headers - << Content-Type: application/json; charset=utf-8
10:20:38.405 [main] DEBUG org.apache.http.headers - << Content-Length: 2
10:20:38.405 [main] DEBUG org.apache.http.headers - << Connection: keep-alive
10:20:38.405 [main] DEBUG org.apache.http.headers - << X-Powered-By: Express
10:20:38.405 [main] DEBUG org.apache.http.headers - << X-Ratelimit-Limit: 1000
10:20:38.405 [main] DEBUG org.apache.http.headers - << X-Ratelimit-Remaining: 999
10:20:38.405 [main] DEBUG org.apache.http.headers - << X-Ratelimit-Reset: 1681615294
10:20:38.405 [main] DEBUG org.apache.http.headers - << Vary: Origin, Accept-Encoding
10:20:38.405 [main] DEBUG org.apache.http.headers - << Access-Control-Allow-Credentials: true
10:20:38.405 [main] DEBUG org.apache.http.headers - << Cache-Control: max-age=43200
10:20:38.405 [main] DEBUG org.apache.http.headers - << Pragma: no-cache
10:20:38.405 [main] DEBUG org.apache.http.headers - << Expires: -1
10:20:38.405 [main] DEBUG org.apache.http.headers - << X-Content-Type-Options: nosniff
10:20:38.405 [main] DEBUG org.apache.http.headers - << Etag: W/"2-vyGp6PvFo4RvsFtPoIWeCReyIC8"
10:20:38.405 [main] DEBUG org.apache.http.headers - << Via: 1.1 vegur
10:20:38.405 [main] DEBUG org.apache.http.headers - << CF-Cache-Status: MISS
10:20:38.405 [main] DEBUG org.apache.http.headers - << Report-To: {"endpoints":[{"url":"https:\/\/a.nel.cloudflare.com\/report\/v3?s=dOI0d4eHvVegJ6WUyBkenWtyvJkWQ%2BP945USRRIXXHBzAN8ZFHhV%2BwyYzk58Bg6T9CAcVHc0msZ%2FVJsWXylrpU4G3it3Z%2FJ%2FGP0pVvG7wi1j8QpT4hi4dhzB4ulR99Rouyz0yfa7gF%2FPn3XNRAjG"}],"group":"cf-nel","max_age":604800}
10:20:38.405 [main] DEBUG org.apache.http.headers - << NEL: {"success_fraction":0,"report_to":"cf-nel","max_age":604800}
10:20:38.405 [main] DEBUG org.apache.http.headers - << Server: cloudflare
10:20:38.405 [main] DEBUG org.apache.http.headers - << CF-RAY: 7b894b1ffc784059-SIN
10:20:38.406 [main] DEBUG org.apache.http.headers - << alt-svc: h3=":443"; ma=86400, h3-29=":443"; ma=86400
10:20:38.406 [main] DEBUG org.apache.http.impl.client.DefaultHttpClient - Connection can be kept alive indefinitely
10:20:38.406 [main] DEBUG io.restassured.internal.RestAssuredHttpBuilder - Parsing response as: application/json; charset=utf-8
10:20:38.406 [main] DEBUG io.restassured.internal.RestAssuredHttpBuilder - Parsed data to instance of: class org.apache.http.conn.EofSensorInputStream
10:20:38.407 [main] DEBUG org.apache.http.wire -  << "{}"
10:20:38.407 [main] DEBUG org.apache.http.impl.conn.BasicClientConnectionManager - Releasing connection org.apache.http.impl.conn.ManagedClientConnectionImpl@59ec5a0b
10:20:38.407 [main] DEBUG org.apache.http.impl.conn.BasicClientConnectionManager - Connection can be kept alive indefinitely
10:20:38.408 [main] DEBUG net.thucydides.core.steps.StepInterceptor - STEP DONE: I send typo GET HTTP request by id
  &amp#27;[32mWhen &amp#27;[0m&amp#27;[32mI send typo GET HTTP request by id&amp#27;[0m                           &amp#27;[90m# starter.stepdefinitions.UserSteps.setGetTypoHttpRequestById()&amp#27;[0m
10:20:38.411 [main] DEBUG net.thucydides.core.steps.StepInterceptor - STARTING STEP: UserSteps.receiveValidHttpResponse404 - I receive valid HTTP response code 404
10:20:38.412 [main] DEBUG net.thucydides.core.steps.StepInterceptor - STEP DONE: I receive valid HTTP response code 404
  &amp#27;[32mThen &amp#27;[0m&amp#27;[32mI receive valid HTTP response code 404&amp#27;[0m                       &amp#27;[90m# starter.stepdefinitions.UserSteps.receiveValidHttpResponse404()&amp#27;[0m
10:20:38.413 [main] INFO  - 
  _____   ___   ___   _____     ___     _     ___   ___   ___   ___  
 |_   _| | __| / __| |_   _|   | _ \   /_\   / __| / __| | __| |   \ 
   | |   | _|  \__ \   | |     |  _/  / _ \  \__ \ \__ \ | _|  | |) |
   |_|   |___| |___/   |_|     |_|   /_/ \_\ |___/ |___/ |___| |___/ 

GET - As admin I haven't be able to get detail post by id
----------------------------------------------------------------------
]]></system-out>
  </testcase>
  <testcase name="POST - As admin I have be able to create new post" classname="User #3" time="0.751">
    <system-out><![CDATA[10:20:38.414 [main] DEBUG io.cucumber.core.plugin.SerenityReporter - Running feature from file:///C:/Users/Bunayya%20Zulfikar/Documents/GitHub/QE_Refano-Saputra/10_RESTful_API_Testing_with_REST_Assured/praktikum/RESTful_API_Testing_with_REST_Assured/src/test/resources/features/Post.feature
10:20:38.416 [main] DEBUG net.thucydides.core.steps.StepEventBus - Test suite started for story net.thucydides.core.model.Story@596c655d
10:20:38.417 [main] INFO  - Test Suite Started: User

Scenario: POST - As admin I have be able to create new post &amp#27;[90m# src/test/resources/features/Post.feature:7&amp#27;[0m
10:20:38.422 [main] DEBUG io.cucumber.core.plugin.SerenityReporter - Running feature from file:///C:/Users/Bunayya%20Zulfikar/Documents/GitHub/QE_Refano-Saputra/10_RESTful_API_Testing_with_REST_Assured/praktikum/RESTful_API_Testing_with_REST_Assured/src/test/resources/features/Post.feature
10:20:38.425 [main] INFO  - 
  _____   ___   ___   _____     ___   _____     _     ___   _____   ___   ___  
 |_   _| | __| / __| |_   _|   / __| |_   _|   /_\   | _ \ |_   _| | __| |   \ 
   | |   | _|  \__ \   | |     \__ \   | |    / _ \  |   /   | |   | _|  | |) |
   |_|   |___| |___/   |_|     |___/   |_|   /_/ \_\ |_|_\   |_|   |___| |___/ 

POST - As admin I have be able to create new post(user;post---as-admin-i-have-be-able-to-create-new-post)
--------------------------------------------------------------------------------
10:20:38.439 [main] DEBUG net.thucydides.core.steps.StepInterceptor - STARTING STEP: UserSteps.setPostApiEndpoints - I set POST api endpoints
10:20:38.440 [main] DEBUG net.thucydides.core.steps.StepInterceptor - STEP DONE: I set POST api endpoints
  &amp#27;[32mGiven &amp#27;[0m&amp#27;[32mI set POST api endpoints&amp#27;[0m                            &amp#27;[90m# starter.stepdefinitions.UserSteps.setPostApiEndpoints()&amp#27;[0m
10:20:38.443 [main] DEBUG net.thucydides.core.steps.StepInterceptor - STARTING STEP: UserSteps.sendPostHttpRequest - I send POST HTTP request
10:20:38.453 [main] DEBUG net.thucydides.core.steps.StepInterceptor - STARTING STEP: Post.sendPostHttpRequest - I set POST api endpoints
10:20:38.453 [main] DEBUG net.thucydides.core.steps.StepInterceptor - STEP DONE: I set POST api endpoints
10:20:38.483 [main] DEBUG org.apache.http.impl.conn.BasicClientConnectionManager - Get connection for route {s}->https://jsonplaceholder.typicode.com:443
10:20:38.483 [main] DEBUG org.apache.http.impl.conn.DefaultClientConnectionOperator - Connecting to jsonplaceholder.typicode.com:443
10:20:38.573 [main] DEBUG org.apache.http.client.protocol.RequestAddCookies - CookieSpec selected: ignoreCookies
10:20:38.574 [main] DEBUG org.apache.http.client.protocol.RequestAuthCache - Auth cache not set in the context
10:20:38.574 [main] DEBUG org.apache.http.client.protocol.RequestTargetAuthentication - Target auth state: UNCHALLENGED
10:20:38.574 [main] DEBUG org.apache.http.client.protocol.RequestProxyAuthentication - Proxy auth state: UNCHALLENGED
10:20:38.574 [main] DEBUG org.apache.http.impl.client.DefaultHttpClient - Attempt 1 to execute request
10:20:38.574 [main] DEBUG org.apache.http.impl.conn.DefaultClientConnection - Sending request: POST /posts HTTP/1.1
10:20:38.574 [main] DEBUG org.apache.http.wire -  >> "POST /posts HTTP/1.1[\r][\n]"
10:20:38.574 [main] DEBUG org.apache.http.wire -  >> "Accept: */*[\r][\n]"
10:20:38.574 [main] DEBUG org.apache.http.wire -  >> "Content-Type: application/json[\r][\n]"
10:20:38.574 [main] DEBUG org.apache.http.wire -  >> "Content-Length: 157[\r][\n]"
10:20:38.574 [main] DEBUG org.apache.http.wire -  >> "Host: jsonplaceholder.typicode.com[\r][\n]"
10:20:38.574 [main] DEBUG org.apache.http.wire -  >> "Connection: Keep-Alive[\r][\n]"
10:20:38.574 [main] DEBUG org.apache.http.wire -  >> "User-Agent: Apache-HttpClient/4.5.13 (Java/19.0.2)[\r][\n]"
10:20:38.574 [main] DEBUG org.apache.http.wire -  >> "Accept-Encoding: gzip,deflate[\r][\n]"
10:20:38.574 [main] DEBUG org.apache.http.wire -  >> "[\r][\n]"
10:20:38.574 [main] DEBUG org.apache.http.headers - >> POST /posts HTTP/1.1
10:20:38.574 [main] DEBUG org.apache.http.headers - >> Accept: */*
10:20:38.574 [main] DEBUG org.apache.http.headers - >> Content-Type: application/json
10:20:38.574 [main] DEBUG org.apache.http.headers - >> Content-Length: 157
10:20:38.574 [main] DEBUG org.apache.http.headers - >> Host: jsonplaceholder.typicode.com
10:20:38.574 [main] DEBUG org.apache.http.headers - >> Connection: Keep-Alive
10:20:38.574 [main] DEBUG org.apache.http.headers - >> User-Agent: Apache-HttpClient/4.5.13 (Java/19.0.2)
10:20:38.574 [main] DEBUG org.apache.http.headers - >> Accept-Encoding: gzip,deflate
10:20:38.574 [main] DEBUG org.apache.http.wire -  >> "{"id":101,"title":"marmut merah jambu","body":"pada suatu hari hiduplah seekor singa yang tampan dan rupawan dengan bangganya beliau makan sapi","userId":10}"
10:20:39.116 [main] DEBUG org.apache.http.wire -  << "HTTP/1.1 201 Created[\r][\n]"
10:20:39.116 [main] DEBUG org.apache.http.wire -  << "Date: Sun, 16 Apr 2023 03:20:38 GMT[\r][\n]"
10:20:39.116 [main] DEBUG org.apache.http.wire -  << "Content-Type: application/json; charset=utf-8[\r][\n]"
10:20:39.116 [main] DEBUG org.apache.http.wire -  << "Content-Length: 174[\r][\n]"
10:20:39.116 [main] DEBUG org.apache.http.wire -  << "Connection: keep-alive[\r][\n]"
10:20:39.116 [main] DEBUG org.apache.http.wire -  << "X-Powered-By: Express[\r][\n]"
10:20:39.116 [main] DEBUG org.apache.http.wire -  << "X-Ratelimit-Limit: 1000[\r][\n]"
10:20:39.116 [main] DEBUG org.apache.http.wire -  << "X-Ratelimit-Remaining: 996[\r][\n]"
10:20:39.116 [main] DEBUG org.apache.http.wire -  << "X-Ratelimit-Reset: 1681615294[\r][\n]"
10:20:39.116 [main] DEBUG org.apache.http.wire -  << "Vary: Origin, X-HTTP-Method-Override, Accept-Encoding[\r][\n]"
10:20:39.116 [main] DEBUG org.apache.http.wire -  << "Access-Control-Allow-Credentials: true[\r][\n]"
10:20:39.116 [main] DEBUG org.apache.http.wire -  << "Cache-Control: no-cache[\r][\n]"
10:20:39.116 [main] DEBUG org.apache.http.wire -  << "Pragma: no-cache[\r][\n]"
10:20:39.116 [main] DEBUG org.apache.http.wire -  << "Expires: -1[\r][\n]"
10:20:39.116 [main] DEBUG org.apache.http.wire -  << "Access-Control-Expose-Headers: Location[\r][\n]"
10:20:39.116 [main] DEBUG org.apache.http.wire -  << "Location: http://jsonplaceholder.typicode.com/posts/101[\r][\n]"
10:20:39.116 [main] DEBUG org.apache.http.wire -  << "X-Content-Type-Options: nosniff[\r][\n]"
10:20:39.116 [main] DEBUG org.apache.http.wire -  << "Etag: W/"ae-wIjopb5D99asyzP1rZJbPI4yECU"[\r][\n]"
10:20:39.116 [main] DEBUG org.apache.http.wire -  << "Via: 1.1 vegur[\r][\n]"
10:20:39.116 [main] DEBUG org.apache.http.wire -  << "CF-Cache-Status: DYNAMIC[\r][\n]"
10:20:39.116 [main] DEBUG org.apache.http.wire -  << "Report-To: {"endpoints":[{"url":"https:\/\/a.nel.cloudflare.com\/report\/v3?s=0ZxTaHT59FFAhU8oqXkgsl0PasEhdSXNq04jRac1FDiqW%2BNgr6CyECcu5ooVQ7s7o%2FTGh9ShPnULIPt3QcbPeiMpA3scbVjAFOWtSQEGmCL%2BYFD8Y7XJ2Cz2fGFPhLsYgWryYLJgscRQRg0Fk%2BgS"}],"group":"cf-nel","max_age":604800}[\r][\n]"
10:20:39.116 [main] DEBUG org.apache.http.wire -  << "NEL: {"success_fraction":0,"report_to":"cf-nel","max_age":604800}[\r][\n]"
10:20:39.116 [main] DEBUG org.apache.http.wire -  << "Server: cloudflare[\r][\n]"
10:20:39.116 [main] DEBUG org.apache.http.wire -  << "CF-RAY: 7b894b24ad243dc9-SIN[\r][\n]"
10:20:39.116 [main] DEBUG org.apache.http.wire -  << "alt-svc: h3=":443"; ma=86400, h3-29=":443"; ma=86400[\r][\n]"
10:20:39.116 [main] DEBUG org.apache.http.wire -  << "[\r][\n]"
10:20:39.116 [main] DEBUG org.apache.http.impl.conn.DefaultClientConnection - Receiving response: HTTP/1.1 201 Created
10:20:39.116 [main] DEBUG org.apache.http.headers - << HTTP/1.1 201 Created
10:20:39.116 [main] DEBUG org.apache.http.headers - << Date: Sun, 16 Apr 2023 03:20:38 GMT
10:20:39.116 [main] DEBUG org.apache.http.headers - << Content-Type: application/json; charset=utf-8
10:20:39.116 [main] DEBUG org.apache.http.headers - << Content-Length: 174
10:20:39.116 [main] DEBUG org.apache.http.headers - << Connection: keep-alive
10:20:39.116 [main] DEBUG org.apache.http.headers - << X-Powered-By: Express
10:20:39.116 [main] DEBUG org.apache.http.headers - << X-Ratelimit-Limit: 1000
10:20:39.116 [main] DEBUG org.apache.http.headers - << X-Ratelimit-Remaining: 996
10:20:39.116 [main] DEBUG org.apache.http.headers - << X-Ratelimit-Reset: 1681615294
10:20:39.116 [main] DEBUG org.apache.http.headers - << Vary: Origin, X-HTTP-Method-Override, Accept-Encoding
10:20:39.116 [main] DEBUG org.apache.http.headers - << Access-Control-Allow-Credentials: true
10:20:39.116 [main] DEBUG org.apache.http.headers - << Cache-Control: no-cache
10:20:39.116 [main] DEBUG org.apache.http.headers - << Pragma: no-cache
10:20:39.116 [main] DEBUG org.apache.http.headers - << Expires: -1
10:20:39.116 [main] DEBUG org.apache.http.headers - << Access-Control-Expose-Headers: Location
10:20:39.117 [main] DEBUG org.apache.http.headers - << Location: http://jsonplaceholder.typicode.com/posts/101
10:20:39.117 [main] DEBUG org.apache.http.headers - << X-Content-Type-Options: nosniff
10:20:39.117 [main] DEBUG org.apache.http.headers - << Etag: W/"ae-wIjopb5D99asyzP1rZJbPI4yECU"
10:20:39.117 [main] DEBUG org.apache.http.headers - << Via: 1.1 vegur
10:20:39.117 [main] DEBUG org.apache.http.headers - << CF-Cache-Status: DYNAMIC
10:20:39.117 [main] DEBUG org.apache.http.headers - << Report-To: {"endpoints":[{"url":"https:\/\/a.nel.cloudflare.com\/report\/v3?s=0ZxTaHT59FFAhU8oqXkgsl0PasEhdSXNq04jRac1FDiqW%2BNgr6CyECcu5ooVQ7s7o%2FTGh9ShPnULIPt3QcbPeiMpA3scbVjAFOWtSQEGmCL%2BYFD8Y7XJ2Cz2fGFPhLsYgWryYLJgscRQRg0Fk%2BgS"}],"group":"cf-nel","max_age":604800}
10:20:39.117 [main] DEBUG org.apache.http.headers - << NEL: {"success_fraction":0,"report_to":"cf-nel","max_age":604800}
10:20:39.117 [main] DEBUG org.apache.http.headers - << Server: cloudflare
10:20:39.117 [main] DEBUG org.apache.http.headers - << CF-RAY: 7b894b24ad243dc9-SIN
10:20:39.117 [main] DEBUG org.apache.http.headers - << alt-svc: h3=":443"; ma=86400, h3-29=":443"; ma=86400
10:20:39.117 [main] DEBUG org.apache.http.impl.client.DefaultHttpClient - Connection can be kept alive indefinitely
10:20:39.117 [main] DEBUG io.restassured.internal.RestAssuredHttpBuilder - Parsing response as: application/json; charset=utf-8
10:20:39.117 [main] DEBUG io.restassured.internal.RestAssuredHttpBuilder - Parsed data to instance of: class org.apache.http.conn.EofSensorInputStream
10:20:39.118 [main] DEBUG org.apache.http.wire -  << "{[\n]"
10:20:39.119 [main] DEBUG org.apache.http.wire -  << "  "id": 101,[\n]"
10:20:39.119 [main] DEBUG org.apache.http.wire -  << "  "title": "marmut merah jambu",[\n]"
10:20:39.119 [main] DEBUG org.apache.http.wire -  << "  "body": "pada suatu hari hiduplah seekor singa yang tampan dan rupawan dengan bangganya beliau makan sapi",[\n]"
10:20:39.119 [main] DEBUG org.apache.http.wire -  << "  "userId": 10[\n]"
10:20:39.119 [main] DEBUG org.apache.http.wire -  << "}"
10:20:39.119 [main] DEBUG org.apache.http.impl.conn.BasicClientConnectionManager - Releasing connection org.apache.http.impl.conn.ManagedClientConnectionImpl@1fe7fa16
10:20:39.119 [main] DEBUG org.apache.http.impl.conn.BasicClientConnectionManager - Connection can be kept alive indefinitely
10:20:39.119 [main] DEBUG net.thucydides.core.steps.StepInterceptor - STEP DONE: I send POST HTTP request
  &amp#27;[32mWhen &amp#27;[0m&amp#27;[32mI send POST HTTP request&amp#27;[0m                             &amp#27;[90m# starter.stepdefinitions.UserSteps.sendPostHttpRequest()&amp#27;[0m
10:20:39.121 [main] DEBUG net.thucydides.core.steps.StepInterceptor - STARTING STEP: UserSteps.receiveValidHttp201 - I receive valid HTTP response code 201
10:20:39.122 [main] DEBUG net.thucydides.core.steps.StepInterceptor - STEP DONE: I receive valid HTTP response code 201
  &amp#27;[32mThen &amp#27;[0m&amp#27;[32mI receive valid HTTP response code 201&amp#27;[0m               &amp#27;[90m# starter.stepdefinitions.UserSteps.receiveValidHttp201()&amp#27;[0m
10:20:39.124 [main] DEBUG net.thucydides.core.steps.StepInterceptor - STARTING STEP: UserSteps.validateDatanewPost - I receive valid data for new post
10:20:39.167 [main] DEBUG net.thucydides.core.steps.StepInterceptor - STEP DONE: I receive valid data for new post
  &amp#27;[32mAnd &amp#27;[0m&amp#27;[32mI receive valid data for new post&amp#27;[0m                     &amp#27;[90m# starter.stepdefinitions.UserSteps.validateDatanewPost()&amp#27;[0m
10:20:39.168 [main] INFO  - 
  _____   ___   ___   _____     ___     _     ___   ___   ___   ___  
 |_   _| | __| / __| |_   _|   | _ \   /_\   / __| / __| | __| |   \ 
   | |   | _|  \__ \   | |     |  _/  / _ \  \__ \ \__ \ | _|  | |) |
   |_|   |___| |___/   |_|     |_|   /_/ \_\ |___/ |___/ |___| |___/ 

POST - As admin I have be able to create new post
----------------------------------------------------------------------
]]></system-out>
  </testcase>
[...]
10:20:40.559 [main] DEBUG org.apache.http.wire -  << "X-Ratelimit-Reset: 1681615294[\r][\n]"
10:20:40.559 [main] DEBUG org.apache.http.wire -  << "Vary: Origin, Accept-Encoding[\r][\n]"
10:20:40.559 [main] DEBUG org.apache.http.wire -  << "Access-Control-Allow-Credentials: true[\r][\n]"
10:20:40.559 [main] DEBUG org.apache.http.wire -  << "Cache-Control: no-cache[\r][\n]"
10:20:40.559 [main] DEBUG org.apache.http.wire -  << "Pragma: no-cache[\r][\n]"
10:20:40.559 [main] DEBUG org.apache.http.wire -  << "Expires: -1[\r][\n]"
10:20:40.559 [main] DEBUG org.apache.http.wire -  << "X-Content-Type-Options: nosniff[\r][\n]"
10:20:40.559 [main] DEBUG org.apache.http.wire -  << "Etag: W/"7d-3JJSR3p6PRidQAAs/vsMRXklq64"[\r][\n]"
10:20:40.559 [main] DEBUG org.apache.http.wire -  << "Via: 1.1 vegur[\r][\n]"
10:20:40.559 [main] DEBUG org.apache.http.wire -  << "CF-Cache-Status: DYNAMIC[\r][\n]"
10:20:40.559 [main] DEBUG org.apache.http.wire -  << "Report-To: {"endpoints":[{"url":"https:\/\/a.nel.cloudflare.com\/report\/v3?s=6QAJZbA6fPhNtVkIG8SXnW%2BmxGX4Y%2B7u7T18IkdH58uMe9BBqhwC3AophtVSbeidLuOjhgl8%2BhE1E1GxzJWnMYPhgGU%2F%2FcOeny9xQr8DWMOzcMvqVp1Qc%2Byb4LUjPNdSiNOqYagGZqpTR%2B8YS9UD"}],"group":"cf-nel","max_age":604800}[\r][\n]"
10:20:40.559 [main] DEBUG org.apache.http.wire -  << "NEL: {"success_fraction":0,"report_to":"cf-nel","max_age":604800}[\r][\n]"
10:20:40.559 [main] DEBUG org.apache.http.wire -  << "Server: cloudflare[\r][\n]"
10:20:40.559 [main] DEBUG org.apache.http.wire -  << "CF-RAY: 7b894b2d79163f7a-SIN[\r][\n]"
10:20:40.559 [main] DEBUG org.apache.http.wire -  << "Content-Encoding: gzip[\r][\n]"
10:20:40.559 [main] DEBUG org.apache.http.wire -  << "alt-svc: h3=":443"; ma=86400, h3-29=":443"; ma=86400[\r][\n]"
10:20:40.559 [main] DEBUG org.apache.http.wire -  << "[\r][\n]"
10:20:40.559 [main] DEBUG org.apache.http.impl.conn.DefaultClientConnection - Receiving response: HTTP/1.1 200 OK
10:20:40.559 [main] DEBUG org.apache.http.headers - << HTTP/1.1 200 OK
10:20:40.559 [main] DEBUG org.apache.http.headers - << Date: Sun, 16 Apr 2023 03:20:39 GMT
10:20:40.559 [main] DEBUG org.apache.http.headers - << Content-Type: application/json; charset=utf-8
10:20:40.559 [main] DEBUG org.apache.http.headers - << Transfer-Encoding: chunked
10:20:40.559 [main] DEBUG org.apache.http.headers - << Connection: keep-alive
10:20:40.559 [main] DEBUG org.apache.http.headers - << X-Powered-By: Express
10:20:40.559 [main] DEBUG org.apache.http.headers - << X-Ratelimit-Limit: 1000
10:20:40.559 [main] DEBUG org.apache.http.headers - << X-Ratelimit-Remaining: 998
10:20:40.559 [main] DEBUG org.apache.http.headers - << X-Ratelimit-Reset: 1681615294
10:20:40.559 [main] DEBUG org.apache.http.headers - << Vary: Origin, Accept-Encoding
10:20:40.559 [main] DEBUG org.apache.http.headers - << Access-Control-Allow-Credentials: true
10:20:40.559 [main] DEBUG org.apache.http.headers - << Cache-Control: no-cache
10:20:40.559 [main] DEBUG org.apache.http.headers - << Pragma: no-cache
10:20:40.559 [main] DEBUG org.apache.http.headers - << Expires: -1
10:20:40.559 [main] DEBUG org.apache.http.headers - << X-Content-Type-Options: nosniff
10:20:40.559 [main] DEBUG org.apache.http.headers - << Etag: W/"7d-3JJSR3p6PRidQAAs/vsMRXklq64"
10:20:40.559 [main] DEBUG org.apache.http.headers - << Via: 1.1 vegur
10:20:40.559 [main] DEBUG org.apache.http.headers - << CF-Cache-Status: DYNAMIC
10:20:40.559 [main] DEBUG org.apache.http.headers - << Report-To: {"endpoints":[{"url":"https:\/\/a.nel.cloudflare.com\/report\/v3?s=6QAJZbA6fPhNtVkIG8SXnW%2BmxGX4Y%2B7u7T18IkdH58uMe9BBqhwC3AophtVSbeidLuOjhgl8%2BhE1E1GxzJWnMYPhgGU%2F%2FcOeny9xQr8DWMOzcMvqVp1Qc%2Byb4LUjPNdSiNOqYagGZqpTR%2B8YS9UD"}],"group":"cf-nel","max_age":604800}
10:20:40.559 [main] DEBUG org.apache.http.headers - << NEL: {"success_fraction":0,"report_to":"cf-nel","max_age":604800}
10:20:40.559 [main] DEBUG org.apache.http.headers - << Server: cloudflare
10:20:40.559 [main] DEBUG org.apache.http.headers - << CF-RAY: 7b894b2d79163f7a-SIN
10:20:40.559 [main] DEBUG org.apache.http.headers - << Content-Encoding: gzip
10:20:40.559 [main] DEBUG org.apache.http.headers - << alt-svc: h3=":443"; ma=86400, h3-29=":443"; ma=86400
10:20:40.559 [main] DEBUG org.apache.http.impl.client.DefaultHttpClient - Connection can be kept alive indefinitely
10:20:40.559 [main] DEBUG io.restassured.internal.RestAssuredHttpBuilder - Parsing response as: application/json; charset=utf-8
10:20:40.559 [main] DEBUG org.apache.http.wire -  << "7c[\r][\n]"
10:20:40.559 [main] DEBUG org.apache.http.wire -  << "[0x1f][0x8b][0x8][0x0][0x0][0x0][0x0][0x0][0x0][0x3][0x14][0xcd]1[\n]"
10:20:40.559 [main] DEBUG org.apache.http.wire -  << "[0xc3]0[0xc][0x5][0xd0]=[0xa7][0xf8]x[0xee][0xd2]5[0xb7][0xf9]FB6N[0x14]cG[0x14]Sz[0xf7][0x92][0xed]m[0xef][0xbb][0x1])_[0xb2][0xd2][0x8e][0xd4])[0xc4][0xc][0xde][0x81][0xc2]QQ[0xaa]D?X0U[0xdb]50[0xab][0x1b][0xb1][0xe8][0x86][0x9b]g[0xa7]C[0xe8][0x18][0xd1][0xf9]y[0xac]ntd[0xba][0x19]}[0x11]Y[0x8f][0xca][0xc0][0xc9]FG[0xd3][0x91][0x19][0xe9][0xf5]|U[0xd2][0x8e][0xf7][0xf6][0xfb][0x3][0x0][0x0][0xff][0xff][0x3][0x0][0xa9]S%O}[0x0][0x0][0x0]"
10:20:40.559 [main] DEBUG org.apache.http.wire -  << "[\r][\n]"
10:20:40.559 [main] DEBUG org.apache.http.wire -  << "0[\r][\n]"
10:20:40.559 [main] DEBUG org.apache.http.wire -  << "[\r][\n]"
10:20:40.559 [main] DEBUG io.restassured.internal.RestAssuredHttpBuilder - Parsed data to instance of: class org.apache.http.conn.EofSensorInputStream
10:20:40.560 [main] DEBUG org.apache.http.impl.conn.BasicClientConnectionManager - Releasing connection org.apache.http.impl.conn.ManagedClientConnectionImpl@782143e8
10:20:40.560 [main] DEBUG org.apache.http.impl.conn.BasicClientConnectionManager - Connection can be kept alive indefinitely
10:20:40.560 [main] DEBUG net.thucydides.core.steps.StepInterceptor - STEP DONE: I send PUT HTTP request
  &amp#27;[32mWhen &amp#27;[0m&amp#27;[32mI send PUT HTTP request&amp#27;[0m                                  &amp#27;[90m# starter.stepdefinitions.UserSteps.sendPutHttpRequest()&amp#27;[0m
10:20:40.563 [main] DEBUG net.thucydides.core.steps.StepInterceptor - STARTING STEP: UserSteps.receiveValidHttpResponse - I receive valid HTTP response code 200
10:20:40.564 [main] DEBUG net.thucydides.core.steps.StepInterceptor - STEP DONE: I receive valid HTTP response code 200
  &amp#27;[32mThen &amp#27;[0m&amp#27;[32mI receive valid HTTP response code 200&amp#27;[0m                   &amp#27;[90m# starter.stepdefinitions.UserSteps.receiveValidHttpResponse()&amp#27;[0m
10:20:40.566 [main] DEBUG net.thucydides.core.steps.StepInterceptor - STARTING STEP: UserSteps.validateUpdatePost - I receive valid data for update post
10:20:40.577 [main] DEBUG net.thucydides.core.steps.StepInterceptor - STEP DONE: I receive valid data for update post
  &amp#27;[32mAnd &amp#27;[0m&amp#27;[32mI receive valid data for update post&amp#27;[0m                      &amp#27;[90m# starter.stepdefinitions.UserSteps.validateUpdatePost()&amp#27;[0m
10:20:40.579 [main] INFO  - 
  _____   ___   ___   _____     ___     _     ___   ___   ___   ___  
 |_   _| | __| / __| |_   _|   | _ \   /_\   / __| / __| | __| |   \ 
   | |   | _|  \__ \   | |     |  _/  / _ \  \__ \ \__ \ | _|  | |) |
   |_|   |___| |___/   |_|     |_|   /_/ \_\ |___/ |___/ |___| |___/ 

PUT - As admin I have be able to update existing post
----------------------------------------------------------------------
]]></system-out>
  </testcase>
  <testcase name="PUT - As admin I haven&apos;t be able to update existing post" classname="User #4" time="0.695">
    <system-out><![CDATA[
Scenario: PUT - As admin I haven't be able to update existing post &amp#27;[90m# src/test/resources/features/Put.feature:13&amp#27;[0m
10:20:40.581 [main] DEBUG io.cucumber.core.plugin.SerenityReporter - Running feature from file:///C:/Users/Bunayya%20Zulfikar/Documents/GitHub/QE_Refano-Saputra/10_RESTful_API_Testing_with_REST_Assured/praktikum/RESTful_API_Testing_with_REST_Assured/src/test/resources/features/Put.feature
10:20:40.585 [main] INFO  - 
  _____   ___   ___   _____     ___   _____     _     ___   _____   ___   ___  
 |_   _| | __| / __| |_   _|   / __| |_   _|   /_\   | _ \ |_   _| | __| |   \ 
   | |   | _|  \__ \   | |     \__ \   | |    / _ \  |   /   | |   | _|  | |) |
   |_|   |___| |___/   |_|     |___/   |_|   /_/ \_\ |_|_\   |_|   |___| |___/ 

PUT - As admin I haven't be able to update existing post(user;put---as-admin-i-haven-t-be-able-to-update-existing-post)
--------------------------------------------------------------------------------
10:20:40.597 [main] DEBUG net.thucydides.core.steps.StepInterceptor - STARTING STEP: UserSteps.setTypoPutApiEndpoints - I set typo PUT api endpoints
10:20:40.598 [main] DEBUG net.thucydides.core.steps.StepInterceptor - STEP DONE: I set typo PUT api endpoints
  &amp#27;[32mGiven &amp#27;[0m&amp#27;[32mI set typo PUT api endpoints&amp#27;[0m                               &amp#27;[90m# starter.stepdefinitions.UserSteps.setTypoPutApiEndpoints()&amp#27;[0m
10:20:40.602 [main] DEBUG net.thucydides.core.steps.StepInterceptor - STARTING STEP: UserSteps.sendTypoPutHttpRequest - I send typo PUT HTTP request
10:20:40.604 [main] DEBUG net.thucydides.core.steps.StepInterceptor - STARTING STEP: Put.sendTypoPutHttpRequest - I set PUT api endpoints
10:20:40.604 [main] DEBUG net.thucydides.core.steps.StepInterceptor - STEP DONE: I set PUT api endpoints
10:20:40.621 [main] DEBUG org.apache.http.impl.conn.BasicClientConnectionManager - Get connection for route {s}->https://jsonplaceholder.typicode.com:443
10:20:40.621 [main] DEBUG org.apache.http.impl.conn.DefaultClientConnectionOperator - Connecting to jsonplaceholder.typicode.com:443
10:20:40.701 [main] DEBUG org.apache.http.client.protocol.RequestAddCookies - CookieSpec selected: ignoreCookies
10:20:40.701 [main] DEBUG org.apache.http.client.protocol.RequestAuthCache - Auth cache not set in the context
10:20:40.701 [main] DEBUG org.apache.http.client.protocol.RequestTargetAuthentication - Target auth state: UNCHALLENGED
10:20:40.702 [main] DEBUG org.apache.http.client.protocol.RequestProxyAuthentication - Proxy auth state: UNCHALLENGED
10:20:40.702 [main] DEBUG org.apache.http.impl.client.DefaultHttpClient - Attempt 1 to execute request
10:20:40.702 [main] DEBUG org.apache.http.impl.conn.DefaultClientConnection - Sending request: PUT /posts/1 HTTP/1.1
10:20:40.702 [main] DEBUG org.apache.http.wire -  >> "PUT /posts/1 HTTP/1.1[\r][\n]"
10:20:40.702 [main] DEBUG org.apache.http.wire -  >> "Accept: */*[\r][\n]"
10:20:40.702 [main] DEBUG org.apache.http.wire -  >> "Content-Type: application/json[\r][\n]"
10:20:40.702 [main] DEBUG org.apache.http.wire -  >> "Content-Length: 111[\r][\n]"
10:20:40.702 [main] DEBUG org.apache.http.wire -  >> "Host: jsonplaceholder.typicode.com[\r][\n]"
10:20:40.702 [main] DEBUG org.apache.http.wire -  >> "Connection: Keep-Alive[\r][\n]"
10:20:40.702 [main] DEBUG org.apache.http.wire -  >> "User-Agent: Apache-HttpClient/4.5.13 (Java/19.0.2)[\r][\n]"
10:20:40.702 [main] DEBUG org.apache.http.wire -  >> "Accept-Encoding: gzip,deflate[\r][\n]"
10:20:40.702 [main] DEBUG org.apache.http.wire -  >> "[\r][\n]"
10:20:40.702 [main] DEBUG org.apache.http.headers - >> PUT /posts/1 HTTP/1.1
10:20:40.702 [main] DEBUG org.apache.http.headers - >> Accept: */*
10:20:40.702 [main] DEBUG org.apache.http.headers - >> Content-Type: application/json
10:20:40.702 [main] DEBUG org.apache.http.headers - >> Content-Length: 111
10:20:40.702 [main] DEBUG org.apache.http.headers - >> Host: jsonplaceholder.typicode.com
10:20:40.702 [main] DEBUG org.apache.http.headers - >> Connection: Keep-Alive
10:20:40.702 [main] DEBUG org.apache.http.headers - >> User-Agent: Apache-HttpClient/4.5.13 (Java/19.0.2)
10:20:40.702 [main] DEBUG org.apache.http.headers - >> Accept-Encoding: gzip,deflate
10:20:40.702 [main] DEBUG org.apache.http.wire -  >> "{"number":"pada suatu hari hiduplah seekor singa yang tampan dan rupawan dengan bangganya beliau makan kerbau"}"
10:20:41.266 [main] DEBUG org.apache.http.wire -  << "HTTP/1.1 200 OK[\r][\n]"
10:20:41.266 [main] DEBUG org.apache.http.wire -  << "Date: Sun, 16 Apr 2023 03:20:40 GMT[\r][\n]"
10:20:41.266 [main] DEBUG org.apache.http.wire -  << "Content-Type: application/json; charset=utf-8[\r][\n]"
10:20:41.266 [main] DEBUG org.apache.http.wire -  << "Transfer-Encoding: chunked[\r][\n]"
10:20:41.266 [main] DEBUG org.apache.http.wire -  << "Connection: keep-alive[\r][\n]"
10:20:41.266 [main] DEBUG org.apache.http.wire -  << "X-Powered-By: Express[\r][\n]"
10:20:41.266 [main] DEBUG org.apache.http.wire -  << "X-Ratelimit-Limit: 1000[\r][\n]"
10:20:41.266 [main] DEBUG org.apache.http.wire -  << "X-Ratelimit-Remaining: 994[\r][\n]"
10:20:41.266 [main] DEBUG org.apache.http.wire -  << "X-Ratelimit-Reset: 1681615294[\r][\n]"
10:20:41.266 [main] DEBUG org.apache.http.wire -  << "Vary: Origin, Accept-Encoding[\r][\n]"
10:20:41.266 [main] DEBUG org.apache.http.wire -  << "Access-Control-Allow-Credentials: true[\r][\n]"
10:20:41.266 [main] DEBUG org.apache.http.wire -  << "Cache-Control: no-cache[\r][\n]"
10:20:41.266 [main] DEBUG org.apache.http.wire -  << "Pragma: no-cache[\r][\n]"
10:20:41.266 [main] DEBUG org.apache.http.wire -  << "Expires: -1[\r][\n]"
10:20:41.266 [main] DEBUG org.apache.http.wire -  << "X-Content-Type-Options: nosniff[\r][\n]"
10:20:41.266 [main] DEBUG org.apache.http.wire -  << "Etag: W/"7f-BZEeWmidLgyV+9EabHFG/SQDIzM"[\r][\n]"
10:20:41.266 [main] DEBUG org.apache.http.wire -  << "Via: 1.1 vegur[\r][\n]"
10:20:41.266 [main] DEBUG org.apache.http.wire -  << "CF-Cache-Status: DYNAMIC[\r][\n]"
10:20:41.266 [main] DEBUG org.apache.http.wire -  << "Report-To: {"endpoints":[{"url":"https:\/\/a.nel.cloudflare.com\/report\/v3?s=GfF0NT%2BThPbuupedB4Ay7r43Np48WYeo0ByWexzJsKuVU1tqbt5WKigIaI4BTBD2cW3zmBP%2Bd9Uw5h0A2L9EcX%2F%2BvxNvONyKtaFy%2FIc49v4akLTiJtNtuc0QtEG2xQv4zY1FwEVifFPtjB9oDh%2FZ"}],"group":"cf-nel","max_age":604800}[\r][\n]"
10:20:41.266 [main] DEBUG org.apache.http.wire -  << "NEL: {"success_fraction":0,"report_to":"cf-nel","max_age":604800}[\r][\n]"
10:20:41.266 [main] DEBUG org.apache.http.wire -  << "Server: cloudflare[\r][\n]"
10:20:41.266 [main] DEBUG org.apache.http.wire -  << "CF-RAY: 7b894b31ff2791ab-SIN[\r][\n]"
10:20:41.266 [main] DEBUG org.apache.http.wire -  << "Content-Encoding: gzip[\r][\n]"
10:20:41.266 [main] DEBUG org.apache.http.wire -  << "alt-svc: h3=":443"; ma=86400, h3-29=":443"; ma=86400[\r][\n]"
10:20:41.266 [main] DEBUG org.apache.http.wire -  << "[\r][\n]"
10:20:41.266 [main] DEBUG org.apache.http.impl.conn.DefaultClientConnection - Receiving response: HTTP/1.1 200 OK
10:20:41.266 [main] DEBUG org.apache.http.headers - << HTTP/1.1 200 OK
10:20:41.266 [main] DEBUG org.apache.http.headers - << Date: Sun, 16 Apr 2023 03:20:40 GMT
10:20:41.266 [main] DEBUG org.apache.http.headers - << Content-Type: application/json; charset=utf-8
10:20:41.266 [main] DEBUG org.apache.http.headers - << Transfer-Encoding: chunked
10:20:41.266 [main] DEBUG org.apache.http.headers - << Connection: keep-alive
10:20:41.266 [main] DEBUG org.apache.http.headers - << X-Powered-By: Express
10:20:41.266 [main] DEBUG org.apache.http.headers - << X-Ratelimit-Limit: 1000
10:20:41.266 [main] DEBUG org.apache.http.headers - << X-Ratelimit-Remaining: 994
10:20:41.266 [main] DEBUG org.apache.http.headers - << X-Ratelimit-Reset: 1681615294
10:20:41.266 [main] DEBUG org.apache.http.headers - << Vary: Origin, Accept-Encoding
10:20:41.266 [main] DEBUG org.apache.http.headers - << Access-Control-Allow-Credentials: true
10:20:41.266 [main] DEBUG org.apache.http.headers - << Cache-Control: no-cache
10:20:41.266 [main] DEBUG org.apache.http.headers - << Pragma: no-cache
10:20:41.266 [main] DEBUG org.apache.http.headers - << Expires: -1
10:20:41.266 [main] DEBUG org.apache.http.headers - << X-Content-Type-Options: nosniff
10:20:41.266 [main] DEBUG org.apache.http.headers - << Etag: W/"7f-BZEeWmidLgyV+9EabHFG/SQDIzM"
10:20:41.266 [main] DEBUG org.apache.http.headers - << Via: 1.1 vegur
10:20:41.266 [main] DEBUG org.apache.http.headers - << CF-Cache-Status: DYNAMIC
10:20:41.266 [main] DEBUG org.apache.http.headers - << Report-To: {"endpoints":[{"url":"https:\/\/a.nel.cloudflare.com\/report\/v3?s=GfF0NT%2BThPbuupedB4Ay7r43Np48WYeo0ByWexzJsKuVU1tqbt5WKigIaI4BTBD2cW3zmBP%2Bd9Uw5h0A2L9EcX%2F%2BvxNvONyKtaFy%2FIc49v4akLTiJtNtuc0QtEG2xQv4zY1FwEVifFPtjB9oDh%2FZ"}],"group":"cf-nel","max_age":604800}
10:20:41.266 [main] DEBUG org.apache.http.headers - << NEL: {"success_fraction":0,"report_to":"cf-nel","max_age":604800}
10:20:41.266 [main] DEBUG org.apache.http.headers - << Server: cloudflare
10:20:41.266 [main] DEBUG org.apache.http.headers - << CF-RAY: 7b894b31ff2791ab-SIN
10:20:41.266 [main] DEBUG org.apache.http.headers - << Content-Encoding: gzip
10:20:41.266 [main] DEBUG org.apache.http.headers - << alt-svc: h3=":443"; ma=86400, h3-29=":443"; ma=86400
10:20:41.266 [main] DEBUG org.apache.http.impl.client.DefaultHttpClient - Connection can be kept alive indefinitely
10:20:41.267 [main] DEBUG io.restassured.internal.RestAssuredHttpBuilder - Parsing response as: application/json; charset=utf-8
10:20:41.267 [main] DEBUG org.apache.http.wire -  << "7d[\r][\n]"
10:20:41.267 [main] DEBUG org.apache.http.wire -  << "[0x1f][0x8b][0x8][0x0][0x0][0x0][0x0][0x0][0x0][0x3][0x14][0xcd]1[\n]"
10:20:41.267 [main] DEBUG org.apache.http.wire -  << "[0xc3]0[0xc][0x5][0xd0]=[0xa7][0xf8]h[0xee][0xd2]5[0xb7][0xf9][0xc6]B6[0x8e][0x15]cG[0x94]Pz[0xf7][0x92][0xed]m[0xef][0xbb][0x1][0xe2][0xd1][0x93]N[0xd9]![0x83][0x99]X[0xc1]+P8+J[0xcd]1[0xe][0x16],[0xd5]vN[0xac][0xea]F[0xdc]t[0xc3][0xc5]>[0xe8][0xc8]t[0xcc][0x18][0xfc]<V7:[0x12][0xdd][0x8c]~[0x13]I[0x8f][0xca]@g[0xa3][0xa3][0xe9]L[0xc]y=c[0xcd][0xb2][0xe3][0xbd][0xfd][0xfe][0x0][0x0][0x0][0xff][0xff][0x3][0x0][0xe7][0xf0][[0xcd][0x0][0x0][0x0]"
10:20:41.267 [main] DEBUG org.apache.http.wire -  << "[\r][\n]"
10:20:41.267 [main] DEBUG org.apache.http.wire -  << "0[\r][\n]"
10:20:41.267 [main] DEBUG org.apache.http.wire -  << "[\r][\n]"
10:20:41.267 [main] DEBUG io.restassured.internal.RestAssuredHttpBuilder - Parsed data to instance of: class org.apache.http.conn.EofSensorInputStream
10:20:41.268 [main] DEBUG org.apache.http.impl.conn.BasicClientConnectionManager - Releasing connection org.apache.http.impl.conn.ManagedClientConnectionImpl@1add90e0
10:20:41.268 [main] DEBUG org.apache.http.impl.conn.BasicClientConnectionManager - Connection can be kept alive indefinitely
10:20:41.269 [main] DEBUG net.thucydides.core.steps.StepInterceptor - STEP DONE: I send typo PUT HTTP request
  &amp#27;[32mWhen &amp#27;[0m&amp#27;[32mI send typo PUT HTTP request&amp#27;[0m                                &amp#27;[90m# starter.stepdefinitions.UserSteps.sendTypoPutHttpRequest()&amp#27;[0m
10:20:41.271 [main] DEBUG net.thucydides.core.steps.StepInterceptor - STARTING STEP: UserSteps.receiveValidHttpResponse - I receive valid HTTP response code 200
10:20:41.271 [main] DEBUG net.thucydides.core.steps.StepInterceptor - STEP DONE: I receive valid HTTP response code 200
  &amp#27;[32mThen &amp#27;[0m&amp#27;[32mI receive valid HTTP response code 200&amp#27;[0m                      &amp#27;[90m# starter.stepdefinitions.UserSteps.receiveValidHttpResponse()&amp#27;[0m
10:20:41.273 [main] INFO  - 
  _____   ___   ___   _____     ___     _     ___   ___   ___   ___  
 |_   _| | __| / __| |_   _|   | _ \   /_\   / __| / __| | __| |   \ 
   | |   | _|  \__ \   | |     |  _/  / _ \  \__ \ \__ \ | _|  | |) |
   |_|   |___| |___/   |_|     |_|   /_/ \_\ |___/ |___/ |___| |___/ 

PUT - As admin I haven't be able to update existing post
----------------------------------------------------------------------
]]></system-out>
  </testcase>
</testsuite>