<?xml version="1.0" encoding="UTF-8"?>
<testsuite xmlns:xsi="http://www.w3.org/2001/XMLSchema-instance" xsi:noNamespaceSchemaLocation="https://maven.apache.org/surefire/maven-failsafe-plugin/xsd/failsafe-test-report-3.0.xsd" version="3.0" name="starter.CucumberTestSuite" time="40.825" tests="6" errors="4" skipped="0" failures="0">
  <properties>
[...]
</properties>
  <testcase name="Login with correct credentials" classname="Login to Sepulsa Account" time="9.527">
    <system-out><![CDATA[02:24:22.783 [main] DEBUG net.thucydides.core.guice.Injectors - Created injector for module net.thucydides.core.guice.ThucydidesModule
02:24:23.001 [main] DEBUG io.cucumber.core.plugin.SerenityReporter - Running feature from file:///C:/Users/Bunayya%20Zulfikar/Downloads/Compressed/zip/Prioritas2/alta/src/test/resources/features/Login.feature
02:24:23.115 [main] DEBUG net.thucydides.core.guice.Injectors - Created injector for module net.thucydides.core.guice.webdriver.WebDriverModule
02:24:23.128 [main] INFO  - 

-------------------------------------------------------------------------------------
     _______. _______ .______       _______ .__   __.  __  .___________.____    ____ 
    /       ||   ____||   _  \     |   ____||  \ |  | |  | |           |\   \  /   / 
   |   (----`|  |__   |  |_)  |    |  |__   |   \|  | |  | `---|  |----` \   \/   /  
    \   \    |   __|  |      /     |   __|  |  . `  | |  |     |  |       \_    _/   
.----)   |   |  |____ |  |\  \----.|  |____ |  |\   | |  |     |  |         |  |     
|_______/    |_______|| _| `._____||_______||__| \__| |__|     |__|         |__|    
                                                                                     
 News and tutorials at http://www.serenity-bdd.info                                  
 Documentation at https://wakaleo.gitbooks.io/the-serenity-book/content/             
 Join the Serenity Community on Gitter: https://gitter.im/serenity-bdd/serenity-core 
 Serenity BDD Support and Training at http://serenity-bdd.info/#/trainingandsupport  
-------------------------------------------------------------------------------------

02:24:23.130 [main] DEBUG net.thucydides.core.steps.StepEventBus - Test suite started for story net.thucydides.core.model.Story@d124f7c
02:24:23.131 [main] INFO  - Test Suite Started: Login to Sepulsa Account
02:24:23.141 [main] DEBUG io.cucumber.core.plugin.SerenityReporter - Running feature from file:///C:/Users/Bunayya%20Zulfikar/Downloads/Compressed/zip/Prioritas2/alta/src/test/resources/features/PaymentMethod.feature
02:24:23.145 [main] DEBUG net.thucydides.core.steps.StepEventBus - Test suite started for story net.thucydides.core.model.Story@1f3cee16
02:24:23.145 [main] INFO  - Test Suite Started: Select Payment Method
02:24:23.145 [main] DEBUG io.cucumber.core.plugin.SerenityReporter - Running feature from file:///C:/Users/Bunayya%20Zulfikar/Downloads/Compressed/zip/Prioritas2/alta/src/test/resources/features/SelectProduct.feature
02:24:23.148 [main] DEBUG net.thucydides.core.steps.StepEventBus - Test suite started for story net.thucydides.core.model.Story@d891cf10
02:24:23.148 [main] INFO  - Test Suite Started: Select Product ListrikPLN
02:24:23.150 [main] DEBUG io.cucumber.core.plugin.SerenityReporter - Running feature from file:///C:/Users/Bunayya%20Zulfikar/Downloads/Compressed/zip/Prioritas2/alta/src/test/resources/features/Login.feature
02:24:23.152 [main] DEBUG net.thucydides.core.steps.StepEventBus - Test suite started for story net.thucydides.core.model.Story@d124f7c
02:24:23.152 [main] INFO  - Test Suite Started: Login to Sepulsa Account

Scenario: Login with correct credentials                      &amp#27;[90m# src/test/resources/features/Login.feature:3&amp#27;[0m
02:24:23.226 [main] DEBUG io.cucumber.core.plugin.SerenityReporter - Running feature from file:///C:/Users/Bunayya%20Zulfikar/Downloads/Compressed/zip/Prioritas2/alta/src/test/resources/features/Login.feature
02:24:23.309 [main] INFO  - 
  _____   ___   ___   _____     ___   _____     _     ___   _____   ___   ___  
 |_   _| | __| / __| |_   _|   / __| |_   _|   /_\   | _ \ |_   _| | __| |   \ 
   | |   | _|  \__ \   | |     \__ \   | |    / _ \  |   /   | |   | _|  | |) |
   |_|   |___| |___/   |_|     |___/   |_|   /_/ \_\ |_|_\   |_|   |___| |___/ 

Login with correct credentials(login-to-sepulsa-account;login-with-correct-credentials)
--------------------------------------------------------------------------------
02:24:23.363 [main] DEBUG net.thucydides.core.requirements.model.cucumber.CucumberParser - Loading feature C:\Users\Bunayya Zulfikar\Downloads\Compressed\zip\Prioritas2\alta\src\test\resources\features\Login.feature
02:24:23.380 [main] DEBUG net.thucydides.core.requirements.model.cucumber.CucumberParser - Loading feature C:\Users\Bunayya Zulfikar\Downloads\Compressed\zip\Prioritas2\alta\src\test\resources\features\PaymentMethod.feature
02:24:23.383 [main] DEBUG net.thucydides.core.requirements.model.cucumber.CucumberParser - Loading feature C:\Users\Bunayya Zulfikar\Downloads\Compressed\zip\Prioritas2\alta\src\test\resources\features\SelectProduct.feature
02:24:24.059 [main] DEBUG net.thucydides.core.steps.StepInterceptor - STARTING STEP: LoginSteps.onTheLoginPage - openPage
02:24:24.138 [main] INFO net.serenitybdd.core.webdriver.driverproviders.ChromeDriverProvider - Starting Chrome driver instance with capabilities:
02:24:24.140 [main] INFO net.serenitybdd.core.webdriver.driverproviders.ChromeDriverProvider - Capabilities {acceptInsecureCerts: false, browserName: chrome, goog:chromeOptions: {args: [remote-allow-origins=*], extensions: []}}
02:24:24.207 [main] DEBUG io.netty.util.internal.logging.InternalLoggerFactory - Using SLF4J as the default logging framework
02:24:24.210 [main] DEBUG io.netty.util.ResourceLeakDetector - -Dio.netty.leakDetection.level: simple
02:24:24.210 [main] DEBUG io.netty.util.ResourceLeakDetector - -Dio.netty.leakDetection.targetRecords: 4
02:24:24.215 [main] DEBUG io.netty.util.ResourceLeakDetectorFactory - Loaded default ResourceLeakDetector: io.netty.util.ResourceLeakDetector@1c5d3a37
02:24:24.227 [main] DEBUG io.netty.util.internal.PlatformDependent0 - -Dio.netty.noUnsafe: false
02:24:24.227 [main] DEBUG io.netty.util.internal.PlatformDependent0 - Java version: 18
02:24:24.228 [main] DEBUG io.netty.util.internal.PlatformDependent0 - sun.misc.Unsafe.theUnsafe: available
02:24:24.228 [main] DEBUG io.netty.util.internal.PlatformDependent0 - sun.misc.Unsafe.copyMemory: available
02:24:24.228 [main] DEBUG io.netty.util.internal.PlatformDependent0 - sun.misc.Unsafe.storeFence: available
02:24:24.229 [main] DEBUG io.netty.util.internal.PlatformDependent0 - java.nio.Buffer.address: available
02:24:24.229 [main] DEBUG io.netty.util.internal.PlatformDependent0 - direct buffer constructor: unavailable: Reflective setAccessible(true) disabled
02:24:24.229 [main] DEBUG io.netty.util.internal.PlatformDependent0 - java.nio.Bits.unaligned: available, true
02:24:24.230 [main] DEBUG io.netty.util.internal.PlatformDependent0 - jdk.internal.misc.Unsafe.allocateUninitializedArray(int): unavailable: class io.netty.util.internal.PlatformDependent0$7 cannot access class jdk.internal.misc.Unsafe (in module java.base) because module java.base does not export jdk.internal.misc to unnamed module @10959ece
02:24:24.231 [main] DEBUG io.netty.util.internal.PlatformDependent0 - java.nio.DirectByteBuffer.<init>(long, int): unavailable
02:24:24.231 [main] DEBUG io.netty.util.internal.PlatformDependent - sun.misc.Unsafe: available
02:24:24.232 [main] DEBUG io.netty.util.internal.PlatformDependent - maxDirectMemory: 4271898624 bytes (maybe)
02:24:24.232 [main] DEBUG io.netty.util.internal.PlatformDependent - -Dio.netty.tmpdir: C:\Users\BUNAYY~1\AppData\Local\Temp (java.io.tmpdir)
02:24:24.232 [main] DEBUG io.netty.util.internal.PlatformDependent - -Dio.netty.bitMode: 64 (sun.arch.data.model)
02:24:24.232 [main] DEBUG io.netty.util.internal.PlatformDependent - Platform: Windows
02:24:24.232 [main] DEBUG io.netty.util.internal.PlatformDependent - -Dio.netty.maxDirectMemory: -1 bytes
02:24:24.232 [main] DEBUG io.netty.util.internal.PlatformDependent - -Dio.netty.uninitializedArrayAllocationThreshold: -1
02:24:24.232 [main] DEBUG io.netty.util.internal.CleanerJava9 - java.nio.ByteBuffer.cleaner(): available
02:24:24.232 [main] DEBUG io.netty.util.internal.PlatformDependent - -Dio.netty.noPreferDirect: false
02:24:24.238 [main] DEBUG io.netty.util.internal.PlatformDependent - org.jctools-core.MpscChunkedArrayQueue: available
02:24:24.255 [main] DEBUG io.netty.util.internal.InternalThreadLocalMap - -Dio.netty.threadLocalMap.stringBuilder.initialSize: 1024
02:24:24.255 [main] DEBUG io.netty.util.internal.InternalThreadLocalMap - -Dio.netty.threadLocalMap.stringBuilder.maxSize: 4096
02:24:24.380 [main] DEBUG io.netty.handler.ssl.JdkSslContext - Default protocols (JDK): [TLSv1.3, TLSv1.2] 
02:24:24.381 [main] DEBUG io.netty.handler.ssl.JdkSslContext - Default cipher suites (JDK): [TLS_ECDHE_ECDSA_WITH_AES_256_GCM_SHA384, TLS_ECDHE_ECDSA_WITH_AES_128_GCM_SHA256, TLS_ECDHE_RSA_WITH_AES_128_GCM_SHA256, TLS_ECDHE_RSA_WITH_AES_256_GCM_SHA384, TLS_ECDHE_RSA_WITH_AES_128_CBC_SHA, TLS_ECDHE_RSA_WITH_AES_256_CBC_SHA, TLS_RSA_WITH_AES_128_GCM_SHA256, TLS_RSA_WITH_AES_128_CBC_SHA, TLS_RSA_WITH_AES_256_CBC_SHA, TLS_AES_128_GCM_SHA256, TLS_AES_256_GCM_SHA384]
02:24:24.398 [main] DEBUG io.netty.channel.MultithreadEventLoopGroup - -Dio.netty.eventLoopThreads: 24
02:24:24.404 [main] DEBUG io.netty.channel.nio.NioEventLoop - -Dio.netty.noKeySetOptimization: false
02:24:24.404 [main] DEBUG io.netty.channel.nio.NioEventLoop - -Dio.netty.selectorAutoRebuildThreshold: 512
02:24:24.439 [main] DEBUG io.netty.buffer.PooledByteBufAllocator - -Dio.netty.allocator.numHeapArenas: 24
02:24:24.439 [main] DEBUG io.netty.buffer.PooledByteBufAllocator - -Dio.netty.allocator.numDirectArenas: 24
02:24:24.439 [main] DEBUG io.netty.buffer.PooledByteBufAllocator - -Dio.netty.allocator.pageSize: 8192
02:24:24.439 [main] DEBUG io.netty.buffer.PooledByteBufAllocator - -Dio.netty.allocator.maxOrder: 9
02:24:24.439 [main] DEBUG io.netty.buffer.PooledByteBufAllocator - -Dio.netty.allocator.chunkSize: 4194304
02:24:24.439 [main] DEBUG io.netty.buffer.PooledByteBufAllocator - -Dio.netty.allocator.smallCacheSize: 256
02:24:24.439 [main] DEBUG io.netty.buffer.PooledByteBufAllocator - -Dio.netty.allocator.normalCacheSize: 64
02:24:24.439 [main] DEBUG io.netty.buffer.PooledByteBufAllocator - -Dio.netty.allocator.maxCachedBufferCapacity: 32768
02:24:24.439 [main] DEBUG io.netty.buffer.PooledByteBufAllocator - -Dio.netty.allocator.cacheTrimInterval: 8192
02:24:24.439 [main] DEBUG io.netty.buffer.PooledByteBufAllocator - -Dio.netty.allocator.cacheTrimIntervalMillis: 0
02:24:24.440 [main] DEBUG io.netty.buffer.PooledByteBufAllocator - -Dio.netty.allocator.useCacheForAllThreads: false
02:24:24.440 [main] DEBUG io.netty.buffer.PooledByteBufAllocator - -Dio.netty.allocator.maxCachedByteBuffersPerChunk: 1023
02:24:24.450 [main] DEBUG io.netty.buffer.ByteBufUtil - -Dio.netty.allocator.type: pooled
02:24:24.450 [main] DEBUG io.netty.buffer.ByteBufUtil - -Dio.netty.threadLocalDirectBufferSize: 0
02:24:24.450 [main] DEBUG io.netty.buffer.ByteBufUtil - -Dio.netty.maxThreadLocalCharBufferSize: 16384
02:24:24.650 [Forwarding newSession on session null to remote] DEBUG io.netty.channel.DefaultChannelId - -Dio.netty.processId: 26820 (auto-detected)
02:24:24.652 [Forwarding newSession on session null to remote] DEBUG io.netty.util.NetUtil - -Djava.net.preferIPv4Stack: false
02:24:24.652 [Forwarding newSession on session null to remote] DEBUG io.netty.util.NetUtil - -Djava.net.preferIPv6Addresses: false
02:24:24.666 [Forwarding newSession on session null to remote] DEBUG io.netty.util.NetUtilInitializations - Loopback interface: lo (Software Loopback Interface 1, 127.0.0.1)
02:24:24.667 [Forwarding newSession on session null to remote] DEBUG io.netty.util.NetUtil - Failed to get SOMAXCONN from sysctl and file \proc\sys\net\core\somaxconn. Default: 200
02:24:24.687 [Forwarding newSession on session null to remote] DEBUG io.netty.channel.DefaultChannelId - -Dio.netty.machineId: 00:00:00:00:00:00:00:e0 (auto-detected)
02:24:24.719 [AsyncHttpClient-1-2] DEBUG io.netty.buffer.AbstractByteBuf - -Dio.netty.buffer.checkAccessible: true
02:24:24.719 [AsyncHttpClient-1-2] DEBUG io.netty.buffer.AbstractByteBuf - -Dio.netty.buffer.checkBounds: true
02:24:24.720 [AsyncHttpClient-1-2] DEBUG io.netty.util.ResourceLeakDetectorFactory - Loaded default ResourceLeakDetector: io.netty.util.ResourceLeakDetector@b037cf8
02:24:24.728 [AsyncHttpClient-1-2] DEBUG org.asynchttpclient.netty.channel.NettyConnectListener - Using new Channel '[id: 0x2598873f, L:/127.0.0.1:60452 - R:localhost/127.0.0.1:5193]' for 'POST' to '/session'
02:24:24.741 [AsyncHttpClient-1-2] DEBUG io.netty.util.Recycler - -Dio.netty.recycler.maxCapacityPerThread: 4096
02:24:24.741 [AsyncHttpClient-1-2] DEBUG io.netty.util.Recycler - -Dio.netty.recycler.ratio: 8
02:24:24.741 [AsyncHttpClient-1-2] DEBUG io.netty.util.Recycler - -Dio.netty.recycler.chunkSize: 32
02:24:24.741 [AsyncHttpClient-1-2] DEBUG io.netty.util.Recycler - -Dio.netty.recycler.blocking: false
02:24:25.225 [AsyncHttpClient-1-2] DEBUG io.netty.handler.codec.compression.Brotli - brotli4j not in the classpath; Brotli support will be unavailable.
02:24:25.225 [AsyncHttpClient-1-2] DEBUG org.asynchttpclient.netty.handler.HttpHandler - 

Request DefaultHttpRequest(decodeResult: success, version: HTTP/1.1)
POST /session HTTP/1.1
User-Agent: selenium/4.8.1 (java windows)
Content-Length: 507
Content-Type: application/json; charset=utf-8
host: localhost:5193
accept: */*

Response DefaultHttpResponse(decodeResult: success, version: HTTP/1.1)
HTTP/1.1 200 OK
Content-Length: 862
Content-Type: application/json; charset=utf-8
cache-control: no-cache

02:24:25.229 [AsyncHttpClient-1-2] DEBUG org.asynchttpclient.netty.channel.ChannelManager - Adding key: http://localhost:5193 for channel [id: 0x2598873f, L:/127.0.0.1:60452 - R:localhost/127.0.0.1:5193]
02:24:25.274 [AsyncHttpClient-1-3] DEBUG org.asynchttpclient.netty.channel.NettyConnectListener - Using new Channel '[id: 0x342450c9, L:/127.0.0.1:60459 - R:localhost/127.0.0.1:60453]' for 'GET' to '/json/version'
02:24:25.277 [AsyncHttpClient-1-3] DEBUG org.asynchttpclient.netty.handler.HttpHandler - 

Request DefaultFullHttpRequest(decodeResult: success, version: HTTP/1.1, content: EmptyByteBufBE)
GET /json/version HTTP/1.1
User-Agent: selenium/4.8.1 (java windows)
host: localhost:60453
accept: */*

Response DefaultHttpResponse(decodeResult: success, version: HTTP/1.1)
HTTP/1.1 200 OK
Content-Security-Policy: frame-ancestors 'none'
Content-Length: 424
Content-Type: application/json; charset=UTF-8

02:24:25.277 [AsyncHttpClient-1-3] DEBUG org.asynchttpclient.netty.channel.ChannelManager - Adding key: http://localhost:60453 for channel [id: 0x342450c9, L:/127.0.0.1:60459 - R:localhost/127.0.0.1:60453]
02:24:25.282 [main] DEBUG io.netty.util.internal.ThreadLocalRandom - -Dio.netty.initialSeedUniquifier: 0x54300359647c22bb
02:24:25.285 [AsyncHttpClient-1-4] DEBUG org.asynchttpclient.netty.channel.NettyConnectListener - Using new Channel '[id: 0xbe3a435e, L:/127.0.0.1:60460 - R:localhost/127.0.0.1:60453]' for 'GET' to '/devtools/browser/dd9300d8-198a-4529-93dc-73b3c4cea16e'
02:24:25.288 [AsyncHttpClient-1-4] DEBUG org.asynchttpclient.netty.handler.WebSocketHandler - 

Request DefaultFullHttpRequest(decodeResult: success, version: HTTP/1.1, content: EmptyByteBufBE)
GET /devtools/browser/dd9300d8-198a-4529-93dc-73b3c4cea16e HTTP/1.1
upgrade: websocket
connection: upgrade
sec-websocket-key: tF+aTKdCSF6+m0opXrvlkg==
sec-websocket-version: 13
origin: http://localhost:60453
host: localhost:60453
accept: */*
user-agent: AHC/2.1

Response DefaultHttpResponse(decodeResult: success, version: HTTP/1.1)
HTTP/1.1 101 WebSocket Protocol Handshake
Upgrade: WebSocket
Connection: Upgrade
Sec-WebSocket-Accept: qBBj5JrRPkV4MRJd74YKL7UdkIA=

02:24:25.382 [Forwarding get on session fede1334dec9f1aa5f4050d74bad3f8c to remote] DEBUG org.asynchttpclient.netty.request.NettyRequestSender - Using pooled Channel '[id: 0x2598873f, L:/127.0.0.1:60452 - R:localhost/127.0.0.1:5193]' for 'POST' to 'http://localhost:5193/session/fede1334dec9f1aa5f4050d74bad3f8c/url'
02:24:25.382 [Forwarding get on session fede1334dec9f1aa5f4050d74bad3f8c to remote] DEBUG org.asynchttpclient.netty.request.NettyRequestSender - Using open Channel [id: 0x2598873f, L:/127.0.0.1:60452 - R:localhost/127.0.0.1:5193] for POST '/session/fede1334dec9f1aa5f4050d74bad3f8c/url'
02:24:25.444 [AsyncHttpClient-1-1] DEBUG org.asynchttpclient.netty.channel.DefaultChannelPool - Entry count for : http://localhost:60453 : 1
02:24:26.543 [AsyncHttpClient-1-1] DEBUG org.asynchttpclient.netty.channel.DefaultChannelPool - Entry count for : http://localhost:60453 : 1
02:24:27.644 [AsyncHttpClient-1-1] DEBUG org.asynchttpclient.netty.channel.DefaultChannelPool - Entry count for : http://localhost:60453 : 1
02:24:28.064 [AsyncHttpClient-1-2] DEBUG org.asynchttpclient.netty.handler.HttpHandler - 

Request DefaultHttpRequest(decodeResult: success, version: HTTP/1.1)
POST /session/fede1334dec9f1aa5f4050d74bad3f8c/url HTTP/1.1
User-Agent: selenium/4.8.1 (java windows)
Content-Length: 54
Content-Type: application/json; charset=utf-8
host: localhost:5193
accept: */*

Response DefaultHttpResponse(decodeResult: success, version: HTTP/1.1)
HTTP/1.1 200 OK
Content-Length: 14
Content-Type: application/json; charset=utf-8
cache-control: no-cache

02:24:28.064 [AsyncHttpClient-1-2] DEBUG org.asynchttpclient.netty.channel.ChannelManager - Adding key: http://localhost:5193 for channel [id: 0x2598873f, L:/127.0.0.1:60452 - R:localhost/127.0.0.1:5193]
02:24:28.070 [Forwarding setTimeout on session fede1334dec9f1aa5f4050d74bad3f8c to remote] DEBUG org.asynchttpclient.netty.request.NettyRequestSender - Using pooled Channel '[id: 0x2598873f, L:/127.0.0.1:60452 - R:localhost/127.0.0.1:5193]' for 'POST' to 'http://localhost:5193/session/fede1334dec9f1aa5f4050d74bad3f8c/timeouts'
02:24:28.070 [Forwarding setTimeout on session fede1334dec9f1aa5f4050d74bad3f8c to remote] DEBUG org.asynchttpclient.netty.request.NettyRequestSender - Using open Channel [id: 0x2598873f, L:/127.0.0.1:60452 - R:localhost/127.0.0.1:5193] for POST '/session/fede1334dec9f1aa5f4050d74bad3f8c/timeouts'
02:24:28.071 [AsyncHttpClient-1-2] DEBUG org.asynchttpclient.netty.handler.HttpHandler - 

Request DefaultHttpRequest(decodeResult: success, version: HTTP/1.1)
POST /session/fede1334dec9f1aa5f4050d74bad3f8c/timeouts HTTP/1.1
User-Agent: selenium/4.8.1 (java windows)
Content-Length: 22
Content-Type: application/json; charset=utf-8
host: localhost:5193
accept: */*

Response DefaultHttpResponse(decodeResult: success, version: HTTP/1.1)
HTTP/1.1 200 OK
Content-Length: 14
Content-Type: application/json; charset=utf-8
cache-control: no-cache

02:24:28.072 [AsyncHttpClient-1-2] DEBUG org.asynchttpclient.netty.channel.ChannelManager - Adding key: http://localhost:5193 for channel [id: 0x2598873f, L:/127.0.0.1:60452 - R:localhost/127.0.0.1:5193]
02:24:28.099 [main] DEBUG net.serenitybdd.core.photography.Darkroom - Opening darkroom
02:24:28.101 [Darkroom Processing Line] DEBUG net.serenitybdd.core.photography.DarkroomProcessingLine - Darkroom processing line starting up
02:24:28.113 [Forwarding getAlertText on session fede1334dec9f1aa5f4050d74bad3f8c to remote] DEBUG org.asynchttpclient.netty.request.NettyRequestSender - Using pooled Channel '[id: 0x2598873f, L:/127.0.0.1:60452 - R:localhost/127.0.0.1:5193]' for 'GET' to 'http://localhost:5193/session/fede1334dec9f1aa5f4050d74bad3f8c/alert/text'
02:24:28.113 [Forwarding getAlertText on session fede1334dec9f1aa5f4050d74bad3f8c to remote] DEBUG org.asynchttpclient.netty.request.NettyRequestSender - Using open Channel [id: 0x2598873f, L:/127.0.0.1:60452 - R:localhost/127.0.0.1:5193] for GET '/session/fede1334dec9f1aa5f4050d74bad3f8c/alert/text'
02:24:28.116 [AsyncHttpClient-1-2] DEBUG org.asynchttpclient.netty.handler.HttpHandler - 

Request DefaultFullHttpRequest(decodeResult: success, version: HTTP/1.1, content: EmptyByteBufBE)
GET /session/fede1334dec9f1aa5f4050d74bad3f8c/alert/text HTTP/1.1
User-Agent: selenium/4.8.1 (java windows)
Cache-Control: no-cache
Content-Type: application/json; charset=utf-8
host: localhost:5193
accept: */*

Response DefaultHttpResponse(decodeResult: success, version: HTTP/1.1)
HTTP/1.1 404 Not Found
Content-Length: 836
Content-Type: application/json; charset=utf-8
cache-control: no-cache

02:24:28.116 [AsyncHttpClient-1-2] DEBUG org.asynchttpclient.netty.channel.ChannelManager - Adding key: http://localhost:5193 for channel [id: 0x2598873f, L:/127.0.0.1:60452 - R:localhost/127.0.0.1:5193]
02:24:28.123 [Forwarding getCurrentUrl on session fede1334dec9f1aa5f4050d74bad3f8c to remote] DEBUG org.asynchttpclient.netty.request.NettyRequestSender - Using pooled Channel '[id: 0x2598873f, L:/127.0.0.1:60452 - R:localhost/127.0.0.1:5193]' for 'GET' to 'http://localhost:5193/session/fede1334dec9f1aa5f4050d74bad3f8c/url'
02:24:28.123 [Forwarding getCurrentUrl on session fede1334dec9f1aa5f4050d74bad3f8c to remote] DEBUG org.asynchttpclient.netty.request.NettyRequestSender - Using open Channel [id: 0x2598873f, L:/127.0.0.1:60452 - R:localhost/127.0.0.1:5193] for GET '/session/fede1334dec9f1aa5f4050d74bad3f8c/url'
02:24:28.128 [AsyncHttpClient-1-2] DEBUG org.asynchttpclient.netty.handler.HttpHandler - 

Request DefaultFullHttpRequest(decodeResult: success, version: HTTP/1.1, content: EmptyByteBufBE)
GET /session/fede1334dec9f1aa5f4050d74bad3f8c/url HTTP/1.1
User-Agent: selenium/4.8.1 (java windows)
Cache-Control: no-cache
Content-Type: application/json; charset=utf-8
host: localhost:5193
accept: */*

Response DefaultHttpResponse(decodeResult: success, version: HTTP/1.1)
HTTP/1.1 200 OK
Content-Length: 36
Content-Type: application/json; charset=utf-8
cache-control: no-cache

02:24:28.128 [AsyncHttpClient-1-2] DEBUG org.asynchttpclient.netty.channel.ChannelManager - Adding key: http://localhost:5193 for channel [id: 0x2598873f, L:/127.0.0.1:60452 - R:localhost/127.0.0.1:5193]
02:24:28.131 [Forwarding screenshot on session fede1334dec9f1aa5f4050d74bad3f8c to remote] DEBUG org.asynchttpclient.netty.request.NettyRequestSender - Using pooled Channel '[id: 0x2598873f, L:/127.0.0.1:60452 - R:localhost/127.0.0.1:5193]' for 'GET' to 'http://localhost:5193/session/fede1334dec9f1aa5f4050d74bad3f8c/screenshot'
02:24:28.131 [Forwarding screenshot on session fede1334dec9f1aa5f4050d74bad3f8c to remote] DEBUG org.asynchttpclient.netty.request.NettyRequestSender - Using open Channel [id: 0x2598873f, L:/127.0.0.1:60452 - R:localhost/127.0.0.1:5193] for GET '/session/fede1334dec9f1aa5f4050d74bad3f8c/screenshot'
02:24:28.286 [AsyncHttpClient-1-2] DEBUG org.asynchttpclient.netty.handler.HttpHandler - 

Request DefaultFullHttpRequest(decodeResult: success, version: HTTP/1.1, content: EmptyByteBufBE)
GET /session/fede1334dec9f1aa5f4050d74bad3f8c/screenshot HTTP/1.1
User-Agent: selenium/4.8.1 (java windows)
Cache-Control: no-cache
Content-Type: application/json; charset=utf-8
host: localhost:5193
accept: */*

Response DefaultHttpResponse(decodeResult: success, version: HTTP/1.1)
HTTP/1.1 200 OK
Content-Length: 501788
Content-Type: application/json; charset=utf-8
cache-control: no-cache

02:24:28.290 [AsyncHttpClient-1-2] DEBUG org.asynchttpclient.netty.channel.ChannelManager - Adding key: http://localhost:5193 for channel [id: 0x2598873f, L:/127.0.0.1:60452 - R:localhost/127.0.0.1:5193]
02:24:28.361 [main] DEBUG net.serenitybdd.core.photography.Darkroom - Send negative for processing for target\site\serenity\1c6ae259fef686064a35a4ff194bcdbab6fb0cd085221185a7c562b53d4d5a31.png
02:24:28.362 [Darkroom Processing Line] DEBUG net.serenitybdd.core.photography.DarkroomProcessingLine - Processing screenshot image in /var/screenshots/screenshot-4958469753395805125
02:24:28.362 [Darkroom Processing Line] DEBUG net.serenitybdd.core.photography.DarkroomProcessingLine - Saving screenshot to target\site\serenity\1c6ae259fef686064a35a4ff194bcdbab6fb0cd085221185a7c562b53d4d5a31.png
02:24:28.364 [main] DEBUG net.thucydides.core.steps.StepInterceptor - STEP DONE: openPage
02:24:28.375 [Forwarding getPageSource on session fede1334dec9f1aa5f4050d74bad3f8c to remote] DEBUG org.asynchttpclient.netty.request.NettyRequestSender - Using pooled Channel '[id: 0x2598873f, L:/127.0.0.1:60452 - R:localhost/127.0.0.1:5193]' for 'POST' to 'http://localhost:5193/session/fede1334dec9f1aa5f4050d74bad3f8c/execute/sync'
02:24:28.375 [Forwarding getPageSource on session fede1334dec9f1aa5f4050d74bad3f8c to remote] DEBUG org.asynchttpclient.netty.request.NettyRequestSender - Using open Channel [id: 0x2598873f, L:/127.0.0.1:60452 - R:localhost/127.0.0.1:5193] for POST '/session/fede1334dec9f1aa5f4050d74bad3f8c/execute/sync'
02:24:28.391 [AsyncHttpClient-1-2] DEBUG org.asynchttpclient.netty.handler.HttpHandler - 

Request DefaultHttpRequest(decodeResult: success, version: HTTP/1.1)
POST /session/fede1334dec9f1aa5f4050d74bad3f8c/execute/sync HTTP/1.1
User-Agent: selenium/4.8.1 (java windows)
Content-Length: 176
Content-Type: application/json; charset=utf-8
host: localhost:5193
accept: */*

Response DefaultHttpResponse(decodeResult: success, version: HTTP/1.1)
HTTP/1.1 200 OK
Content-Length: 182088
Content-Type: application/json; charset=utf-8
cache-control: no-cache

02:24:28.392 [AsyncHttpClient-1-2] DEBUG org.asynchttpclient.netty.channel.ChannelManager - Adding key: http://localhost:5193 for channel [id: 0x2598873f, L:/127.0.0.1:60452 - R:localhost/127.0.0.1:5193]
02:24:28.505 [Forwarding getCurrentUrl on session fede1334dec9f1aa5f4050d74bad3f8c to remote] DEBUG org.asynchttpclient.netty.request.NettyRequestSender - Using pooled Channel '[id: 0x2598873f, L:/127.0.0.1:60452 - R:localhost/127.0.0.1:5193]' for 'GET' to 'http://localhost:5193/session/fede1334dec9f1aa5f4050d74bad3f8c/url'
02:24:28.505 [Forwarding getCurrentUrl on session fede1334dec9f1aa5f4050d74bad3f8c to remote] DEBUG org.asynchttpclient.netty.request.NettyRequestSender - Using open Channel [id: 0x2598873f, L:/127.0.0.1:60452 - R:localhost/127.0.0.1:5193] for GET '/session/fede1334dec9f1aa5f4050d74bad3f8c/url'
02:24:28.509 [AsyncHttpClient-1-2] DEBUG org.asynchttpclient.netty.handler.HttpHandler - 

Request DefaultFullHttpRequest(decodeResult: success, version: HTTP/1.1, content: EmptyByteBufBE)
GET /session/fede1334dec9f1aa5f4050d74bad3f8c/url HTTP/1.1
User-Agent: selenium/4.8.1 (java windows)
Cache-Control: no-cache
Content-Type: application/json; charset=utf-8
host: localhost:5193
accept: */*

Response DefaultHttpResponse(decodeResult: success, version: HTTP/1.1)
HTTP/1.1 200 OK
Content-Length: 36
Content-Type: application/json; charset=utf-8
cache-control: no-cache

02:24:28.509 [AsyncHttpClient-1-2] DEBUG org.asynchttpclient.netty.channel.ChannelManager - Adding key: http://localhost:5193 for channel [id: 0x2598873f, L:/127.0.0.1:60452 - R:localhost/127.0.0.1:5193]
02:24:28.523 [main] DEBUG net.thucydides.core.steps.StepInterceptor - STARTING STEP: LoginSteps.onTheLoginPage - validateOnLoginPage
02:24:28.535 [Forwarding findElement on session fede1334dec9f1aa5f4050d74bad3f8c to remote] DEBUG org.asynchttpclient.netty.request.NettyRequestSender - Using pooled Channel '[id: 0x2598873f, L:/127.0.0.1:60452 - R:localhost/127.0.0.1:5193]' for 'POST' to 'http://localhost:5193/session/fede1334dec9f1aa5f4050d74bad3f8c/element'
02:24:28.535 [Forwarding findElement on session fede1334dec9f1aa5f4050d74bad3f8c to remote] DEBUG org.asynchttpclient.netty.request.NettyRequestSender - Using open Channel [id: 0x2598873f, L:/127.0.0.1:60452 - R:localhost/127.0.0.1:5193] for POST '/session/fede1334dec9f1aa5f4050d74bad3f8c/element'
02:24:28.545 [AsyncHttpClient-1-2] DEBUG org.asynchttpclient.netty.handler.HttpHandler - 

Request DefaultHttpRequest(decodeResult: success, version: HTTP/1.1)
POST /session/fede1334dec9f1aa5f4050d74bad3f8c/element HTTP/1.1
User-Agent: selenium/4.8.1 (java windows)
Content-Length: 62
Content-Type: application/json; charset=utf-8
host: localhost:5193
accept: */*

Response DefaultHttpResponse(decodeResult: success, version: HTTP/1.1)
HTTP/1.1 200 OK
Content-Length: 88
Content-Type: application/json; charset=utf-8
cache-control: no-cache

02:24:28.545 [AsyncHttpClient-1-2] DEBUG org.asynchttpclient.netty.channel.ChannelManager - Adding key: http://localhost:5193 for channel [id: 0x2598873f, L:/127.0.0.1:60452 - R:localhost/127.0.0.1:5193]
02:24:28.553 [Forwarding isElementDisplayed on session fede1334dec9f1aa5f4050d74bad3f8c to remote] DEBUG org.asynchttpclient.netty.request.NettyRequestSender - Using pooled Channel '[id: 0x2598873f, L:/127.0.0.1:60452 - R:localhost/127.0.0.1:5193]' for 'POST' to 'http://localhost:5193/session/fede1334dec9f1aa5f4050d74bad3f8c/execute/sync'
02:24:28.553 [Forwarding isElementDisplayed on session fede1334dec9f1aa5f4050d74bad3f8c to remote] DEBUG org.asynchttpclient.netty.request.NettyRequestSender - Using open Channel [id: 0x2598873f, L:/127.0.0.1:60452 - R:localhost/127.0.0.1:5193] for POST '/session/fede1334dec9f1aa5f4050d74bad3f8c/execute/sync'
02:24:28.564 [AsyncHttpClient-1-2] DEBUG org.asynchttpclient.netty.handler.HttpHandler - 

Request DefaultHttpRequest(decodeResult: success, version: HTTP/1.1)
POST /session/fede1334dec9f1aa5f4050d74bad3f8c/execute/sync HTTP/1.1
User-Agent: selenium/4.8.1 (java windows)
Content-Length: 48807
Content-Type: application/json; charset=utf-8
host: localhost:5193
accept: */*

Response DefaultHttpResponse(decodeResult: success, version: HTTP/1.1)
HTTP/1.1 200 OK
Content-Length: 14
Content-Type: application/json; charset=utf-8
cache-control: no-cache

02:24:28.565 [AsyncHttpClient-1-2] DEBUG org.asynchttpclient.netty.channel.ChannelManager - Adding key: http://localhost:5193 for channel [id: 0x2598873f, L:/127.0.0.1:60452 - R:localhost/127.0.0.1:5193]
02:24:28.575 [Forwarding getAlertText on session fede1334dec9f1aa5f4050d74bad3f8c to remote] DEBUG org.asynchttpclient.netty.request.NettyRequestSender - Using pooled Channel '[id: 0x2598873f, L:/127.0.0.1:60452 - R:localhost/127.0.0.1:5193]' for 'GET' to 'http://localhost:5193/session/fede1334dec9f1aa5f4050d74bad3f8c/alert/text'
02:24:28.575 [Forwarding getAlertText on session fede1334dec9f1aa5f4050d74bad3f8c to remote] DEBUG org.asynchttpclient.netty.request.NettyRequestSender - Using open Channel [id: 0x2598873f, L:/127.0.0.1:60452 - R:localhost/127.0.0.1:5193] for GET '/session/fede1334dec9f1aa5f4050d74bad3f8c/alert/text'
02:24:28.576 [AsyncHttpClient-1-2] DEBUG org.asynchttpclient.netty.handler.HttpHandler - 

Request DefaultFullHttpRequest(decodeResult: success, version: HTTP/1.1, content: EmptyByteBufBE)
GET /session/fede1334dec9f1aa5f4050d74bad3f8c/alert/text HTTP/1.1
User-Agent: selenium/4.8.1 (java windows)
Cache-Control: no-cache
Content-Type: application/json; charset=utf-8
host: localhost:5193
accept: */*

Response DefaultHttpResponse(decodeResult: success, version: HTTP/1.1)
HTTP/1.1 404 Not Found
Content-Length: 836
Content-Type: application/json; charset=utf-8
cache-control: no-cache

02:24:28.576 [AsyncHttpClient-1-2] DEBUG org.asynchttpclient.netty.channel.ChannelManager - Adding key: http://localhost:5193 for channel [id: 0x2598873f, L:/127.0.0.1:60452 - R:localhost/127.0.0.1:5193]
02:24:28.578 [Forwarding getCurrentUrl on session fede1334dec9f1aa5f4050d74bad3f8c to remote] DEBUG org.asynchttpclient.netty.request.NettyRequestSender - Using pooled Channel '[id: 0x2598873f, L:/127.0.0.1:60452 - R:localhost/127.0.0.1:5193]' for 'GET' to 'http://localhost:5193/session/fede1334dec9f1aa5f4050d74bad3f8c/url'
02:24:28.578 [Forwarding getCurrentUrl on session fede1334dec9f1aa5f4050d74bad3f8c to remote] DEBUG org.asynchttpclient.netty.request.NettyRequestSender - Using open Channel [id: 0x2598873f, L:/127.0.0.1:60452 - R:localhost/127.0.0.1:5193] for GET '/session/fede1334dec9f1aa5f4050d74bad3f8c/url'
02:24:28.581 [AsyncHttpClient-1-2] DEBUG org.asynchttpclient.netty.handler.HttpHandler - 

Request DefaultFullHttpRequest(decodeResult: success, version: HTTP/1.1, content: EmptyByteBufBE)
GET /session/fede1334dec9f1aa5f4050d74bad3f8c/url HTTP/1.1
User-Agent: selenium/4.8.1 (java windows)
Cache-Control: no-cache
Content-Type: application/json; charset=utf-8
host: localhost:5193
accept: */*

Response DefaultHttpResponse(decodeResult: success, version: HTTP/1.1)
HTTP/1.1 200 OK
Content-Length: 36
Content-Type: application/json; charset=utf-8
cache-control: no-cache

02:24:28.581 [AsyncHttpClient-1-2] DEBUG org.asynchttpclient.netty.channel.ChannelManager - Adding key: http://localhost:5193 for channel [id: 0x2598873f, L:/127.0.0.1:60452 - R:localhost/127.0.0.1:5193]
02:24:28.583 [Forwarding screenshot on session fede1334dec9f1aa5f4050d74bad3f8c to remote] DEBUG org.asynchttpclient.netty.request.NettyRequestSender - Using pooled Channel '[id: 0x2598873f, L:/127.0.0.1:60452 - R:localhost/127.0.0.1:5193]' for 'GET' to 'http://localhost:5193/session/fede1334dec9f1aa5f4050d74bad3f8c/screenshot'
02:24:28.583 [Forwarding screenshot on session fede1334dec9f1aa5f4050d74bad3f8c to remote] DEBUG org.asynchttpclient.netty.request.NettyRequestSender - Using open Channel [id: 0x2598873f, L:/127.0.0.1:60452 - R:localhost/127.0.0.1:5193] for GET '/session/fede1334dec9f1aa5f4050d74bad3f8c/screenshot'
02:24:28.743 [AsyncHttpClient-1-1] DEBUG org.asynchttpclient.netty.channel.DefaultChannelPool - Entry count for : http://localhost:60453 : 1
02:24:28.788 [AsyncHttpClient-1-2] DEBUG org.asynchttpclient.netty.handler.HttpHandler - 

Request DefaultFullHttpRequest(decodeResult: success, version: HTTP/1.1, content: EmptyByteBufBE)
GET /session/fede1334dec9f1aa5f4050d74bad3f8c/screenshot HTTP/1.1
User-Agent: selenium/4.8.1 (java windows)
Cache-Control: no-cache
Content-Type: application/json; charset=utf-8
host: localhost:5193
accept: */*

Response DefaultHttpResponse(decodeResult: success, version: HTTP/1.1)
HTTP/1.1 200 OK
Content-Length: 501788
Content-Type: application/json; charset=utf-8
cache-control: no-cache

02:24:28.791 [AsyncHttpClient-1-2] DEBUG org.asynchttpclient.netty.channel.ChannelManager - Adding key: http://localhost:5193 for channel [id: 0x2598873f, L:/127.0.0.1:60452 - R:localhost/127.0.0.1:5193]
02:24:28.801 [main] DEBUG net.serenitybdd.core.photography.Darkroom - Send negative for processing for target\site\serenity\1c6ae259fef686064a35a4ff194bcdbab6fb0cd085221185a7c562b53d4d5a31.png
02:24:28.802 [main] DEBUG net.thucydides.core.steps.StepInterceptor - STEP DONE: validateOnLoginPage
  &amp#27;[32mGiven &amp#27;[0m&amp#27;[32mI am on the Sepulsa login page&amp#27;[0m                        &amp#27;[90m# starter.stepdefintions.LoginSteps.onTheLoginPage()&amp#27;[0m
02:24:28.813 [Forwarding getPageSource on session fede1334dec9f1aa5f4050d74bad3f8c to remote] DEBUG org.asynchttpclient.netty.request.NettyRequestSender - Using pooled Channel '[id: 0x2598873f, L:/127.0.0.1:60452 - R:localhost/127.0.0.1:5193]' for 'POST' to 'http://localhost:5193/session/fede1334dec9f1aa5f4050d74bad3f8c/execute/sync'
02:24:28.814 [Forwarding getPageSource on session fede1334dec9f1aa5f4050d74bad3f8c to remote] DEBUG org.asynchttpclient.netty.request.NettyRequestSender - Using open Channel [id: 0x2598873f, L:/127.0.0.1:60452 - R:localhost/127.0.0.1:5193] for POST '/session/fede1334dec9f1aa5f4050d74bad3f8c/execute/sync'
02:24:28.827 [AsyncHttpClient-1-2] DEBUG org.asynchttpclient.netty.handler.HttpHandler - 

Request DefaultHttpRequest(decodeResult: success, version: HTTP/1.1)
POST /session/fede1334dec9f1aa5f4050d74bad3f8c/execute/sync HTTP/1.1
User-Agent: selenium/4.8.1 (java windows)
Content-Length: 176
Content-Type: application/json; charset=utf-8
host: localhost:5193
accept: */*

Response DefaultHttpResponse(decodeResult: success, version: HTTP/1.1)
HTTP/1.1 200 OK
Content-Length: 182088
Content-Type: application/json; charset=utf-8
cache-control: no-cache

02:24:28.829 [AsyncHttpClient-1-2] DEBUG org.asynchttpclient.netty.channel.ChannelManager - Adding key: http://localhost:5193 for channel [id: 0x2598873f, L:/127.0.0.1:60452 - R:localhost/127.0.0.1:5193]
02:24:28.855 [Forwarding getCurrentUrl on session fede1334dec9f1aa5f4050d74bad3f8c to remote] DEBUG org.asynchttpclient.netty.request.NettyRequestSender - Using pooled Channel '[id: 0x2598873f, L:/127.0.0.1:60452 - R:localhost/127.0.0.1:5193]' for 'GET' to 'http://localhost:5193/session/fede1334dec9f1aa5f4050d74bad3f8c/url'
02:24:28.855 [Forwarding getCurrentUrl on session fede1334dec9f1aa5f4050d74bad3f8c to remote] DEBUG org.asynchttpclient.netty.request.NettyRequestSender - Using open Channel [id: 0x2598873f, L:/127.0.0.1:60452 - R:localhost/127.0.0.1:5193] for GET '/session/fede1334dec9f1aa5f4050d74bad3f8c/url'
02:24:28.859 [AsyncHttpClient-1-2] DEBUG org.asynchttpclient.netty.handler.HttpHandler - 

Request DefaultFullHttpRequest(decodeResult: success, version: HTTP/1.1, content: EmptyByteBufBE)
GET /session/fede1334dec9f1aa5f4050d74bad3f8c/url HTTP/1.1
User-Agent: selenium/4.8.1 (java windows)
Cache-Control: no-cache
Content-Type: application/json; charset=utf-8
host: localhost:5193
accept: */*

Response DefaultHttpResponse(decodeResult: success, version: HTTP/1.1)
HTTP/1.1 200 OK
Content-Length: 36
Content-Type: application/json; charset=utf-8
cache-control: no-cache

02:24:28.860 [AsyncHttpClient-1-2] DEBUG org.asynchttpclient.netty.channel.ChannelManager - Adding key: http://localhost:5193 for channel [id: 0x2598873f, L:/127.0.0.1:60452 - R:localhost/127.0.0.1:5193]
02:24:28.877 [Forwarding getAlertText on session fede1334dec9f1aa5f4050d74bad3f8c to remote] DEBUG org.asynchttpclient.netty.request.NettyRequestSender - Using pooled Channel '[id: 0x2598873f, L:/127.0.0.1:60452 - R:localhost/127.0.0.1:5193]' for 'GET' to 'http://localhost:5193/session/fede1334dec9f1aa5f4050d74bad3f8c/alert/text'
02:24:28.877 [Forwarding getAlertText on session fede1334dec9f1aa5f4050d74bad3f8c to remote] DEBUG org.asynchttpclient.netty.request.NettyRequestSender - Using open Channel [id: 0x2598873f, L:/127.0.0.1:60452 - R:localhost/127.0.0.1:5193] for GET '/session/fede1334dec9f1aa5f4050d74bad3f8c/alert/text'
02:24:28.879 [AsyncHttpClient-1-2] DEBUG org.asynchttpclient.netty.handler.HttpHandler - 

Request DefaultFullHttpRequest(decodeResult: success, version: HTTP/1.1, content: EmptyByteBufBE)
GET /session/fede1334dec9f1aa5f4050d74bad3f8c/alert/text HTTP/1.1
User-Agent: selenium/4.8.1 (java windows)
Cache-Control: no-cache
Content-Type: application/json; charset=utf-8
host: localhost:5193
accept: */*

Response DefaultHttpResponse(decodeResult: success, version: HTTP/1.1)
HTTP/1.1 404 Not Found
Content-Length: 836
Content-Type: application/json; charset=utf-8
cache-control: no-cache

02:24:28.880 [AsyncHttpClient-1-2] DEBUG org.asynchttpclient.netty.channel.ChannelManager - Adding key: http://localhost:5193 for channel [id: 0x2598873f, L:/127.0.0.1:60452 - R:localhost/127.0.0.1:5193]
02:24:28.881 [Forwarding getCurrentUrl on session fede1334dec9f1aa5f4050d74bad3f8c to remote] DEBUG org.asynchttpclient.netty.request.NettyRequestSender - Using pooled Channel '[id: 0x2598873f, L:/127.0.0.1:60452 - R:localhost/127.0.0.1:5193]' for 'GET' to 'http://localhost:5193/session/fede1334dec9f1aa5f4050d74bad3f8c/url'
02:24:28.881 [Forwarding getCurrentUrl on session fede1334dec9f1aa5f4050d74bad3f8c to remote] DEBUG org.asynchttpclient.netty.request.NettyRequestSender - Using open Channel [id: 0x2598873f, L:/127.0.0.1:60452 - R:localhost/127.0.0.1:5193] for GET '/session/fede1334dec9f1aa5f4050d74bad3f8c/url'
02:24:28.885 [AsyncHttpClient-1-2] DEBUG org.asynchttpclient.netty.handler.HttpHandler - 

Request DefaultFullHttpRequest(decodeResult: success, version: HTTP/1.1, content: EmptyByteBufBE)
GET /session/fede1334dec9f1aa5f4050d74bad3f8c/url HTTP/1.1
User-Agent: selenium/4.8.1 (java windows)
Cache-Control: no-cache
Content-Type: application/json; charset=utf-8
host: localhost:5193
accept: */*

Response DefaultHttpResponse(decodeResult: success, version: HTTP/1.1)
HTTP/1.1 200 OK
Content-Length: 36
Content-Type: application/json; charset=utf-8
cache-control: no-cache

02:24:28.885 [AsyncHttpClient-1-2] DEBUG org.asynchttpclient.netty.channel.ChannelManager - Adding key: http://localhost:5193 for channel [id: 0x2598873f, L:/127.0.0.1:60452 - R:localhost/127.0.0.1:5193]
02:24:28.886 [Forwarding screenshot on session fede1334dec9f1aa5f4050d74bad3f8c to remote] DEBUG org.asynchttpclient.netty.request.NettyRequestSender - Using pooled Channel '[id: 0x2598873f, L:/127.0.0.1:60452 - R:localhost/127.0.0.1:5193]' for 'GET' to 'http://localhost:5193/session/fede1334dec9f1aa5f4050d74bad3f8c/screenshot'
02:24:28.886 [Forwarding screenshot on session fede1334dec9f1aa5f4050d74bad3f8c to remote] DEBUG org.asynchttpclient.netty.request.NettyRequestSender - Using open Channel [id: 0x2598873f, L:/127.0.0.1:60452 - R:localhost/127.0.0.1:5193] for GET '/session/fede1334dec9f1aa5f4050d74bad3f8c/screenshot'
02:24:29.054 [AsyncHttpClient-1-2] DEBUG org.asynchttpclient.netty.handler.HttpHandler - 

Request DefaultFullHttpRequest(decodeResult: success, version: HTTP/1.1, content: EmptyByteBufBE)
GET /session/fede1334dec9f1aa5f4050d74bad3f8c/screenshot HTTP/1.1
User-Agent: selenium/4.8.1 (java windows)
Cache-Control: no-cache
Content-Type: application/json; charset=utf-8
host: localhost:5193
accept: */*

Response DefaultHttpResponse(decodeResult: success, version: HTTP/1.1)
HTTP/1.1 200 OK
Content-Length: 501788
Content-Type: application/json; charset=utf-8
cache-control: no-cache

02:24:29.056 [AsyncHttpClient-1-2] DEBUG org.asynchttpclient.netty.channel.ChannelManager - Adding key: http://localhost:5193 for channel [id: 0x2598873f, L:/127.0.0.1:60452 - R:localhost/127.0.0.1:5193]
02:24:29.067 [main] DEBUG net.serenitybdd.core.photography.Darkroom - Send negative for processing for target\site\serenity\1c6ae259fef686064a35a4ff194bcdbab6fb0cd085221185a7c562b53d4d5a31.png
02:24:29.068 [Forwarding getPageSource on session fede1334dec9f1aa5f4050d74bad3f8c to remote] DEBUG org.asynchttpclient.netty.request.NettyRequestSender - Using pooled Channel '[id: 0x2598873f, L:/127.0.0.1:60452 - R:localhost/127.0.0.1:5193]' for 'POST' to 'http://localhost:5193/session/fede1334dec9f1aa5f4050d74bad3f8c/execute/sync'
02:24:29.068 [Forwarding getPageSource on session fede1334dec9f1aa5f4050d74bad3f8c to remote] DEBUG org.asynchttpclient.netty.request.NettyRequestSender - Using open Channel [id: 0x2598873f, L:/127.0.0.1:60452 - R:localhost/127.0.0.1:5193] for POST '/session/fede1334dec9f1aa5f4050d74bad3f8c/execute/sync'
02:24:29.085 [AsyncHttpClient-1-2] DEBUG org.asynchttpclient.netty.handler.HttpHandler - 

Request DefaultHttpRequest(decodeResult: success, version: HTTP/1.1)
POST /session/fede1334dec9f1aa5f4050d74bad3f8c/execute/sync HTTP/1.1
User-Agent: selenium/4.8.1 (java windows)
Content-Length: 176
Content-Type: application/json; charset=utf-8
host: localhost:5193
accept: */*

Response DefaultHttpResponse(decodeResult: success, version: HTTP/1.1)
HTTP/1.1 200 OK
Content-Length: 182088
Content-Type: application/json; charset=utf-8
cache-control: no-cache

02:24:29.086 [AsyncHttpClient-1-2] DEBUG org.asynchttpclient.netty.channel.ChannelManager - Adding key: http://localhost:5193 for channel [id: 0x2598873f, L:/127.0.0.1:60452 - R:localhost/127.0.0.1:5193]
02:24:29.104 [Forwarding getCurrentUrl on session fede1334dec9f1aa5f4050d74bad3f8c to remote] DEBUG org.asynchttpclient.netty.request.NettyRequestSender - Using pooled Channel '[id: 0x2598873f, L:/127.0.0.1:60452 - R:localhost/127.0.0.1:5193]' for 'GET' to 'http://localhost:5193/session/fede1334dec9f1aa5f4050d74bad3f8c/url'
02:24:29.104 [Forwarding getCurrentUrl on session fede1334dec9f1aa5f4050d74bad3f8c to remote] DEBUG org.asynchttpclient.netty.request.NettyRequestSender - Using open Channel [id: 0x2598873f, L:/127.0.0.1:60452 - R:localhost/127.0.0.1:5193] for GET '/session/fede1334dec9f1aa5f4050d74bad3f8c/url'
02:24:29.107 [AsyncHttpClient-1-2] DEBUG org.asynchttpclient.netty.handler.HttpHandler - 

Request DefaultFullHttpRequest(decodeResult: success, version: HTTP/1.1, content: EmptyByteBufBE)
GET /session/fede1334dec9f1aa5f4050d74bad3f8c/url HTTP/1.1
User-Agent: selenium/4.8.1 (java windows)
Cache-Control: no-cache
Content-Type: application/json; charset=utf-8
host: localhost:5193
accept: */*

Response DefaultHttpResponse(decodeResult: success, version: HTTP/1.1)
HTTP/1.1 200 OK
Content-Length: 36
Content-Type: application/json; charset=utf-8
cache-control: no-cache

02:24:29.107 [AsyncHttpClient-1-2] DEBUG org.asynchttpclient.netty.channel.ChannelManager - Adding key: http://localhost:5193 for channel [id: 0x2598873f, L:/127.0.0.1:60452 - R:localhost/127.0.0.1:5193]
02:24:29.109 [main] DEBUG net.thucydides.core.steps.StepInterceptor - STARTING STEP: LoginSteps.clickLoginButton - clickLoginButton
02:24:29.118 [Forwarding findElement on session fede1334dec9f1aa5f4050d74bad3f8c to remote] DEBUG org.asynchttpclient.netty.request.NettyRequestSender - Using pooled Channel '[id: 0x2598873f, L:/127.0.0.1:60452 - R:localhost/127.0.0.1:5193]' for 'POST' to 'http://localhost:5193/session/fede1334dec9f1aa5f4050d74bad3f8c/element'
02:24:29.118 [Forwarding findElement on session fede1334dec9f1aa5f4050d74bad3f8c to remote] DEBUG org.asynchttpclient.netty.request.NettyRequestSender - Using open Channel [id: 0x2598873f, L:/127.0.0.1:60452 - R:localhost/127.0.0.1:5193] for POST '/session/fede1334dec9f1aa5f4050d74bad3f8c/element'
02:24:29.124 [AsyncHttpClient-1-2] DEBUG org.asynchttpclient.netty.handler.HttpHandler - 

Request DefaultHttpRequest(decodeResult: success, version: HTTP/1.1)
POST /session/fede1334dec9f1aa5f4050d74bad3f8c/element HTTP/1.1
User-Agent: selenium/4.8.1 (java windows)
Content-Length: 62
Content-Type: application/json; charset=utf-8
host: localhost:5193
accept: */*

Response DefaultHttpResponse(decodeResult: success, version: HTTP/1.1)
HTTP/1.1 200 OK
Content-Length: 88
Content-Type: application/json; charset=utf-8
cache-control: no-cache

02:24:29.124 [AsyncHttpClient-1-2] DEBUG org.asynchttpclient.netty.channel.ChannelManager - Adding key: http://localhost:5193 for channel [id: 0x2598873f, L:/127.0.0.1:60452 - R:localhost/127.0.0.1:5193]
02:24:29.126 [Forwarding getElementTagName on session fede1334dec9f1aa5f4050d74bad3f8c to remote] DEBUG org.asynchttpclient.netty.request.NettyRequestSender - Using pooled Channel '[id: 0x2598873f, L:/127.0.0.1:60452 - R:localhost/127.0.0.1:5193]' for 'GET' to 'http://localhost:5193/session/fede1334dec9f1aa5f4050d74bad3f8c/element/69a77859-adbf-42fb-a652-63253e6c6658/name'
02:24:29.126 [Forwarding getElementTagName on session fede1334dec9f1aa5f4050d74bad3f8c to remote] DEBUG org.asynchttpclient.netty.request.NettyRequestSender - Using open Channel [id: 0x2598873f, L:/127.0.0.1:60452 - R:localhost/127.0.0.1:5193] for GET '/session/fede1334dec9f1aa5f4050d74bad3f8c/element/69a77859-adbf-42fb-a652-63253e6c6658/name'
02:24:29.131 [AsyncHttpClient-1-2] DEBUG org.asynchttpclient.netty.handler.HttpHandler - 

Request DefaultFullHttpRequest(decodeResult: success, version: HTTP/1.1, content: EmptyByteBufBE)
GET /session/fede1334dec9f1aa5f4050d74bad3f8c/element/69a77859-adbf-42fb-a652-63253e6c6658/name HTTP/1.1
User-Agent: selenium/4.8.1 (java windows)
Cache-Control: no-cache
Content-Type: application/json; charset=utf-8
host: localhost:5193
accept: */*

Response DefaultHttpResponse(decodeResult: success, version: HTTP/1.1)
HTTP/1.1 200 OK
Content-Length: 16
Content-Type: application/json; charset=utf-8
cache-control: no-cache

02:24:29.131 [AsyncHttpClient-1-2] DEBUG org.asynchttpclient.netty.channel.ChannelManager - Adding key: http://localhost:5193 for channel [id: 0x2598873f, L:/127.0.0.1:60452 - R:localhost/127.0.0.1:5193]
02:24:29.132 [Forwarding getElementTagName on session fede1334dec9f1aa5f4050d74bad3f8c to remote] DEBUG org.asynchttpclient.netty.request.NettyRequestSender - Using pooled Channel '[id: 0x2598873f, L:/127.0.0.1:60452 - R:localhost/127.0.0.1:5193]' for 'GET' to 'http://localhost:5193/session/fede1334dec9f1aa5f4050d74bad3f8c/element/69a77859-adbf-42fb-a652-63253e6c6658/name'
02:24:29.133 [Forwarding getElementTagName on session fede1334dec9f1aa5f4050d74bad3f8c to remote] DEBUG org.asynchttpclient.netty.request.NettyRequestSender - Using open Channel [id: 0x2598873f, L:/127.0.0.1:60452 - R:localhost/127.0.0.1:5193] for GET '/session/fede1334dec9f1aa5f4050d74bad3f8c/element/69a77859-adbf-42fb-a652-63253e6c6658/name'
02:24:29.136 [AsyncHttpClient-1-2] DEBUG org.asynchttpclient.netty.handler.HttpHandler - 

Request DefaultFullHttpRequest(decodeResult: success, version: HTTP/1.1, content: EmptyByteBufBE)
GET /session/fede1334dec9f1aa5f4050d74bad3f8c/element/69a77859-adbf-42fb-a652-63253e6c6658/name HTTP/1.1
User-Agent: selenium/4.8.1 (java windows)
Cache-Control: no-cache
Content-Type: application/json; charset=utf-8
host: localhost:5193
accept: */*

Response DefaultHttpResponse(decodeResult: success, version: HTTP/1.1)
HTTP/1.1 200 OK
Content-Length: 16
Content-Type: application/json; charset=utf-8
cache-control: no-cache

02:24:29.136 [AsyncHttpClient-1-2] DEBUG org.asynchttpclient.netty.channel.ChannelManager - Adding key: http://localhost:5193 for channel [id: 0x2598873f, L:/127.0.0.1:60452 - R:localhost/127.0.0.1:5193]
02:24:29.139 [Forwarding findElement on session fede1334dec9f1aa5f4050d74bad3f8c to remote] DEBUG org.asynchttpclient.netty.request.NettyRequestSender - Using pooled Channel '[id: 0x2598873f, L:/127.0.0.1:60452 - R:localhost/127.0.0.1:5193]' for 'POST' to 'http://localhost:5193/session/fede1334dec9f1aa5f4050d74bad3f8c/element'
02:24:29.139 [Forwarding findElement on session fede1334dec9f1aa5f4050d74bad3f8c to remote] DEBUG org.asynchttpclient.netty.request.NettyRequestSender - Using open Channel [id: 0x2598873f, L:/127.0.0.1:60452 - R:localhost/127.0.0.1:5193] for POST '/session/fede1334dec9f1aa5f4050d74bad3f8c/element'
02:24:29.145 [AsyncHttpClient-1-2] DEBUG org.asynchttpclient.netty.handler.HttpHandler - 

Request DefaultHttpRequest(decodeResult: success, version: HTTP/1.1)
POST /session/fede1334dec9f1aa5f4050d74bad3f8c/element HTTP/1.1
User-Agent: selenium/4.8.1 (java windows)
Content-Length: 62
Content-Type: application/json; charset=utf-8
host: localhost:5193
accept: */*

Response DefaultHttpResponse(decodeResult: success, version: HTTP/1.1)
HTTP/1.1 200 OK
Content-Length: 88
Content-Type: application/json; charset=utf-8
cache-control: no-cache

02:24:29.145 [AsyncHttpClient-1-2] DEBUG org.asynchttpclient.netty.channel.ChannelManager - Adding key: http://localhost:5193 for channel [id: 0x2598873f, L:/127.0.0.1:60452 - R:localhost/127.0.0.1:5193]
02:24:29.147 [Forwarding clickElement on session fede1334dec9f1aa5f4050d74bad3f8c to remote] DEBUG org.asynchttpclient.netty.request.NettyRequestSender - Using pooled Channel '[id: 0x2598873f, L:/127.0.0.1:60452 - R:localhost/127.0.0.1:5193]' for 'POST' to 'http://localhost:5193/session/fede1334dec9f1aa5f4050d74bad3f8c/element/69a77859-adbf-42fb-a652-63253e6c6658/click'
02:24:29.147 [Forwarding clickElement on session fede1334dec9f1aa5f4050d74bad3f8c to remote] DEBUG org.asynchttpclient.netty.request.NettyRequestSender - Using open Channel [id: 0x2598873f, L:/127.0.0.1:60452 - R:localhost/127.0.0.1:5193] for POST '/session/fede1334dec9f1aa5f4050d74bad3f8c/element/69a77859-adbf-42fb-a652-63253e6c6658/click'
02:24:29.847 [AsyncHttpClient-1-1] DEBUG org.asynchttpclient.netty.channel.DefaultChannelPool - Entry count for : http://localhost:60453 : 1
02:24:29.878 [AsyncHttpClient-1-2] DEBUG org.asynchttpclient.netty.handler.HttpHandler - 

Request DefaultHttpRequest(decodeResult: success, version: HTTP/1.1)
POST /session/fede1334dec9f1aa5f4050d74bad3f8c/element/69a77859-adbf-42fb-a652-63253e6c6658/click HTTP/1.1
User-Agent: selenium/4.8.1 (java windows)
Content-Length: 50
Content-Type: application/json; charset=utf-8
host: localhost:5193
accept: */*

Response DefaultHttpResponse(decodeResult: success, version: HTTP/1.1)
HTTP/1.1 200 OK
Content-Length: 14
Content-Type: application/json; charset=utf-8
cache-control: no-cache

02:24:29.878 [AsyncHttpClient-1-2] DEBUG org.asynchttpclient.netty.channel.ChannelManager - Adding key: http://localhost:5193 for channel [id: 0x2598873f, L:/127.0.0.1:60452 - R:localhost/127.0.0.1:5193]
02:24:29.890 [Forwarding getAlertText on session fede1334dec9f1aa5f4050d74bad3f8c to remote] DEBUG org.asynchttpclient.netty.request.NettyRequestSender - Using pooled Channel '[id: 0x2598873f, L:/127.0.0.1:60452 - R:localhost/127.0.0.1:5193]' for 'GET' to 'http://localhost:5193/session/fede1334dec9f1aa5f4050d74bad3f8c/alert/text'
02:24:29.890 [Forwarding getAlertText on session fede1334dec9f1aa5f4050d74bad3f8c to remote] DEBUG org.asynchttpclient.netty.request.NettyRequestSender - Using open Channel [id: 0x2598873f, L:/127.0.0.1:60452 - R:localhost/127.0.0.1:5193] for GET '/session/fede1334dec9f1aa5f4050d74bad3f8c/alert/text'
02:24:29.929 [AsyncHttpClient-1-2] DEBUG org.asynchttpclient.netty.handler.HttpHandler - 

Request DefaultFullHttpRequest(decodeResult: success, version: HTTP/1.1, content: EmptyByteBufBE)
GET /session/fede1334dec9f1aa5f4050d74bad3f8c/alert/text HTTP/1.1
User-Agent: selenium/4.8.1 (java windows)
Cache-Control: no-cache
Content-Type: application/json; charset=utf-8
host: localhost:5193
accept: */*

Response DefaultHttpResponse(decodeResult: success, version: HTTP/1.1)
HTTP/1.1 404 Not Found
Content-Length: 836
Content-Type: application/json; charset=utf-8
cache-control: no-cache

02:24:29.929 [AsyncHttpClient-1-2] DEBUG org.asynchttpclient.netty.channel.ChannelManager - Adding key: http://localhost:5193 for channel [id: 0x2598873f, L:/127.0.0.1:60452 - R:localhost/127.0.0.1:5193]
02:24:29.931 [Forwarding getCurrentUrl on session fede1334dec9f1aa5f4050d74bad3f8c to remote] DEBUG org.asynchttpclient.netty.request.NettyRequestSender - Using pooled Channel '[id: 0x2598873f, L:/127.0.0.1:60452 - R:localhost/127.0.0.1:5193]' for 'GET' to 'http://localhost:5193/session/fede1334dec9f1aa5f4050d74bad3f8c/url'
02:24:29.931 [Forwarding getCurrentUrl on session fede1334dec9f1aa5f4050d74bad3f8c to remote] DEBUG org.asynchttpclient.netty.request.NettyRequestSender - Using open Channel [id: 0x2598873f, L:/127.0.0.1:60452 - R:localhost/127.0.0.1:5193] for GET '/session/fede1334dec9f1aa5f4050d74bad3f8c/url'
02:24:29.934 [AsyncHttpClient-1-2] DEBUG org.asynchttpclient.netty.handler.HttpHandler - 

Request DefaultFullHttpRequest(decodeResult: success, version: HTTP/1.1, content: EmptyByteBufBE)
GET /session/fede1334dec9f1aa5f4050d74bad3f8c/url HTTP/1.1
User-Agent: selenium/4.8.1 (java windows)
Cache-Control: no-cache
Content-Type: application/json; charset=utf-8
host: localhost:5193
accept: */*

Response DefaultHttpResponse(decodeResult: success, version: HTTP/1.1)
HTTP/1.1 200 OK
Content-Length: 42
Content-Type: application/json; charset=utf-8
cache-control: no-cache

02:24:29.935 [AsyncHttpClient-1-2] DEBUG org.asynchttpclient.netty.channel.ChannelManager - Adding key: http://localhost:5193 for channel [id: 0x2598873f, L:/127.0.0.1:60452 - R:localhost/127.0.0.1:5193]
02:24:29.935 [Forwarding screenshot on session fede1334dec9f1aa5f4050d74bad3f8c to remote] DEBUG org.asynchttpclient.netty.request.NettyRequestSender - Using pooled Channel '[id: 0x2598873f, L:/127.0.0.1:60452 - R:localhost/127.0.0.1:5193]' for 'GET' to 'http://localhost:5193/session/fede1334dec9f1aa5f4050d74bad3f8c/screenshot'
02:24:29.935 [Forwarding screenshot on session fede1334dec9f1aa5f4050d74bad3f8c to remote] DEBUG org.asynchttpclient.netty.request.NettyRequestSender - Using open Channel [id: 0x2598873f, L:/127.0.0.1:60452 - R:localhost/127.0.0.1:5193] for GET '/session/fede1334dec9f1aa5f4050d74bad3f8c/screenshot'
02:24:30.147 [AsyncHttpClient-1-2] DEBUG org.asynchttpclient.netty.handler.HttpHandler - 

Request DefaultFullHttpRequest(decodeResult: success, version: HTTP/1.1, content: EmptyByteBufBE)
GET /session/fede1334dec9f1aa5f4050d74bad3f8c/screenshot HTTP/1.1
User-Agent: selenium/4.8.1 (java windows)
Cache-Control: no-cache
Content-Type: application/json; charset=utf-8
host: localhost:5193
accept: */*

Response DefaultHttpResponse(decodeResult: success, version: HTTP/1.1)
HTTP/1.1 200 OK
Content-Length: 277256
Content-Type: application/json; charset=utf-8
cache-control: no-cache

02:24:30.149 [AsyncHttpClient-1-2] DEBUG org.asynchttpclient.netty.channel.ChannelManager - Adding key: http://localhost:5193 for channel [id: 0x2598873f, L:/127.0.0.1:60452 - R:localhost/127.0.0.1:5193]
02:24:30.155 [main] DEBUG net.serenitybdd.core.photography.Darkroom - Send negative for processing for target\site\serenity\6c14964afb175fcd1fcd055aeac833a40b5cdc11bb14153ac4af1122dd145a3e.png
02:24:30.155 [main] DEBUG net.thucydides.core.steps.StepInterceptor - STEP DONE: clickLoginButton
02:24:30.155 [Darkroom Processing Line] DEBUG net.serenitybdd.core.photography.DarkroomProcessingLine - Processing screenshot image in /var/screenshots/screenshot-13650725408681672625
02:24:30.155 [Darkroom Processing Line] DEBUG net.serenitybdd.core.photography.DarkroomProcessingLine - Saving screenshot to target\site\serenity\6c14964afb175fcd1fcd055aeac833a40b5cdc11bb14153ac4af1122dd145a3e.png
  &amp#27;[32mWhen &amp#27;[0m&amp#27;[32mI click login button&amp#27;[0m                                   &amp#27;[90m# starter.stepdefintions.LoginSteps.clickLoginButton()&amp#27;[0m
02:24:30.163 [Forwarding getPageSource on session fede1334dec9f1aa5f4050d74bad3f8c to remote] DEBUG org.asynchttpclient.netty.request.NettyRequestSender - Using pooled Channel '[id: 0x2598873f, L:/127.0.0.1:60452 - R:localhost/127.0.0.1:5193]' for 'POST' to 'http://localhost:5193/session/fede1334dec9f1aa5f4050d74bad3f8c/execute/sync'
02:24:30.163 [Forwarding getPageSource on session fede1334dec9f1aa5f4050d74bad3f8c to remote] DEBUG org.asynchttpclient.netty.request.NettyRequestSender - Using open Channel [id: 0x2598873f, L:/127.0.0.1:60452 - R:localhost/127.0.0.1:5193] for POST '/session/fede1334dec9f1aa5f4050d74bad3f8c/execute/sync'
02:24:30.171 [AsyncHttpClient-1-2] DEBUG org.asynchttpclient.netty.handler.HttpHandler - 

Request DefaultHttpRequest(decodeResult: success, version: HTTP/1.1)
POST /session/fede1334dec9f1aa5f4050d74bad3f8c/execute/sync HTTP/1.1
User-Agent: selenium/4.8.1 (java windows)
Content-Length: 176
Content-Type: application/json; charset=utf-8
host: localhost:5193
accept: */*

Response DefaultHttpResponse(decodeResult: success, version: HTTP/1.1)
HTTP/1.1 200 OK
Content-Length: 96996
Content-Type: application/json; charset=utf-8
cache-control: no-cache

02:24:30.172 [AsyncHttpClient-1-2] DEBUG org.asynchttpclient.netty.channel.ChannelManager - Adding key: http://localhost:5193 for channel [id: 0x2598873f, L:/127.0.0.1:60452 - R:localhost/127.0.0.1:5193]
02:24:30.182 [Forwarding getCurrentUrl on session fede1334dec9f1aa5f4050d74bad3f8c to remote] DEBUG org.asynchttpclient.netty.request.NettyRequestSender - Using pooled Channel '[id: 0x2598873f, L:/127.0.0.1:60452 - R:localhost/127.0.0.1:5193]' for 'GET' to 'http://localhost:5193/session/fede1334dec9f1aa5f4050d74bad3f8c/url'
02:24:30.182 [Forwarding getCurrentUrl on session fede1334dec9f1aa5f4050d74bad3f8c to remote] DEBUG org.asynchttpclient.netty.request.NettyRequestSender - Using open Channel [id: 0x2598873f, L:/127.0.0.1:60452 - R:localhost/127.0.0.1:5193] for GET '/session/fede1334dec9f1aa5f4050d74bad3f8c/url'
02:24:30.186 [AsyncHttpClient-1-2] DEBUG org.asynchttpclient.netty.handler.HttpHandler - 

Request DefaultFullHttpRequest(decodeResult: success, version: HTTP/1.1, content: EmptyByteBufBE)
GET /session/fede1334dec9f1aa5f4050d74bad3f8c/url HTTP/1.1
User-Agent: selenium/4.8.1 (java windows)
Cache-Control: no-cache
Content-Type: application/json; charset=utf-8
host: localhost:5193
accept: */*

Response DefaultHttpResponse(decodeResult: success, version: HTTP/1.1)
HTTP/1.1 200 OK
Content-Length: 42
Content-Type: application/json; charset=utf-8
cache-control: no-cache

02:24:30.186 [AsyncHttpClient-1-2] DEBUG org.asynchttpclient.netty.channel.ChannelManager - Adding key: http://localhost:5193 for channel [id: 0x2598873f, L:/127.0.0.1:60452 - R:localhost/127.0.0.1:5193]
02:24:30.198 [Forwarding getPageSource on session fede1334dec9f1aa5f4050d74bad3f8c to remote] DEBUG org.asynchttpclient.netty.request.NettyRequestSender - Using pooled Channel '[id: 0x2598873f, L:/127.0.0.1:60452 - R:localhost/127.0.0.1:5193]' for 'POST' to 'http://localhost:5193/session/fede1334dec9f1aa5f4050d74bad3f8c/execute/sync'
02:24:30.198 [Forwarding getPageSource on session fede1334dec9f1aa5f4050d74bad3f8c to remote] DEBUG org.asynchttpclient.netty.request.NettyRequestSender - Using open Channel [id: 0x2598873f, L:/127.0.0.1:60452 - R:localhost/127.0.0.1:5193] for POST '/session/fede1334dec9f1aa5f4050d74bad3f8c/execute/sync'
02:24:30.208 [AsyncHttpClient-1-2] DEBUG org.asynchttpclient.netty.handler.HttpHandler - 

Request DefaultHttpRequest(decodeResult: success, version: HTTP/1.1)
POST /session/fede1334dec9f1aa5f4050d74bad3f8c/execute/sync HTTP/1.1
User-Agent: selenium/4.8.1 (java windows)
Content-Length: 176
Content-Type: application/json; charset=utf-8
host: localhost:5193
accept: */*

Response DefaultHttpResponse(decodeResult: success, version: HTTP/1.1)
HTTP/1.1 200 OK
Content-Length: 96996
Content-Type: application/json; charset=utf-8
cache-control: no-cache

02:24:30.209 [AsyncHttpClient-1-2] DEBUG org.asynchttpclient.netty.channel.ChannelManager - Adding key: http://localhost:5193 for channel [id: 0x2598873f, L:/127.0.0.1:60452 - R:localhost/127.0.0.1:5193]
02:24:30.215 [Forwarding getCurrentUrl on session fede1334dec9f1aa5f4050d74bad3f8c to remote] DEBUG org.asynchttpclient.netty.request.NettyRequestSender - Using pooled Channel '[id: 0x2598873f, L:/127.0.0.1:60452 - R:localhost/127.0.0.1:5193]' for 'GET' to 'http://localhost:5193/session/fede1334dec9f1aa5f4050d74bad3f8c/url'
02:24:30.215 [Forwarding getCurrentUrl on session fede1334dec9f1aa5f4050d74bad3f8c to remote] DEBUG org.asynchttpclient.netty.request.NettyRequestSender - Using open Channel [id: 0x2598873f, L:/127.0.0.1:60452 - R:localhost/127.0.0.1:5193] for GET '/session/fede1334dec9f1aa5f4050d74bad3f8c/url'
02:24:30.218 [AsyncHttpClient-1-2] DEBUG org.asynchttpclient.netty.handler.HttpHandler - 

Request DefaultFullHttpRequest(decodeResult: success, version: HTTP/1.1, content: EmptyByteBufBE)
GET /session/fede1334dec9f1aa5f4050d74bad3f8c/url HTTP/1.1
User-Agent: selenium/4.8.1 (java windows)
Cache-Control: no-cache
Content-Type: application/json; charset=utf-8
host: localhost:5193
accept: */*

Response DefaultHttpResponse(decodeResult: success, version: HTTP/1.1)
HTTP/1.1 200 OK
Content-Length: 42
Content-Type: application/json; charset=utf-8
cache-control: no-cache

02:24:30.219 [AsyncHttpClient-1-2] DEBUG org.asynchttpclient.netty.channel.ChannelManager - Adding key: http://localhost:5193 for channel [id: 0x2598873f, L:/127.0.0.1:60452 - R:localhost/127.0.0.1:5193]
02:24:30.221 [main] DEBUG net.thucydides.core.steps.StepInterceptor - STARTING STEP: LoginSteps.inputEmail - inputEmail
02:24:30.227 [Forwarding findElement on session fede1334dec9f1aa5f4050d74bad3f8c to remote] DEBUG org.asynchttpclient.netty.request.NettyRequestSender - Using pooled Channel '[id: 0x2598873f, L:/127.0.0.1:60452 - R:localhost/127.0.0.1:5193]' for 'POST' to 'http://localhost:5193/session/fede1334dec9f1aa5f4050d74bad3f8c/element'
02:24:30.227 [Forwarding findElement on session fede1334dec9f1aa5f4050d74bad3f8c to remote] DEBUG org.asynchttpclient.netty.request.NettyRequestSender - Using open Channel [id: 0x2598873f, L:/127.0.0.1:60452 - R:localhost/127.0.0.1:5193] for POST '/session/fede1334dec9f1aa5f4050d74bad3f8c/element'
02:24:30.239 [AsyncHttpClient-1-2] DEBUG org.asynchttpclient.netty.handler.HttpHandler - 

Request DefaultHttpRequest(decodeResult: success, version: HTTP/1.1)
POST /session/fede1334dec9f1aa5f4050d74bad3f8c/element HTTP/1.1
User-Agent: selenium/4.8.1 (java windows)
Content-Length: 50
Content-Type: application/json; charset=utf-8
host: localhost:5193
accept: */*

Response DefaultHttpResponse(decodeResult: success, version: HTTP/1.1)
HTTP/1.1 200 OK
Content-Length: 88
Content-Type: application/json; charset=utf-8
cache-control: no-cache

02:24:30.239 [AsyncHttpClient-1-2] DEBUG org.asynchttpclient.netty.channel.ChannelManager - Adding key: http://localhost:5193 for channel [id: 0x2598873f, L:/127.0.0.1:60452 - R:localhost/127.0.0.1:5193]
02:24:30.241 [Forwarding clearElement on session fede1334dec9f1aa5f4050d74bad3f8c to remote] DEBUG org.asynchttpclient.netty.request.NettyRequestSender - Using pooled Channel '[id: 0x2598873f, L:/127.0.0.1:60452 - R:localhost/127.0.0.1:5193]' for 'POST' to 'http://localhost:5193/session/fede1334dec9f1aa5f4050d74bad3f8c/element/a4426598-911b-43d2-ad64-9b062cc7e17c/clear'
02:24:30.241 [Forwarding clearElement on session fede1334dec9f1aa5f4050d74bad3f8c to remote] DEBUG org.asynchttpclient.netty.request.NettyRequestSender - Using open Channel [id: 0x2598873f, L:/127.0.0.1:60452 - R:localhost/127.0.0.1:5193] for POST '/session/fede1334dec9f1aa5f4050d74bad3f8c/element/a4426598-911b-43d2-ad64-9b062cc7e17c/clear'
02:24:30.274 [AsyncHttpClient-1-2] DEBUG org.asynchttpclient.netty.handler.HttpHandler - 

Request DefaultHttpRequest(decodeResult: success, version: HTTP/1.1)
POST /session/fede1334dec9f1aa5f4050d74bad3f8c/element/a4426598-911b-43d2-ad64-9b062cc7e17c/clear HTTP/1.1
User-Agent: selenium/4.8.1 (java windows)
Content-Length: 50
Content-Type: application/json; charset=utf-8
host: localhost:5193
accept: */*

Response DefaultHttpResponse(decodeResult: success, version: HTTP/1.1)
HTTP/1.1 200 OK
Content-Length: 14
Content-Type: application/json; charset=utf-8
cache-control: no-cache

02:24:30.274 [AsyncHttpClient-1-2] DEBUG org.asynchttpclient.netty.channel.ChannelManager - Adding key: http://localhost:5193 for channel [id: 0x2598873f, L:/127.0.0.1:60452 - R:localhost/127.0.0.1:5193]
02:24:30.281 [Forwarding sendKeysToElement on session fede1334dec9f1aa5f4050d74bad3f8c to remote] DEBUG org.asynchttpclient.netty.request.NettyRequestSender - Using pooled Channel '[id: 0x2598873f, L:/127.0.0.1:60452 - R:localhost/127.0.0.1:5193]' for 'POST' to 'http://localhost:5193/session/fede1334dec9f1aa5f4050d74bad3f8c/element/a4426598-911b-43d2-ad64-9b062cc7e17c/value'
02:24:30.281 [Forwarding sendKeysToElement on session fede1334dec9f1aa5f4050d74bad3f8c to remote] DEBUG org.asynchttpclient.netty.request.NettyRequestSender - Using open Channel [id: 0x2598873f, L:/127.0.0.1:60452 - R:localhost/127.0.0.1:5193] for POST '/session/fede1334dec9f1aa5f4050d74bad3f8c/element/a4426598-911b-43d2-ad64-9b062cc7e17c/value'
02:24:30.383 [AsyncHttpClient-1-2] DEBUG org.asynchttpclient.netty.handler.HttpHandler - 

Request DefaultHttpRequest(decodeResult: success, version: HTTP/1.1)
POST /session/fede1334dec9f1aa5f4050d74bad3f8c/element/a4426598-911b-43d2-ad64-9b062cc7e17c/value HTTP/1.1
User-Agent: selenium/4.8.1 (java windows)
Content-Length: 281
Content-Type: application/json; charset=utf-8
host: localhost:5193
accept: */*

Response DefaultHttpResponse(decodeResult: success, version: HTTP/1.1)
HTTP/1.1 200 OK
Content-Length: 14
Content-Type: application/json; charset=utf-8
cache-control: no-cache

02:24:30.383 [AsyncHttpClient-1-2] DEBUG org.asynchttpclient.netty.channel.ChannelManager - Adding key: http://localhost:5193 for channel [id: 0x2598873f, L:/127.0.0.1:60452 - R:localhost/127.0.0.1:5193]
02:24:30.393 [Forwarding getAlertText on session fede1334dec9f1aa5f4050d74bad3f8c to remote] DEBUG org.asynchttpclient.netty.request.NettyRequestSender - Using pooled Channel '[id: 0x2598873f, L:/127.0.0.1:60452 - R:localhost/127.0.0.1:5193]' for 'GET' to 'http://localhost:5193/session/fede1334dec9f1aa5f4050d74bad3f8c/alert/text'
02:24:30.393 [Forwarding getAlertText on session fede1334dec9f1aa5f4050d74bad3f8c to remote] DEBUG org.asynchttpclient.netty.request.NettyRequestSender - Using open Channel [id: 0x2598873f, L:/127.0.0.1:60452 - R:localhost/127.0.0.1:5193] for GET '/session/fede1334dec9f1aa5f4050d74bad3f8c/alert/text'
02:24:30.395 [AsyncHttpClient-1-2] DEBUG org.asynchttpclient.netty.handler.HttpHandler - 

Request DefaultFullHttpRequest(decodeResult: success, version: HTTP/1.1, content: EmptyByteBufBE)
GET /session/fede1334dec9f1aa5f4050d74bad3f8c/alert/text HTTP/1.1
User-Agent: selenium/4.8.1 (java windows)
Cache-Control: no-cache
Content-Type: application/json; charset=utf-8
host: localhost:5193
accept: */*

Response DefaultHttpResponse(decodeResult: success, version: HTTP/1.1)
HTTP/1.1 404 Not Found
Content-Length: 836
Content-Type: application/json; charset=utf-8
cache-control: no-cache

02:24:30.395 [AsyncHttpClient-1-2] DEBUG org.asynchttpclient.netty.channel.ChannelManager - Adding key: http://localhost:5193 for channel [id: 0x2598873f, L:/127.0.0.1:60452 - R:localhost/127.0.0.1:5193]
02:24:30.397 [Forwarding getCurrentUrl on session fede1334dec9f1aa5f4050d74bad3f8c to remote] DEBUG org.asynchttpclient.netty.request.NettyRequestSender - Using pooled Channel '[id: 0x2598873f, L:/127.0.0.1:60452 - R:localhost/127.0.0.1:5193]' for 'GET' to 'http://localhost:5193/session/fede1334dec9f1aa5f4050d74bad3f8c/url'
02:24:30.397 [Forwarding getCurrentUrl on session fede1334dec9f1aa5f4050d74bad3f8c to remote] DEBUG org.asynchttpclient.netty.request.NettyRequestSender - Using open Channel [id: 0x2598873f, L:/127.0.0.1:60452 - R:localhost/127.0.0.1:5193] for GET '/session/fede1334dec9f1aa5f4050d74bad3f8c/url'
02:24:30.400 [AsyncHttpClient-1-2] DEBUG org.asynchttpclient.netty.handler.HttpHandler - 

Request DefaultFullHttpRequest(decodeResult: success, version: HTTP/1.1, content: EmptyByteBufBE)
GET /session/fede1334dec9f1aa5f4050d74bad3f8c/url HTTP/1.1
User-Agent: selenium/4.8.1 (java windows)
Cache-Control: no-cache
Content-Type: application/json; charset=utf-8
host: localhost:5193
accept: */*

Response DefaultHttpResponse(decodeResult: success, version: HTTP/1.1)
HTTP/1.1 200 OK
Content-Length: 42
Content-Type: application/json; charset=utf-8
cache-control: no-cache

02:24:30.401 [AsyncHttpClient-1-2] DEBUG org.asynchttpclient.netty.channel.ChannelManager - Adding key: http://localhost:5193 for channel [id: 0x2598873f, L:/127.0.0.1:60452 - R:localhost/127.0.0.1:5193]
02:24:30.402 [Forwarding screenshot on session fede1334dec9f1aa5f4050d74bad3f8c to remote] DEBUG org.asynchttpclient.netty.request.NettyRequestSender - Using pooled Channel '[id: 0x2598873f, L:/127.0.0.1:60452 - R:localhost/127.0.0.1:5193]' for 'GET' to 'http://localhost:5193/session/fede1334dec9f1aa5f4050d74bad3f8c/screenshot'
02:24:30.402 [Forwarding screenshot on session fede1334dec9f1aa5f4050d74bad3f8c to remote] DEBUG org.asynchttpclient.netty.request.NettyRequestSender - Using open Channel [id: 0x2598873f, L:/127.0.0.1:60452 - R:localhost/127.0.0.1:5193] for GET '/session/fede1334dec9f1aa5f4050d74bad3f8c/screenshot'
02:24:30.561 [AsyncHttpClient-1-2] DEBUG org.asynchttpclient.netty.handler.HttpHandler - 

Request DefaultFullHttpRequest(decodeResult: success, version: HTTP/1.1, content: EmptyByteBufBE)
GET /session/fede1334dec9f1aa5f4050d74bad3f8c/screenshot HTTP/1.1
User-Agent: selenium/4.8.1 (java windows)
Cache-Control: no-cache
Content-Type: application/json; charset=utf-8
host: localhost:5193
accept: */*

Response DefaultHttpResponse(decodeResult: success, version: HTTP/1.1)
HTTP/1.1 200 OK
Content-Length: 281940
Content-Type: application/json; charset=utf-8
cache-control: no-cache

02:24:30.562 [AsyncHttpClient-1-2] DEBUG org.asynchttpclient.netty.channel.ChannelManager - Adding key: http://localhost:5193 for channel [id: 0x2598873f, L:/127.0.0.1:60452 - R:localhost/127.0.0.1:5193]
02:24:30.572 [main] DEBUG net.serenitybdd.core.photography.Darkroom - Send negative for processing for target\site\serenity\dc6b1848b47b087241969550b59f5c35d0565b61fc197048a2dcbd801a4abee3.png
02:24:30.572 [main] DEBUG net.thucydides.core.steps.StepInterceptor - STEP DONE: inputEmail
02:24:30.572 [Darkroom Processing Line] DEBUG net.serenitybdd.core.photography.DarkroomProcessingLine - Processing screenshot image in /var/screenshots/screenshot-17982460907348983567
02:24:30.572 [Darkroom Processing Line] DEBUG net.serenitybdd.core.photography.DarkroomProcessingLine - Saving screenshot to target\site\serenity\dc6b1848b47b087241969550b59f5c35d0565b61fc197048a2dcbd801a4abee3.png
  &amp#27;[32mAnd &amp#27;[0m&amp#27;[32mI enter correct email&amp#27;[0m                                   &amp#27;[90m# starter.stepdefintions.LoginSteps.inputEmail()&amp#27;[0m
02:24:30.581 [Forwarding getPageSource on session fede1334dec9f1aa5f4050d74bad3f8c to remote] DEBUG org.asynchttpclient.netty.request.NettyRequestSender - Using pooled Channel '[id: 0x2598873f, L:/127.0.0.1:60452 - R:localhost/127.0.0.1:5193]' for 'POST' to 'http://localhost:5193/session/fede1334dec9f1aa5f4050d74bad3f8c/execute/sync'
02:24:30.581 [Forwarding getPageSource on session fede1334dec9f1aa5f4050d74bad3f8c to remote] DEBUG org.asynchttpclient.netty.request.NettyRequestSender - Using open Channel [id: 0x2598873f, L:/127.0.0.1:60452 - R:localhost/127.0.0.1:5193] for POST '/session/fede1334dec9f1aa5f4050d74bad3f8c/execute/sync'
02:24:30.590 [AsyncHttpClient-1-2] DEBUG org.asynchttpclient.netty.handler.HttpHandler - 

Request DefaultHttpRequest(decodeResult: success, version: HTTP/1.1)
POST /session/fede1334dec9f1aa5f4050d74bad3f8c/execute/sync HTTP/1.1
User-Agent: selenium/4.8.1 (java windows)
Content-Length: 176
Content-Type: application/json; charset=utf-8
host: localhost:5193
accept: */*

Response DefaultHttpResponse(decodeResult: success, version: HTTP/1.1)
HTTP/1.1 200 OK
Content-Length: 97040
Content-Type: application/json; charset=utf-8
cache-control: no-cache

02:24:30.591 [AsyncHttpClient-1-2] DEBUG org.asynchttpclient.netty.channel.ChannelManager - Adding key: http://localhost:5193 for channel [id: 0x2598873f, L:/127.0.0.1:60452 - R:localhost/127.0.0.1:5193]
02:24:30.596 [Forwarding getCurrentUrl on session fede1334dec9f1aa5f4050d74bad3f8c to remote] DEBUG org.asynchttpclient.netty.request.NettyRequestSender - Using pooled Channel '[id: 0x2598873f, L:/127.0.0.1:60452 - R:localhost/127.0.0.1:5193]' for 'GET' to 'http://localhost:5193/session/fede1334dec9f1aa5f4050d74bad3f8c/url'
02:24:30.596 [Forwarding getCurrentUrl on session fede1334dec9f1aa5f4050d74bad3f8c to remote] DEBUG org.asynchttpclient.netty.request.NettyRequestSender - Using open Channel [id: 0x2598873f, L:/127.0.0.1:60452 - R:localhost/127.0.0.1:5193] for GET '/session/fede1334dec9f1aa5f4050d74bad3f8c/url'
02:24:30.600 [AsyncHttpClient-1-2] DEBUG org.asynchttpclient.netty.handler.HttpHandler - 

Request DefaultFullHttpRequest(decodeResult: success, version: HTTP/1.1, content: EmptyByteBufBE)
GET /session/fede1334dec9f1aa5f4050d74bad3f8c/url HTTP/1.1
User-Agent: selenium/4.8.1 (java windows)
Cache-Control: no-cache
Content-Type: application/json; charset=utf-8
host: localhost:5193
accept: */*

Response DefaultHttpResponse(decodeResult: success, version: HTTP/1.1)
HTTP/1.1 200 OK
Content-Length: 42
Content-Type: application/json; charset=utf-8
cache-control: no-cache

02:24:30.600 [AsyncHttpClient-1-2] DEBUG org.asynchttpclient.netty.channel.ChannelManager - Adding key: http://localhost:5193 for channel [id: 0x2598873f, L:/127.0.0.1:60452 - R:localhost/127.0.0.1:5193]
02:24:30.613 [Forwarding getPageSource on session fede1334dec9f1aa5f4050d74bad3f8c to remote] DEBUG org.asynchttpclient.netty.request.NettyRequestSender - Using pooled Channel '[id: 0x2598873f, L:/127.0.0.1:60452 - R:localhost/127.0.0.1:5193]' for 'POST' to 'http://localhost:5193/session/fede1334dec9f1aa5f4050d74bad3f8c/execute/sync'
02:24:30.613 [Forwarding getPageSource on session fede1334dec9f1aa5f4050d74bad3f8c to remote] DEBUG org.asynchttpclient.netty.request.NettyRequestSender - Using open Channel [id: 0x2598873f, L:/127.0.0.1:60452 - R:localhost/127.0.0.1:5193] for POST '/session/fede1334dec9f1aa5f4050d74bad3f8c/execute/sync'
02:24:30.625 [AsyncHttpClient-1-2] DEBUG org.asynchttpclient.netty.handler.HttpHandler - 

Request DefaultHttpRequest(decodeResult: success, version: HTTP/1.1)
POST /session/fede1334dec9f1aa5f4050d74bad3f8c/execute/sync HTTP/1.1
User-Agent: selenium/4.8.1 (java windows)
Content-Length: 176
Content-Type: application/json; charset=utf-8
host: localhost:5193
accept: */*

Response DefaultHttpResponse(decodeResult: success, version: HTTP/1.1)
HTTP/1.1 200 OK
Content-Length: 97040
Content-Type: application/json; charset=utf-8
cache-control: no-cache

02:24:30.625 [AsyncHttpClient-1-2] DEBUG org.asynchttpclient.netty.channel.ChannelManager - Adding key: http://localhost:5193 for channel [id: 0x2598873f, L:/127.0.0.1:60452 - R:localhost/127.0.0.1:5193]
02:24:30.635 [Forwarding getCurrentUrl on session fede1334dec9f1aa5f4050d74bad3f8c to remote] DEBUG org.asynchttpclient.netty.request.NettyRequestSender - Using pooled Channel '[id: 0x2598873f, L:/127.0.0.1:60452 - R:localhost/127.0.0.1:5193]' for 'GET' to 'http://localhost:5193/session/fede1334dec9f1aa5f4050d74bad3f8c/url'
02:24:30.635 [Forwarding getCurrentUrl on session fede1334dec9f1aa5f4050d74bad3f8c to remote] DEBUG org.asynchttpclient.netty.request.NettyRequestSender - Using open Channel [id: 0x2598873f, L:/127.0.0.1:60452 - R:localhost/127.0.0.1:5193] for GET '/session/fede1334dec9f1aa5f4050d74bad3f8c/url'
02:24:30.678 [AsyncHttpClient-1-2] DEBUG org.asynchttpclient.netty.handler.HttpHandler - 

Request DefaultFullHttpRequest(decodeResult: success, version: HTTP/1.1, content: EmptyByteBufBE)
GET /session/fede1334dec9f1aa5f4050d74bad3f8c/url HTTP/1.1
User-Agent: selenium/4.8.1 (java windows)
Cache-Control: no-cache
Content-Type: application/json; charset=utf-8
host: localhost:5193
accept: */*

Response DefaultHttpResponse(decodeResult: success, version: HTTP/1.1)
HTTP/1.1 200 OK
Content-Length: 42
Content-Type: application/json; charset=utf-8
cache-control: no-cache

02:24:30.678 [AsyncHttpClient-1-2] DEBUG org.asynchttpclient.netty.channel.ChannelManager - Adding key: http://localhost:5193 for channel [id: 0x2598873f, L:/127.0.0.1:60452 - R:localhost/127.0.0.1:5193]
02:24:30.682 [main] DEBUG net.thucydides.core.steps.StepInterceptor - STARTING STEP: LoginSteps.inputPassword - inputPassword
02:24:30.686 [Forwarding findElement on session fede1334dec9f1aa5f4050d74bad3f8c to remote] DEBUG org.asynchttpclient.netty.request.NettyRequestSender - Using pooled Channel '[id: 0x2598873f, L:/127.0.0.1:60452 - R:localhost/127.0.0.1:5193]' for 'POST' to 'http://localhost:5193/session/fede1334dec9f1aa5f4050d74bad3f8c/element'
02:24:30.686 [Forwarding findElement on session fede1334dec9f1aa5f4050d74bad3f8c to remote] DEBUG org.asynchttpclient.netty.request.NettyRequestSender - Using open Channel [id: 0x2598873f, L:/127.0.0.1:60452 - R:localhost/127.0.0.1:5193] for POST '/session/fede1334dec9f1aa5f4050d74bad3f8c/element'
[...]
	at net.thucydides.core.steps.StepInterceptor.executeTestStepMethod(StepInterceptor.java:498)
	at net.thucydides.core.steps.StepInterceptor.runTestStep(StepInterceptor.java:472)
	at net.thucydides.core.steps.StepInterceptor.runOrSkipMethod(StepInterceptor.java:211)
	at net.thucydides.core.steps.StepInterceptor.testStepResult(StepInterceptor.java:198)
	at net.thucydides.core.steps.StepInterceptor.intercept(StepInterceptor.java:86)
	at net.thucydides.core.steps.ProxyConfiguration$InterceptorDispatcher.intercept(ProxyConfiguration.java:51)
	at alta@1.0-SNAPSHOT/starter.pages.HomePage$ByteBuddy$bDnl9xQ4.clickProductItem(Unknown Source)
	at alta@1.0-SNAPSHOT/starter.stepdefintions.SelectProductSteps.clickIsiPulsa(SelectProductSteps.java:31)
	at ✽.I click Isi Pulsa product(file:///C:/Users/Bunayya%20Zulfikar/Downloads/Compressed/zip/Prioritas2/alta/src/test/resources/features/SelectProduct.feature:5)
Caused by: org.openqa.selenium.TimeoutException: Expected condition failed: waiting for By.id: product_type_0 to be enabled (tried for 5 second(s) with 100 milliseconds interval)
	at org.openqa.selenium.support.ui.FluentWait.timeoutException(FluentWait.java:263)
	at org.openqa.selenium.support.ui.FluentWait.until(FluentWait.java:231)
	at net.serenitybdd.core.pages.WebElementFacadeImpl.waitUntilEnabled(WebElementFacadeImpl.java:1119)
	at net.serenitybdd.core.pages.WebElementFacadeImpl.waitUntilElementAvailable(WebElementFacadeImpl.java:906)
	at net.serenitybdd.core.pages.WebElementFacadeImpl.click(WebElementFacadeImpl.java:1204)
	at net.serenitybdd.core.pages.WebElementFacadeImpl.click(WebElementFacadeImpl.java:1224)
	at alta@1.0-SNAPSHOT/starter.pages.HomePage.clickProductItem(HomePage.java:21)
	at alta@1.0-SNAPSHOT/starter.pages.HomePage$ByteBuddy$bDnl9xQ4.clickProductItem$accessor$bdNP5XxI(Unknown Source)
	at java.base/jdk.internal.reflect.DirectMethodHandleAccessor.invoke(DirectMethodHandleAccessor.java:104)
	at java.base/java.lang.reflect.Method.invoke(Method.java:577)
	at net.thucydides.core.steps.StepInterceptor.invokeMethod(StepInterceptor.java:518)
	at net.thucydides.core.steps.StepInterceptor.executeTestStepMethod(StepInterceptor.java:498)
	at net.thucydides.core.steps.StepInterceptor.runTestStep(StepInterceptor.java:472)
	at net.thucydides.core.steps.StepInterceptor.runOrSkipMethod(StepInterceptor.java:211)
	at net.thucydides.core.steps.StepInterceptor.testStepResult(StepInterceptor.java:198)
	at net.thucydides.core.steps.StepInterceptor.intercept(StepInterceptor.java:86)
	at net.thucydides.core.steps.ProxyConfiguration$InterceptorDispatcher.intercept(ProxyConfiguration.java:51)
	at alta@1.0-SNAPSHOT/starter.pages.HomePage$ByteBuddy$bDnl9xQ4.clickProductItem(Unknown Source)
	at alta@1.0-SNAPSHOT/starter.stepdefintions.SelectProductSteps.clickIsiPulsa(SelectProductSteps.java:31)
	at java.base/jdk.internal.reflect.DirectMethodHandleAccessor.invoke(DirectMethodHandleAccessor.java:104)
	at java.base/java.lang.reflect.Method.invoke(Method.java:577)
	at io.cucumber.java.Invoker.doInvoke(Invoker.java:66)
	at io.cucumber.java.Invoker.invoke(Invoker.java:24)
	at io.cucumber.java.AbstractGlueDefinition.invokeMethod(AbstractGlueDefinition.java:47)
	at io.cucumber.java.JavaStepDefinition.execute(JavaStepDefinition.java:29)
	at io.cucumber.core.runner.CoreStepDefinition.execute(CoreStepDefinition.java:66)
	at io.cucumber.core.runner.PickleStepDefinitionMatch.runStep(PickleStepDefinitionMatch.java:63)
	at io.cucumber.core.runner.ExecutionMode$1.execute(ExecutionMode.java:10)
	at io.cucumber.core.runner.TestStep.executeStep(TestStep.java:84)
	at io.cucumber.core.runner.TestStep.run(TestStep.java:56)
	at io.cucumber.core.runner.PickleStepTestStep.run(PickleStepTestStep.java:51)
	at io.cucumber.core.runner.TestCase.run(TestCase.java:84)
	at io.cucumber.core.runner.Runner.runPickle(Runner.java:75)
	at io.cucumber.junit.PickleRunners$NoStepDescriptions.lambda$run$0(PickleRunners.java:151)
	at io.cucumber.core.runtime.CucumberExecutionContext.lambda$runTestCase$5(CucumberExecutionContext.java:130)
	at io.cucumber.core.runtime.RethrowingThrowableCollector.executeAndThrow(RethrowingThrowableCollector.java:23)
	at io.cucumber.core.runtime.CucumberExecutionContext.runTestCase(CucumberExecutionContext.java:130)
	at io.cucumber.junit.PickleRunners$NoStepDescriptions.run(PickleRunners.java:148)
	at io.cucumber.junit.FeatureRunner.runChild(FeatureRunner.java:144)
	at io.cucumber.junit.FeatureRunner.runChild(FeatureRunner.java:28)
	at org.junit.runners.ParentRunner$4.run(ParentRunner.java:331)
	at org.junit.runners.ParentRunner$1.schedule(ParentRunner.java:79)
	at org.junit.runners.ParentRunner.runChildren(ParentRunner.java:329)
	at org.junit.runners.ParentRunner.access$100(ParentRunner.java:66)
	at org.junit.runners.ParentRunner$2.evaluate(ParentRunner.java:293)
	at org.junit.runners.ParentRunner$3.evaluate(ParentRunner.java:306)
	at org.junit.runners.ParentRunner.run(ParentRunner.java:413)
	at io.cucumber.junit.FeatureRunner.run(FeatureRunner.java:137)
	at io.cucumber.junit.CucumberSerenityBaseRunner.runChild(CucumberSerenityBaseRunner.java:330)
	at io.cucumber.junit.CucumberSerenityBaseRunner.runChild(CucumberSerenityBaseRunner.java:51)
	at org.junit.runners.ParentRunner$4.run(ParentRunner.java:331)
	at org.junit.runners.ParentRunner$1.schedule(ParentRunner.java:79)
	at org.junit.runners.ParentRunner.runChildren(ParentRunner.java:329)
	at org.junit.runners.ParentRunner.access$100(ParentRunner.java:66)
	at org.junit.runners.ParentRunner$2.evaluate(ParentRunner.java:293)
	at io.cucumber.junit.CucumberSerenityBaseRunner$RunCucumber.evaluate(CucumberSerenityBaseRunner.java:361)
	at org.junit.runners.ParentRunner$3.evaluate(ParentRunner.java:306)
	at org.junit.runners.ParentRunner.run(ParentRunner.java:413)
	at org.junit.runner.JUnitCore.run(JUnitCore.java:137)
	at org.junit.runner.JUnitCore.run(JUnitCore.java:115)
	at org.junit.vintage.engine.execution.RunnerExecutor.execute(RunnerExecutor.java:42)
	at org.junit.vintage.engine.VintageTestEngine.executeAllChildren(VintageTestEngine.java:80)
	at org.junit.vintage.engine.VintageTestEngine.execute(VintageTestEngine.java:72)
	at org.junit.platform.launcher.core.EngineExecutionOrchestrator.execute(EngineExecutionOrchestrator.java:107)
	at org.junit.platform.launcher.core.EngineExecutionOrchestrator.execute(EngineExecutionOrchestrator.java:88)
	at org.junit.platform.launcher.core.EngineExecutionOrchestrator.lambda$execute$0(EngineExecutionOrchestrator.java:54)
	at org.junit.platform.launcher.core.EngineExecutionOrchestrator.withInterceptedStreams(EngineExecutionOrchestrator.java:67)
	at org.junit.platform.launcher.core.EngineExecutionOrchestrator.execute(EngineExecutionOrchestrator.java:52)
	at org.junit.platform.launcher.core.DefaultLauncher.execute(DefaultLauncher.java:114)
	at org.junit.platform.launcher.core.DefaultLauncher.execute(DefaultLauncher.java:86)
	at org.junit.platform.launcher.core.DefaultLauncherSession$DelegatingLauncher.execute(DefaultLauncherSession.java:86)
	at org.junit.platform.launcher.core.SessionPerRequestLauncher.execute(SessionPerRequestLauncher.java:53)
	at org.apache.maven.surefire.junitplatform.JUnitPlatformProvider.execute(JUnitPlatformProvider.java:188)
	at org.apache.maven.surefire.junitplatform.JUnitPlatformProvider.invokeAllTests(JUnitPlatformProvider.java:154)
	at org.apache.maven.surefire.junitplatform.JUnitPlatformProvider.invoke(JUnitPlatformProvider.java:128)
	at org.apache.maven.surefire.booter.ForkedBooter.runSuitesInProcess(ForkedBooter.java:428)
	at org.apache.maven.surefire.booter.ForkedBooter.execute(ForkedBooter.java:162)
	at org.apache.maven.surefire.booter.ForkedBooter.run(ForkedBooter.java:562)
	at org.apache.maven.surefire.booter.ForkedBooter.main(ForkedBooter.java:548)
Caused by: org.openqa.selenium.NoSuchElementException: no such element: Unable to locate element: {"method":"css selector","selector":"#product_type_0"}
  (Session info: chrome=111.0.5563.147)
For documentation on this error, please visit: https://selenium.dev/exceptions/#no_such_element
Build info: version: '4.8.1', revision: '8ebccac989'
System info: os.name: 'Windows 10', os.arch: 'amd64', os.version: '10.0', java.version: '18.0.1.1'
Driver info: org.openqa.selenium.chrome.ChromeDriver
Command: [94eb8e2f3398ff578836789d0a15ee0a, findElement {using=id, value=product_type_0}]
Capabilities {acceptInsecureCerts: false, browserName: chrome, browserVersion: 111.0.5563.147, chrome: {chromedriverVersion: 111.0.5563.64 (c710e93d5b63..., userDataDir: C:\Users\BUNAYY~1\AppData\L...}, goog:chromeOptions: {debuggerAddress: localhost:60578}, networkConnectionEnabled: false, pageLoadStrategy: normal, platformName: WINDOWS, proxy: Proxy(), se:cdp: ws://localhost:60578/devtoo..., se:cdpVersion: 111.0.5563.147, setWindowRect: true, strictFileInteractability: false, timeouts: {implicit: 0, pageLoad: 300000, script: 30000}, unhandledPromptBehavior: dismiss and notify, webauthn:extension:credBlob: true, webauthn:extension:largeBlob: true, webauthn:extension:minPinLength: true, webauthn:extension:prf: true, webauthn:virtualAuthenticators: true}
Session ID: 94eb8e2f3398ff578836789d0a15ee0a
	at java.base/jdk.internal.reflect.DirectConstructorHandleAccessor.newInstance(DirectConstructorHandleAccessor.java:67)
	at java.base/java.lang.reflect.Constructor.newInstanceWithCaller(Constructor.java:499)
	at java.base/java.lang.reflect.Constructor.newInstance(Constructor.java:483)
	at org.openqa.selenium.remote.codec.w3c.W3CHttpResponseCodec.createException(W3CHttpResponseCodec.java:200)
	at org.openqa.selenium.remote.codec.w3c.W3CHttpResponseCodec.decode(W3CHttpResponseCodec.java:133)
	at org.openqa.selenium.remote.codec.w3c.W3CHttpResponseCodec.decode(W3CHttpResponseCodec.java:53)
	at org.openqa.selenium.remote.HttpCommandExecutor.execute(HttpCommandExecutor.java:184)
	at org.openqa.selenium.remote.service.DriverCommandExecutor.invokeExecute(DriverCommandExecutor.java:167)
	at org.openqa.selenium.remote.service.DriverCommandExecutor.execute(DriverCommandExecutor.java:142)
	at org.openqa.selenium.remote.RemoteWebDriver.execute(RemoteWebDriver.java:543)
	at org.openqa.selenium.remote.ElementLocation$ElementFinder$2.findElement(ElementLocation.java:162)
	at org.openqa.selenium.remote.ElementLocation.findElement(ElementLocation.java:60)
	at org.openqa.selenium.remote.RemoteWebDriver.findElement(RemoteWebDriver.java:352)
	at org.openqa.selenium.remote.RemoteWebDriver.findElement(RemoteWebDriver.java:344)
	at net.thucydides.core.webdriver.WebDriverFacade.findElement(WebDriverFacade.java:242)
	at net.serenitybdd.core.pages.WebElementResolverByLocator.resolveForDriver(WebElementResolverByLocator.java:25)
	at net.serenitybdd.core.pages.WebElementFacadeImpl.getResolvedElement(WebElementFacadeImpl.java:189)
	at net.serenitybdd.core.pages.WebElementFacadeImpl.getElement(WebElementFacadeImpl.java:184)
	at net.serenitybdd.core.pages.WebElementExpectations$3.apply(WebElementExpectations.java:63)
	at net.serenitybdd.core.pages.WebElementExpectations$3.apply(WebElementExpectations.java:55)
	at org.openqa.selenium.support.ui.FluentWait.until(FluentWait.java:208)
	... 77 more
&amp#27;[0m
  &amp#27;[36mAnd &amp#27;[0m&amp#27;[36mI enter correct nomor handphone&amp#27;[0m                           &amp#27;[90m# starter.stepdefintions.SelectProductSteps.inputNomorHandphone()&amp#27;[0m
  &amp#27;[36mThen &amp#27;[0m&amp#27;[36mI should be redirected to select nominal&amp#27;[0m                 &amp#27;[90m# starter.stepdefintions.SelectProductSteps.validateOnSelectNominal()&amp#27;[0m
02:24:59.953 [main] ERROR  - 
  _____   ___   ___   _____     ___     _     ___   _      ___   ___  
 |_   _| | __| / __| |_   _|   | __|   /_\   |_ _| | |    | __| |   \ 
   | |   | _|  \__ \   | |     | _|   / _ \   | |  | |__  | _|  | |) |
   |_|   |___| |___/   |_|     |_|   /_/ \_\ |___| |____| |___| |___/ 

Input correct nomor meter and correct nomor handphone
-----------------------------------------------------------------------
02:24:59.953 [main] DEBUG  - RELATED ISSUES: 
02:24:59.954 [main] ERROR  -     Test failed at step: Click product item
02:24:59.954 [main] ERROR  -     Expected enabled element was not enabled
02:24:59.957 [AsyncHttpClient-1-13] DEBUG org.asynchttpclient.netty.handler.WebSocketHandler - Channel Closed: [id: 0x8729108d, L:/127.0.0.1:60585 ! R:localhost/127.0.0.1:60578] with attribute NettyResponseFuture{currentRetry=0,
	isDone=1,
	isCancelled=0,
	asyncHandler=org.asynchttpclient.ws.WebSocketUpgradeHandler@5013de19,
	nettyRequest=org.asynchttpclient.netty.request.NettyRequest@15114a7f,
	future=java.util.concurrent.CompletableFuture@1256e549[Completed normally],
	uri=ws://localhost:60578/devtools/browser/e9a5668e-f7ea-4166-ba5b-7a082bd4dac8,
	keepAlive=true,
	redirectCount=0,
	timeoutsHolder=null,
	inAuth=0,
	touch=1680981893083}
02:24:59.957 [AsyncHttpClient-1-13] DEBUG org.asynchttpclient.netty.channel.ChannelManager - Closing Channel [id: 0x8729108d, L:/127.0.0.1:60585 ! R:localhost/127.0.0.1:60578] 
02:24:59.957 [Driver Command Executor] DEBUG org.asynchttpclient.netty.request.NettyRequestSender - Using pooled Channel '[id: 0x5620a98e, L:/127.0.0.1:60577 - R:localhost/127.0.0.1:39044]' for 'DELETE' to 'http://localhost:39044/session/94eb8e2f3398ff578836789d0a15ee0a'
02:24:59.957 [Driver Command Executor] DEBUG org.asynchttpclient.netty.request.NettyRequestSender - Using open Channel [id: 0x5620a98e, L:/127.0.0.1:60577 - R:localhost/127.0.0.1:39044] for DELETE '/session/94eb8e2f3398ff578836789d0a15ee0a'
02:25:00.001 [AsyncHttpClient-1-12] DEBUG org.asynchttpclient.netty.handler.HttpHandler - Unexpected I/O exception on channel [id: 0xec5754c2, L:/127.0.0.1:60584 - R:localhost/127.0.0.1:60578]
java.net.SocketException: Connection reset
	at java.base/sun.nio.ch.SocketChannelImpl.throwConnectionReset(SocketChannelImpl.java:394)
	at java.base/sun.nio.ch.SocketChannelImpl.read(SocketChannelImpl.java:426)
	at io.netty.buffer.PooledByteBuf.setBytes(PooledByteBuf.java:259)
	at io.netty.buffer.AbstractByteBuf.writeBytes(AbstractByteBuf.java:1132)
	at io.netty.channel.socket.nio.NioSocketChannel.doReadBytes(NioSocketChannel.java:357)
	at io.netty.channel.nio.AbstractNioByteChannel$NioByteUnsafe.read(AbstractNioByteChannel.java:151)
	at io.netty.channel.nio.NioEventLoop.processSelectedKey(NioEventLoop.java:788)
	at io.netty.channel.nio.NioEventLoop.processSelectedKeysOptimized(NioEventLoop.java:724)
	at io.netty.channel.nio.NioEventLoop.processSelectedKeys(NioEventLoop.java:650)
	at io.netty.channel.nio.NioEventLoop.run(NioEventLoop.java:562)
	at io.netty.util.concurrent.SingleThreadEventExecutor$4.run(SingleThreadEventExecutor.java:997)
	at io.netty.util.internal.ThreadExecutorMap$2.run(ThreadExecutorMap.java:74)
	at io.netty.util.concurrent.FastThreadLocalRunnable.run(FastThreadLocalRunnable.java:30)
	at java.base/java.lang.Thread.run(Thread.java:833)
02:25:00.001 [AsyncHttpClient-1-12] DEBUG org.asynchttpclient.netty.channel.ChannelManager - Closing Channel [id: 0xec5754c2, L:/127.0.0.1:60584 - R:localhost/127.0.0.1:60578] 
02:25:00.002 [AsyncHttpClient-1-12] DEBUG org.asynchttpclient.netty.handler.HttpHandler - Channel Closed: [id: 0xec5754c2, L:/127.0.0.1:60584 ! R:localhost/127.0.0.1:60578] with attribute DISCARD
02:25:00.015 [AsyncHttpClient-1-11] DEBUG org.asynchttpclient.netty.handler.HttpHandler - 

Request DefaultFullHttpRequest(decodeResult: success, version: HTTP/1.1, content: EmptyByteBufBE)
DELETE /session/94eb8e2f3398ff578836789d0a15ee0a HTTP/1.1
User-Agent: selenium/4.8.1 (java windows)
Content-Type: application/json; charset=utf-8
host: localhost:39044
accept: */*

Response DefaultHttpResponse(decodeResult: success, version: HTTP/1.1)
HTTP/1.1 200 OK
Content-Length: 14
Content-Type: application/json; charset=utf-8
cache-control: no-cache

02:25:00.015 [AsyncHttpClient-1-11] DEBUG org.asynchttpclient.netty.channel.ChannelManager - Adding key: http://localhost:39044 for channel [id: 0x5620a98e, L:/127.0.0.1:60577 - R:localhost/127.0.0.1:39044]
02:25:00.103 [AsyncHttpClient-1-11] DEBUG org.asynchttpclient.netty.handler.HttpHandler - Channel Closed: [id: 0x5620a98e, L:/127.0.0.1:60577 ! R:localhost/127.0.0.1:39044] with attribute DISCARD
]]></system-out>
    <system-err><![CDATA[Starting ChromeDriver 111.0.5563.64 (c710e93d5b63b7095afe8c2c17df34408078439d-refs/branch-heads/5563@{#995}) on port 39044
Only local connections are allowed.
Please see https://chromedriver.chromium.org/security-considerations for suggestions on keeping ChromeDriver safe.
ChromeDriver was started successfully.
Apr 09, 2023 2:24:53 AM org.openqa.selenium.devtools.CdpVersionFinder findNearestMatch
WARNING: Unable to find an exact match for CDP version 111, so returning the closest version found: 110
]]></system-err>
  </testcase>
  <testcase name="Input invalid nomor handphone" classname="Select Product ListrikPLN" time="0.078">
    <error type="io.cucumber.junit.UndefinedStepException"><![CDATA[io.cucumber.junit.UndefinedStepException: 
The step 'I click nominal pulsa' is undefined.
You can implement this step using the snippet(s) below:

@When("I click nominal pulsa")
public void i_click_nominal_pulsa() {
    // Write code here that turns the phrase above into concrete actions
    throw new io.cucumber.java.PendingException();
}

]]></error>
    <system-out><![CDATA[
Scenario: Input invalid nomor handphone &amp#27;[90m# src/test/resources/features/SelectProduct.feature:9&amp#27;[0m
02:25:00.170 [main] DEBUG io.cucumber.core.plugin.SerenityReporter - Running feature from file:///C:/Users/Bunayya%20Zulfikar/Downloads/Compressed/zip/Prioritas2/alta/src/test/resources/features/SelectProduct.feature
02:25:00.175 [main] INFO  - 
  _____   ___   ___   _____     ___   _____     _     ___   _____   ___   ___  
 |_   _| | __| / __| |_   _|   / __| |_   _|   /_\   | _ \ |_   _| | __| |   \ 
   | |   | _|  \__ \   | |     \__ \   | |    / _ \  |   /   | |   | _|  | |) |
   |_|   |___| |___/   |_|     |___/   |_|   /_/ \_\ |_|_\   |_|   |___| |___/ 

Input invalid nomor handphone(select-product-listrikpln;input-invalid-nomor-handphone)
--------------------------------------------------------------------------------
02:25:00.211 [main] DEBUG net.thucydides.core.steps.StepInterceptor - STARTING STEP: SelectProductSteps.clickIsiPulsa - clickProductItem
02:25:00.217 [main] DEBUG net.thucydides.core.steps.StepInterceptor - STEP DONE: clickProductItem
  &amp#27;[32mGiven &amp#27;[0m&amp#27;[32mI click Isi Pulsa product&amp#27;[0m       &amp#27;[90m# starter.stepdefintions.SelectProductSteps.clickIsiPulsa()&amp#27;[0m
02:25:00.222 [main] DEBUG net.thucydides.core.steps.StepInterceptor - STARTING STEP: SelectProductSteps.inputIncorrectNomorHandphone - inputNomorHandphone
02:25:00.224 [main] DEBUG net.thucydides.core.steps.StepInterceptor - STEP DONE: inputNomorHandphone
  &amp#27;[32mAnd &amp#27;[0m&amp#27;[32mI enter invalid nomor handphone&amp#27;[0m   &amp#27;[90m# starter.stepdefintions.SelectProductSteps.inputIncorrectNomorHandphone()&amp#27;[0m
  &amp#27;[33mWhen &amp#27;[0m&amp#27;[33mI click nominal pulsa&amp#27;[0m
  &amp#27;[36mThen &amp#27;[0m&amp#27;[36mI should see the warning message&amp#27;[0m &amp#27;[90m# starter.stepdefintions.SelectProductSteps.validateWarningMessage()&amp#27;[0m
02:25:00.231 [main] INFO  - 
  _____   ___   ___   _____     ___   ___   _  _   ___    ___   _  _    ___ 
 |_   _| | __| / __| |_   _|   | _ \ | __| | \| | |   \  |_ _| | \| |  / __|
   | |   | _|  \__ \   | |     |  _/ | _|  | .` | | |) |  | |  | .` | | (_ |
   |_|   |___| |___/   |_|     |_|   |___| |_|\_| |___/  |___| |_|\_|  \___|

Input invalid nomor handphone
-----------------------------------------------------------------------------
]]></system-out>
  </testcase>
</testsuite>